<?xml version="1.0" encoding="UTF-8"?>
<robot generator="Robot 3.2.1 (Python 3.8.3 on win32)" generated="20200905 21:22:28.473" rpa="false">
<suite id="s1" name="Exclusao Clientes" source="C:\qaninja\ze-palheta\tests\exclusao_clientes.robot">
<kw name="Login Session" library="hooks" type="setup">
<kw name="Start Session" library="hooks">
<kw name="Open Browser" library="SeleniumLibrary">
<doc>Opens a new browser instance to the optional ``url``.</doc>
<arguments>
<arg>about:blank</arg>
<arg>chrome</arg>
</arguments>
<msg timestamp="20200905 21:22:28.755" level="INFO">Opening browser 'chrome' to base url 'about:blank'.</msg>
<status status="PASS" starttime="20200905 21:22:28.755" endtime="20200905 21:22:31.972"></status>
</kw>
<kw name="Maximize Browser Window" library="SeleniumLibrary">
<doc>Maximizes current browser window.</doc>
<status status="PASS" starttime="20200905 21:22:31.972" endtime="20200905 21:22:34.094"></status>
</kw>
<status status="PASS" starttime="20200905 21:22:28.755" endtime="20200905 21:22:34.094"></status>
</kw>
<kw name="Go To" library="SeleniumLibrary">
<doc>Navigates the current browser window to the provided ``url``.</doc>
<arguments>
<arg>${base_url}</arg>
</arguments>
<msg timestamp="20200905 21:22:34.094" level="INFO">Opening url 'http://zepalheta-web:3000'</msg>
<status status="PASS" starttime="20200905 21:22:34.094" endtime="20200905 21:22:35.210"></status>
</kw>
<kw name="Login With" library="LoginPage">
<arguments>
<arg>${admin_user}</arg>
<arg>${admin_pass}</arg>
</arguments>
<kw name="Input Text" library="SeleniumLibrary">
<doc>Types the given ``text`` into the text field identified by ``locator``.</doc>
<arguments>
<arg>id:txtEmail</arg>
<arg>${email}</arg>
</arguments>
<msg timestamp="20200905 21:22:35.211" level="INFO">Typing text 'admin@zepalheta.com.br' into text field 'id:txtEmail'.</msg>
<status status="PASS" starttime="20200905 21:22:35.211" endtime="20200905 21:22:36.009"></status>
</kw>
<kw name="Input Text" library="SeleniumLibrary">
<doc>Types the given ``text`` into the text field identified by ``locator``.</doc>
<arguments>
<arg>css:input[placeholder=Senha]</arg>
<arg>${password}</arg>
</arguments>
<msg timestamp="20200905 21:22:36.011" level="INFO">Typing text 'pwd123' into text field 'css:input[placeholder=Senha]'.</msg>
<status status="PASS" starttime="20200905 21:22:36.009" endtime="20200905 21:22:36.092"></status>
</kw>
<kw name="Click Element" library="SeleniumLibrary">
<doc>Click the element identified by ``locator``.</doc>
<arguments>
<arg>xpath://button[text()='Entrar']</arg>
</arguments>
<msg timestamp="20200905 21:22:36.093" level="INFO">Clicking element 'xpath://button[text()='Entrar']'.</msg>
<status status="PASS" starttime="20200905 21:22:36.092" endtime="20200905 21:22:36.141"></status>
</kw>
<status status="PASS" starttime="20200905 21:22:35.210" endtime="20200905 21:22:36.141"></status>
</kw>
<status status="PASS" starttime="20200905 21:22:28.755" endtime="20200905 21:22:36.142"></status>
</kw>
<test id="s1-t1" name="Remover Cliente">
<kw name="Dado que eu tenho um cliente indesejado:">
<arguments>
<arg>Fernanda Nogueira</arg>
<arg>000.222.346-44</arg>
<arg>Rua dos Bugs, 2000</arg>
<arg>21988888888</arg>
</arguments>
<kw name="Remove Customer By Cpf" library="db">
<arguments>
<arg>${cpf}</arg>
</arguments>
<msg timestamp="20200905 21:22:36.165" level="INFO">delete from public.customers where cpf = '000.222.346-44';</msg>
<status status="PASS" starttime="20200905 21:22:36.143" endtime="20200905 21:22:36.166"></status>
</kw>
<kw name="Insert Customer" library="db">
<arguments>
<arg>${name}</arg>
<arg>${cpf}</arg>
<arg>${address}</arg>
<arg>${phone_number}</arg>
</arguments>
<msg timestamp="20200905 21:22:36.184" level="INFO">insert into public.customers(name, cpf, address, phone_number) values ('Fernanda Nogueira', '000.222.346-44', 'Rua dos Bugs, 2000', 21988888888);</msg>
<status status="PASS" starttime="20200905 21:22:36.166" endtime="20200905 21:22:36.184"></status>
</kw>
<status status="PASS" starttime="20200905 21:22:36.143" endtime="20200905 21:22:36.184"></status>
</kw>
<kw name="E acesso a lista de clientes">
<kw name="Go To Customers" library="Sidebar">
<kw name="Wait Until Element Is Visible" library="SeleniumLibrary">
<doc>Waits until the element ``locator`` is visible.</doc>
<arguments>
<arg>${NAV_CUSTOMERS}</arg>
<arg>5</arg>
</arguments>
<status status="PASS" starttime="20200905 21:22:36.186" endtime="20200905 21:22:36.469"></status>
</kw>
<kw name="Click Element" library="SeleniumLibrary">
<doc>Click the element identified by ``locator``.</doc>
<arguments>
<arg>${NAV_CUSTOMERS}</arg>
</arguments>
<msg timestamp="20200905 21:22:36.469" level="INFO">Clicking element 'css:a[href$=customers]'.</msg>
<status status="PASS" starttime="20200905 21:22:36.469" endtime="20200905 21:22:36.509"></status>
</kw>
<status status="PASS" starttime="20200905 21:22:36.185" endtime="20200905 21:22:36.509"></status>
</kw>
<status status="PASS" starttime="20200905 21:22:36.185" endtime="20200905 21:22:36.510"></status>
</kw>
<kw name="Quando eu removo o cliente">
<kw name="Wait Until Element Is Visible" library="SeleniumLibrary">
<doc>Waits until the element ``locator`` is visible.</doc>
<arguments>
<arg>xpath://td[text()='000.222.346-44']</arg>
<arg>5</arg>
</arguments>
<status status="PASS" starttime="20200905 21:22:36.512" endtime="20200905 21:22:36.747"></status>
</kw>
<kw name="Click Element" library="SeleniumLibrary">
<doc>Click the element identified by ``locator``.</doc>
<arguments>
<arg>xpath://td[text()='000.222.346-44']</arg>
</arguments>
<msg timestamp="20200905 21:22:36.747" level="INFO">Clicking element 'xpath://td[text()='000.222.346-44']'.</msg>
<status status="PASS" starttime="20200905 21:22:36.747" endtime="20200905 21:22:36.801"></status>
</kw>
<kw name="Wait Until Element Is Visible" library="SeleniumLibrary">
<doc>Waits until the element ``locator`` is visible.</doc>
<arguments>
<arg>xpath://button[text()='APAGAR']</arg>
<arg>5</arg>
</arguments>
<status status="PASS" starttime="20200905 21:22:36.801" endtime="20200905 21:22:37.053"></status>
</kw>
<kw name="Click Element" library="SeleniumLibrary">
<doc>Click the element identified by ``locator``.</doc>
<arguments>
<arg>xpath://button[text()='APAGAR']</arg>
</arguments>
<msg timestamp="20200905 21:22:37.054" level="INFO">Clicking element 'xpath://button[text()='APAGAR']'.</msg>
<status status="PASS" starttime="20200905 21:22:37.053" endtime="20200905 21:22:37.090"></status>
</kw>
<status status="PASS" starttime="20200905 21:22:36.511" endtime="20200905 21:22:37.090"></status>
</kw>
<kw name="Então devo ver a notificação:" library="kws">
<arguments>
<arg>Cliente removido com sucesso!</arg>
</arguments>
<kw name="Wait Until Element Contains" library="SeleniumLibrary">
<doc>Waits until the element ``locator`` contains ``text``.</doc>
<arguments>
<arg>${TOASTER_SUCCESS}</arg>
<arg>${expect_notice}</arg>
<arg>5</arg>
</arguments>
<status status="PASS" starttime="20200905 21:22:37.091" endtime="20200905 21:22:37.369"></status>
</kw>
<status status="PASS" starttime="20200905 21:22:37.091" endtime="20200905 21:22:37.370"></status>
</kw>
<status status="PASS" starttime="20200905 21:22:36.142" endtime="20200905 21:22:37.370" critical="yes"></status>
</test>
<kw name="Finish Session" library="hooks" type="teardown">
<kw name="Close Browser" library="SeleniumLibrary">
<doc>Closes the current browser.</doc>
<status status="PASS" starttime="20200905 21:22:37.373" endtime="20200905 21:22:39.493"></status>
</kw>
<status status="PASS" starttime="20200905 21:22:37.373" endtime="20200905 21:22:39.494"></status>
</kw>
<doc>Exclusão de Clientes</doc>
<status status="PASS" starttime="20200905 21:22:28.475" endtime="20200905 21:22:39.494"></status>
</suite>
<statistics>
<total>
<stat pass="1" fail="0">Critical Tests</stat>
<stat pass="1" fail="0">All Tests</stat>
</total>
<tag>
</tag>
<suite>
<stat pass="1" fail="0" id="s1" name="Exclusao Clientes">Exclusao Clientes</stat>
</suite>
</statistics>
<errors>
</errors>
</robot>
