<?xml version="1.0" encoding="UTF-8"?>
<robot generator="Robot 3.2.1 (Python 3.8.3 on win32)" generated="20201004 13:49:21.693" rpa="false">
<suite id="s1" name="Delete" source="C:\qaninja\ze-palheta\tests\api\customers\delete.robot">
<test id="s1-t1" name="Delete Customer">
<kw name="Get Json" library="helpers">
<arguments>
<arg>chimbinha.json</arg>
</arguments>
<assign>
<var>${origin}</var>
</assign>
<kw name="Get File" library="OperatingSystem">
<doc>Returns the contents of a specified file.</doc>
<arguments>
<arg>${EXECDIR}/resources/fixtures/customers/${file_name}</arg>
</arguments>
<assign>
<var>${json_file}</var>
</assign>
<msg timestamp="20201004 13:49:21.916" level="INFO" html="yes">Getting file '&lt;a href="file://C:\qaninja\ze-palheta\resources\fixtures\customers\chimbinha.json"&gt;C:\qaninja\ze-palheta\resources\fixtures\customers\chimbinha.json&lt;/a&gt;'.</msg>
<msg timestamp="20201004 13:49:21.917" level="INFO">${json_file} = {
	"name":"Chimbinha",
	"cpf":"604.040.020-05",
	"address":"Rua dos Bugs, 1000",
	"phone_number":"(11) 9.9999-9999"
}</msg>
<status status="PASS" starttime="20201004 13:49:21.916" endtime="20201004 13:49:21.917"></status>
</kw>
<kw name="Evaluate" library="BuiltIn">
<doc>Evaluates the given expression in Python and returns the result.</doc>
<arguments>
<arg>json.loads($json_file)</arg>
<arg>json</arg>
</arguments>
<assign>
<var>${json_dict}</var>
</assign>
<msg timestamp="20201004 13:49:21.922" level="INFO">${json_dict} = {'name': 'Chimbinha', 'cpf': '604.040.020-05', 'address': 'Rua dos Bugs, 1000', 'phone_number': '(11) 9.9999-9999'}</msg>
<status status="PASS" starttime="20201004 13:49:21.917" endtime="20201004 13:49:21.922"></status>
</kw>
<msg timestamp="20201004 13:49:21.922" level="INFO">${origin} = {'name': 'Chimbinha', 'cpf': '604.040.020-05', 'address': 'Rua dos Bugs, 1000', 'phone_number': '(11) 9.9999-9999'}</msg>
<status status="PASS" starttime="20201004 13:49:21.916" endtime="20201004 13:49:21.922"></status>
</kw>
<kw name="Delete Customer" library="services">
<arguments>
<arg>${origin['cpf']}</arg>
</arguments>
<kw name="Get Session Token" library="services">
<assign>
<var>${token}</var>
</assign>
<kw name="Post Session" library="services">
<arguments>
<arg>admin@zepalheta.com.br</arg>
<arg>pwd123</arg>
</arguments>
<assign>
<var>${resp}</var>
</assign>
<kw name="Create Session" library="RequestsLibrary">
<doc>Create Session: create a HTTP session to a server</doc>
<arguments>
<arg>zp-api</arg>
<arg>${base_api_url}</arg>
</arguments>
<msg timestamp="20201004 13:49:21.924" level="INFO">Creating Session using : alias=zp-api, url=http://zepalheta-api:3333, headers={},                     cookies={}, auth=None, timeout=None, proxies=None, verify=False,                     debug=0 </msg>
<status status="PASS" starttime="20201004 13:49:21.924" endtime="20201004 13:49:21.925"></status>
</kw>
<kw name="Create Dictionary" library="BuiltIn">
<doc>Creates and returns a dictionary based on the given ``items``.</doc>
<arguments>
<arg>content-type=application/json</arg>
</arguments>
<assign>
<var>&amp;{headers}</var>
</assign>
<msg timestamp="20201004 13:49:21.925" level="INFO">&amp;{headers} = { content-type=application/json }</msg>
<status status="PASS" starttime="20201004 13:49:21.925" endtime="20201004 13:49:21.925"></status>
</kw>
<kw name="Create Dictionary" library="BuiltIn">
<doc>Creates and returns a dictionary based on the given ``items``.</doc>
<arguments>
<arg>email=${email}</arg>
<arg>password=${password}</arg>
</arguments>
<assign>
<var>&amp;{payload}</var>
</assign>
<msg timestamp="20201004 13:49:21.926" level="INFO">&amp;{payload} = { email=admin@zepalheta.com.br | password=pwd123 }</msg>
<status status="PASS" starttime="20201004 13:49:21.925" endtime="20201004 13:49:21.926"></status>
</kw>
<kw name="Post Request" library="RequestsLibrary">
<doc>Send a POST request on the session object found using the
given `alias`</doc>
<arguments>
<arg>zp-api</arg>
<arg>/sessions</arg>
<arg>data=${payload}</arg>
<arg>headers=${headers}</arg>
</arguments>
<assign>
<var>${resp}</var>
</assign>
<msg timestamp="20201004 13:49:21.974" level="INFO">POST Request : url=http://zepalheta-api:3333/sessions 
 path_url=/sessions 
 headers={'User-Agent': 'python-requests/2.24.0', 'Accept-Encoding': 'gzip, deflate', 'Accept': '*/*', 'Connection': 'keep-alive', 'content-type': 'application/json', 'Content-Length': '57'} 
 body={"email": "admin@zepalheta.com.br", "password": "pwd123"} 
 </msg>
<msg timestamp="20201004 13:49:21.974" level="INFO">POST Response : url=http://zepalheta-api:3333/sessions 
 status=200, reason=OK 
 body={"user":{"id":"f0885ae3-0089-4e87-872a-21ec0e2d1635","name":"Admin","email":"admin@zepalheta.com.br","password_hash":"$2a$08$x.ziqANlLFGIVrsNVnRMfekawUHf4nedz0oRNwfrrypWX9GpWpQZS","created_at":"2020-10-04T02:23:49.406Z","updated_at":"2020-10-04T02:23:49.406Z"},"token":"eyJhbGciOiJIUzI1NiIsInR5cCI6IkpXVCJ9.eyJpYXQiOjE2MDE4MzAxNjEsImV4cCI6MTYwMTkxNjU2MSwic3ViIjoiZjA4ODVhZTMtMDA4OS00ZTg3LTg3MmEtMjFlYzBlMmQxNjM1In0.2CG14deyVQCY8yAJVWZL2Zp8kupuLpMckq_jDKGRJTE"} 
 </msg>
<msg timestamp="20201004 13:49:21.974" level="INFO">${resp} = &lt;Response [200]&gt;</msg>
<status status="PASS" starttime="20201004 13:49:21.926" endtime="20201004 13:49:21.974"></status>
</kw>
<msg timestamp="20201004 13:49:21.974" level="INFO">${resp} = &lt;Response [200]&gt;</msg>
<status status="PASS" starttime="20201004 13:49:21.924" endtime="20201004 13:49:21.974"></status>
</kw>
<kw name="Convert To String" library="BuiltIn">
<doc>Converts the given item to a Unicode string.</doc>
<arguments>
<arg>Bearer ${resp.json()['token']}</arg>
</arguments>
<assign>
<var>${token}</var>
</assign>
<msg timestamp="20201004 13:49:21.975" level="INFO">${token} = Bearer eyJhbGciOiJIUzI1NiIsInR5cCI6IkpXVCJ9.eyJpYXQiOjE2MDE4MzAxNjEsImV4cCI6MTYwMTkxNjU2MSwic3ViIjoiZjA4ODVhZTMtMDA4OS00ZTg3LTg3MmEtMjFlYzBlMmQxNjM1In0.2CG14deyVQCY8yAJVWZL2Zp8kupuLpMckq_jDKGRJTE</msg>
<status status="PASS" starttime="20201004 13:49:21.975" endtime="20201004 13:49:21.975"></status>
</kw>
<msg timestamp="20201004 13:49:21.975" level="INFO">${token} = Bearer eyJhbGciOiJIUzI1NiIsInR5cCI6IkpXVCJ9.eyJpYXQiOjE2MDE4MzAxNjEsImV4cCI6MTYwMTkxNjU2MSwic3ViIjoiZjA4ODVhZTMtMDA4OS00ZTg3LTg3MmEtMjFlYzBlMmQxNjM1In0.2CG14deyVQCY8yAJVWZL2Zp8kupuLpMckq_jDKGRJTE</msg>
<status status="PASS" starttime="20201004 13:49:21.923" endtime="20201004 13:49:21.975"></status>
</kw>
<kw name="Create Dictionary" library="BuiltIn">
<doc>Creates and returns a dictionary based on the given ``items``.</doc>
<arguments>
<arg>content-type=application/json</arg>
<arg>authorization=${token}</arg>
</arguments>
<assign>
<var>&amp;{headers}</var>
</assign>
<msg timestamp="20201004 13:49:21.976" level="INFO">&amp;{headers} = { content-type=application/json | authorization=Bearer eyJhbGciOiJIUzI1NiIsInR5cCI6IkpXVCJ9.eyJpYXQiOjE2MDE4MzAxNjEsImV4cCI6MTYwMTkxNjU2MSwic3ViIjoiZjA4ODVhZTMtMDA4OS00ZTg3LTg3MmEtMjFlYzBlMmQxNjM1In0....</msg>
<status status="PASS" starttime="20201004 13:49:21.976" endtime="20201004 13:49:21.976"></status>
</kw>
<kw name="Delete Request" library="RequestsLibrary">
<doc>Send a DELETE request on the session object found using the
given `alias`</doc>
<arguments>
<arg>zp-api</arg>
<arg>/customers/${cpf}</arg>
<arg>headers=${headers}</arg>
</arguments>
<assign>
<var>${resp}</var>
</assign>
<msg timestamp="20201004 13:49:21.983" level="INFO">DELETE Request : url=http://zepalheta-api:3333/customers/604.040.020-05 
 path_url=/customers/604.040.020-05 
 headers={'User-Agent': 'python-requests/2.24.0', 'Accept-Encoding': 'gzip, deflate', 'Accept': '*/*', 'Connection': 'keep-alive', 'content-type': 'application/json', 'authorization': 'Bearer eyJhbGciOiJIUzI1NiIsInR5cCI6IkpXVCJ9.eyJpYXQiOjE2MDE4MzAxNjEsImV4cCI6MTYwMTkxNjU2MSwic3ViIjoiZjA4ODVhZTMtMDA4OS00ZTg3LTg3MmEtMjFlYzBlMmQxNjM1In0.2CG14deyVQCY8yAJVWZL2Zp8kupuLpMckq_jDKGRJTE', 'Content-Length': '0'} 
 body=None 
 </msg>
<msg timestamp="20201004 13:49:21.983" level="INFO">DELETE Response : url=http://zepalheta-api:3333/customers/604.040.020-05 
 status=404, reason=Not Found 
 body={"status":"error","message":"Customer not found"} 
 </msg>
<msg timestamp="20201004 13:49:21.983" level="INFO">${resp} = &lt;Response [404]&gt;</msg>
<status status="PASS" starttime="20201004 13:49:21.976" endtime="20201004 13:49:21.983"></status>
</kw>
<status status="PASS" starttime="20201004 13:49:21.922" endtime="20201004 13:49:21.983"></status>
</kw>
<kw name="Post Customer" library="services">
<arguments>
<arg>${origin}</arg>
</arguments>
<assign>
<var>${resp}</var>
</assign>
<kw name="Create Session" library="RequestsLibrary">
<doc>Create Session: create a HTTP session to a server</doc>
<arguments>
<arg>zp-api</arg>
<arg>${base_api_url}</arg>
</arguments>
<msg timestamp="20201004 13:49:21.984" level="INFO">Creating Session using : alias=zp-api, url=http://zepalheta-api:3333, headers={},                     cookies={}, auth=None, timeout=None, proxies=None, verify=False,                     debug=0 </msg>
<status status="PASS" starttime="20201004 13:49:21.984" endtime="20201004 13:49:21.985"></status>
</kw>
<kw name="Get Session Token" library="services">
<assign>
<var>${token}</var>
</assign>
<kw name="Post Session" library="services">
<arguments>
<arg>admin@zepalheta.com.br</arg>
<arg>pwd123</arg>
</arguments>
<assign>
<var>${resp}</var>
</assign>
<kw name="Create Session" library="RequestsLibrary">
<doc>Create Session: create a HTTP session to a server</doc>
<arguments>
<arg>zp-api</arg>
<arg>${base_api_url}</arg>
</arguments>
<msg timestamp="20201004 13:49:21.986" level="INFO">Creating Session using : alias=zp-api, url=http://zepalheta-api:3333, headers={},                     cookies={}, auth=None, timeout=None, proxies=None, verify=False,                     debug=0 </msg>
<status status="PASS" starttime="20201004 13:49:21.985" endtime="20201004 13:49:21.986"></status>
</kw>
<kw name="Create Dictionary" library="BuiltIn">
<doc>Creates and returns a dictionary based on the given ``items``.</doc>
<arguments>
<arg>content-type=application/json</arg>
</arguments>
<assign>
<var>&amp;{headers}</var>
</assign>
<msg timestamp="20201004 13:49:21.987" level="INFO">&amp;{headers} = { content-type=application/json }</msg>
<status status="PASS" starttime="20201004 13:49:21.986" endtime="20201004 13:49:21.987"></status>
</kw>
<kw name="Create Dictionary" library="BuiltIn">
<doc>Creates and returns a dictionary based on the given ``items``.</doc>
<arguments>
<arg>email=${email}</arg>
<arg>password=${password}</arg>
</arguments>
<assign>
<var>&amp;{payload}</var>
</assign>
<msg timestamp="20201004 13:49:21.987" level="INFO">&amp;{payload} = { email=admin@zepalheta.com.br | password=pwd123 }</msg>
<status status="PASS" starttime="20201004 13:49:21.987" endtime="20201004 13:49:21.987"></status>
</kw>
<kw name="Post Request" library="RequestsLibrary">
<doc>Send a POST request on the session object found using the
given `alias`</doc>
<arguments>
<arg>zp-api</arg>
<arg>/sessions</arg>
<arg>data=${payload}</arg>
<arg>headers=${headers}</arg>
</arguments>
<assign>
<var>${resp}</var>
</assign>
<msg timestamp="20201004 13:49:22.019" level="INFO">POST Request : url=http://zepalheta-api:3333/sessions 
 path_url=/sessions 
 headers={'User-Agent': 'python-requests/2.24.0', 'Accept-Encoding': 'gzip, deflate', 'Accept': '*/*', 'Connection': 'keep-alive', 'content-type': 'application/json', 'Content-Length': '57'} 
 body={"email": "admin@zepalheta.com.br", "password": "pwd123"} 
 </msg>
<msg timestamp="20201004 13:49:22.019" level="INFO">POST Response : url=http://zepalheta-api:3333/sessions 
 status=200, reason=OK 
 body={"user":{"id":"f0885ae3-0089-4e87-872a-21ec0e2d1635","name":"Admin","email":"admin@zepalheta.com.br","password_hash":"$2a$08$x.ziqANlLFGIVrsNVnRMfekawUHf4nedz0oRNwfrrypWX9GpWpQZS","created_at":"2020-10-04T02:23:49.406Z","updated_at":"2020-10-04T02:23:49.406Z"},"token":"eyJhbGciOiJIUzI1NiIsInR5cCI6IkpXVCJ9.eyJpYXQiOjE2MDE4MzAxNjIsImV4cCI6MTYwMTkxNjU2Miwic3ViIjoiZjA4ODVhZTMtMDA4OS00ZTg3LTg3MmEtMjFlYzBlMmQxNjM1In0.O0UOvfjF6FyE_VEJqIRrxJIY3tJuqskMYea14IWnuNI"} 
 </msg>
<msg timestamp="20201004 13:49:22.019" level="INFO">${resp} = &lt;Response [200]&gt;</msg>
<status status="PASS" starttime="20201004 13:49:21.987" endtime="20201004 13:49:22.019"></status>
</kw>
<msg timestamp="20201004 13:49:22.019" level="INFO">${resp} = &lt;Response [200]&gt;</msg>
<status status="PASS" starttime="20201004 13:49:21.985" endtime="20201004 13:49:22.019"></status>
</kw>
<kw name="Convert To String" library="BuiltIn">
<doc>Converts the given item to a Unicode string.</doc>
<arguments>
<arg>Bearer ${resp.json()['token']}</arg>
</arguments>
<assign>
<var>${token}</var>
</assign>
<msg timestamp="20201004 13:49:22.020" level="INFO">${token} = Bearer eyJhbGciOiJIUzI1NiIsInR5cCI6IkpXVCJ9.eyJpYXQiOjE2MDE4MzAxNjIsImV4cCI6MTYwMTkxNjU2Miwic3ViIjoiZjA4ODVhZTMtMDA4OS00ZTg3LTg3MmEtMjFlYzBlMmQxNjM1In0.O0UOvfjF6FyE_VEJqIRrxJIY3tJuqskMYea14IWnuNI</msg>
<status status="PASS" starttime="20201004 13:49:22.019" endtime="20201004 13:49:22.020"></status>
</kw>
<msg timestamp="20201004 13:49:22.020" level="INFO">${token} = Bearer eyJhbGciOiJIUzI1NiIsInR5cCI6IkpXVCJ9.eyJpYXQiOjE2MDE4MzAxNjIsImV4cCI6MTYwMTkxNjU2Miwic3ViIjoiZjA4ODVhZTMtMDA4OS00ZTg3LTg3MmEtMjFlYzBlMmQxNjM1In0.O0UOvfjF6FyE_VEJqIRrxJIY3tJuqskMYea14IWnuNI</msg>
<status status="PASS" starttime="20201004 13:49:21.985" endtime="20201004 13:49:22.020"></status>
</kw>
<kw name="Create Dictionary" library="BuiltIn">
<doc>Creates and returns a dictionary based on the given ``items``.</doc>
<arguments>
<arg>content-type=application/json</arg>
<arg>authorization=${token}</arg>
</arguments>
<assign>
<var>&amp;{headers}</var>
</assign>
<msg timestamp="20201004 13:49:22.021" level="INFO">&amp;{headers} = { content-type=application/json | authorization=Bearer eyJhbGciOiJIUzI1NiIsInR5cCI6IkpXVCJ9.eyJpYXQiOjE2MDE4MzAxNjIsImV4cCI6MTYwMTkxNjU2Miwic3ViIjoiZjA4ODVhZTMtMDA4OS00ZTg3LTg3MmEtMjFlYzBlMmQxNjM1In0....</msg>
<status status="PASS" starttime="20201004 13:49:22.020" endtime="20201004 13:49:22.021"></status>
</kw>
<kw name="Post Request" library="RequestsLibrary">
<doc>Send a POST request on the session object found using the
given `alias`</doc>
<arguments>
<arg>zp-api</arg>
<arg>/customers</arg>
<arg>data=${payload}</arg>
<arg>headers=${headers}</arg>
</arguments>
<assign>
<var>${resp}</var>
</assign>
<msg timestamp="20201004 13:49:22.042" level="INFO">POST Request : url=http://zepalheta-api:3333/customers 
 path_url=/customers 
 headers={'User-Agent': 'python-requests/2.24.0', 'Accept-Encoding': 'gzip, deflate', 'Accept': '*/*', 'Connection': 'keep-alive', 'content-type': 'application/json', 'authorization': 'Bearer eyJhbGciOiJIUzI1NiIsInR5cCI6IkpXVCJ9.eyJpYXQiOjE2MDE4MzAxNjIsImV4cCI6MTYwMTkxNjU2Miwic3ViIjoiZjA4ODVhZTMtMDA4OS00ZTg3LTg3MmEtMjFlYzBlMmQxNjM1In0.O0UOvfjF6FyE_VEJqIRrxJIY3tJuqskMYea14IWnuNI', 'Content-Length': '115'} 
 body={"name": "Chimbinha", "cpf": "604.040.020-05", "address": "Rua dos Bugs, 1000", "phone_number": "(11) 9.9999-9999"} 
 </msg>
<msg timestamp="20201004 13:49:22.042" level="INFO">POST Response : url=http://zepalheta-api:3333/customers 
 status=200, reason=OK 
 body={"name":"Chimbinha","cpf":"604.040.020-05","phone_number":"(11) 9.9999-9999","address":"Rua dos Bugs, 1000","id":"d3a990ca-9c64-4003-aa59-79dd83583f12","created_at":"2020-10-04T16:49:22.041Z","updated_at":"2020-10-04T16:49:22.041Z"} 
 </msg>
<msg timestamp="20201004 13:49:22.042" level="INFO">${resp} = &lt;Response [200]&gt;</msg>
<status status="PASS" starttime="20201004 13:49:22.021" endtime="20201004 13:49:22.042"></status>
</kw>
<msg timestamp="20201004 13:49:22.043" level="INFO">${resp} = &lt;Response [200]&gt;</msg>
<status status="PASS" starttime="20201004 13:49:21.984" endtime="20201004 13:49:22.043"></status>
</kw>
<kw name="Delete Customer" library="services">
<arguments>
<arg>${origin['cpf']}</arg>
</arguments>
<assign>
<var>${resp}</var>
</assign>
<kw name="Get Session Token" library="services">
<assign>
<var>${token}</var>
</assign>
<kw name="Post Session" library="services">
<arguments>
<arg>admin@zepalheta.com.br</arg>
<arg>pwd123</arg>
</arguments>
<assign>
<var>${resp}</var>
</assign>
<kw name="Create Session" library="RequestsLibrary">
<doc>Create Session: create a HTTP session to a server</doc>
<arguments>
<arg>zp-api</arg>
<arg>${base_api_url}</arg>
</arguments>
<msg timestamp="20201004 13:49:22.045" level="INFO">Creating Session using : alias=zp-api, url=http://zepalheta-api:3333, headers={},                     cookies={}, auth=None, timeout=None, proxies=None, verify=False,                     debug=0 </msg>
<status status="PASS" starttime="20201004 13:49:22.045" endtime="20201004 13:49:22.045"></status>
</kw>
<kw name="Create Dictionary" library="BuiltIn">
<doc>Creates and returns a dictionary based on the given ``items``.</doc>
<arguments>
<arg>content-type=application/json</arg>
</arguments>
<assign>
<var>&amp;{headers}</var>
</assign>
<msg timestamp="20201004 13:49:22.046" level="INFO">&amp;{headers} = { content-type=application/json }</msg>
<status status="PASS" starttime="20201004 13:49:22.046" endtime="20201004 13:49:22.046"></status>
</kw>
<kw name="Create Dictionary" library="BuiltIn">
<doc>Creates and returns a dictionary based on the given ``items``.</doc>
<arguments>
<arg>email=${email}</arg>
<arg>password=${password}</arg>
</arguments>
<assign>
<var>&amp;{payload}</var>
</assign>
<msg timestamp="20201004 13:49:22.046" level="INFO">&amp;{payload} = { email=admin@zepalheta.com.br | password=pwd123 }</msg>
<status status="PASS" starttime="20201004 13:49:22.046" endtime="20201004 13:49:22.047"></status>
</kw>
<kw name="Post Request" library="RequestsLibrary">
<doc>Send a POST request on the session object found using the
given `alias`</doc>
<arguments>
<arg>zp-api</arg>
<arg>/sessions</arg>
<arg>data=${payload}</arg>
<arg>headers=${headers}</arg>
</arguments>
<assign>
<var>${resp}</var>
</assign>
<msg timestamp="20201004 13:49:22.078" level="INFO">POST Request : url=http://zepalheta-api:3333/sessions 
 path_url=/sessions 
 headers={'User-Agent': 'python-requests/2.24.0', 'Accept-Encoding': 'gzip, deflate', 'Accept': '*/*', 'Connection': 'keep-alive', 'content-type': 'application/json', 'Content-Length': '57'} 
 body={"email": "admin@zepalheta.com.br", "password": "pwd123"} 
 </msg>
<msg timestamp="20201004 13:49:22.078" level="INFO">POST Response : url=http://zepalheta-api:3333/sessions 
 status=200, reason=OK 
 body={"user":{"id":"f0885ae3-0089-4e87-872a-21ec0e2d1635","name":"Admin","email":"admin@zepalheta.com.br","password_hash":"$2a$08$x.ziqANlLFGIVrsNVnRMfekawUHf4nedz0oRNwfrrypWX9GpWpQZS","created_at":"2020-10-04T02:23:49.406Z","updated_at":"2020-10-04T02:23:49.406Z"},"token":"eyJhbGciOiJIUzI1NiIsInR5cCI6IkpXVCJ9.eyJpYXQiOjE2MDE4MzAxNjIsImV4cCI6MTYwMTkxNjU2Miwic3ViIjoiZjA4ODVhZTMtMDA4OS00ZTg3LTg3MmEtMjFlYzBlMmQxNjM1In0.O0UOvfjF6FyE_VEJqIRrxJIY3tJuqskMYea14IWnuNI"} 
 </msg>
<msg timestamp="20201004 13:49:22.078" level="INFO">${resp} = &lt;Response [200]&gt;</msg>
<status status="PASS" starttime="20201004 13:49:22.047" endtime="20201004 13:49:22.078"></status>
</kw>
<msg timestamp="20201004 13:49:22.078" level="INFO">${resp} = &lt;Response [200]&gt;</msg>
<status status="PASS" starttime="20201004 13:49:22.044" endtime="20201004 13:49:22.079"></status>
</kw>
<kw name="Convert To String" library="BuiltIn">
<doc>Converts the given item to a Unicode string.</doc>
<arguments>
<arg>Bearer ${resp.json()['token']}</arg>
</arguments>
<assign>
<var>${token}</var>
</assign>
<msg timestamp="20201004 13:49:22.079" level="INFO">${token} = Bearer eyJhbGciOiJIUzI1NiIsInR5cCI6IkpXVCJ9.eyJpYXQiOjE2MDE4MzAxNjIsImV4cCI6MTYwMTkxNjU2Miwic3ViIjoiZjA4ODVhZTMtMDA4OS00ZTg3LTg3MmEtMjFlYzBlMmQxNjM1In0.O0UOvfjF6FyE_VEJqIRrxJIY3tJuqskMYea14IWnuNI</msg>
<status status="PASS" starttime="20201004 13:49:22.079" endtime="20201004 13:49:22.079"></status>
</kw>
<msg timestamp="20201004 13:49:22.079" level="INFO">${token} = Bearer eyJhbGciOiJIUzI1NiIsInR5cCI6IkpXVCJ9.eyJpYXQiOjE2MDE4MzAxNjIsImV4cCI6MTYwMTkxNjU2Miwic3ViIjoiZjA4ODVhZTMtMDA4OS00ZTg3LTg3MmEtMjFlYzBlMmQxNjM1In0.O0UOvfjF6FyE_VEJqIRrxJIY3tJuqskMYea14IWnuNI</msg>
<status status="PASS" starttime="20201004 13:49:22.044" endtime="20201004 13:49:22.079"></status>
</kw>
<kw name="Create Dictionary" library="BuiltIn">
<doc>Creates and returns a dictionary based on the given ``items``.</doc>
<arguments>
<arg>content-type=application/json</arg>
<arg>authorization=${token}</arg>
</arguments>
<assign>
<var>&amp;{headers}</var>
</assign>
<msg timestamp="20201004 13:49:22.080" level="INFO">&amp;{headers} = { content-type=application/json | authorization=Bearer eyJhbGciOiJIUzI1NiIsInR5cCI6IkpXVCJ9.eyJpYXQiOjE2MDE4MzAxNjIsImV4cCI6MTYwMTkxNjU2Miwic3ViIjoiZjA4ODVhZTMtMDA4OS00ZTg3LTg3MmEtMjFlYzBlMmQxNjM1In0....</msg>
<status status="PASS" starttime="20201004 13:49:22.080" endtime="20201004 13:49:22.080"></status>
</kw>
<kw name="Delete Request" library="RequestsLibrary">
<doc>Send a DELETE request on the session object found using the
given `alias`</doc>
<arguments>
<arg>zp-api</arg>
<arg>/customers/${cpf}</arg>
<arg>headers=${headers}</arg>
</arguments>
<assign>
<var>${resp}</var>
</assign>
<msg timestamp="20201004 13:49:22.089" level="INFO">DELETE Request : url=http://zepalheta-api:3333/customers/604.040.020-05 
 path_url=/customers/604.040.020-05 
 headers={'User-Agent': 'python-requests/2.24.0', 'Accept-Encoding': 'gzip, deflate', 'Accept': '*/*', 'Connection': 'keep-alive', 'content-type': 'application/json', 'authorization': 'Bearer eyJhbGciOiJIUzI1NiIsInR5cCI6IkpXVCJ9.eyJpYXQiOjE2MDE4MzAxNjIsImV4cCI6MTYwMTkxNjU2Miwic3ViIjoiZjA4ODVhZTMtMDA4OS00ZTg3LTg3MmEtMjFlYzBlMmQxNjM1In0.O0UOvfjF6FyE_VEJqIRrxJIY3tJuqskMYea14IWnuNI', 'Content-Length': '0'} 
 body=None 
 </msg>
<msg timestamp="20201004 13:49:22.089" level="INFO">DELETE Response : url=http://zepalheta-api:3333/customers/604.040.020-05 
 status=204, reason=No Content 
 body=None 
 </msg>
<msg timestamp="20201004 13:49:22.089" level="INFO">${resp} = &lt;Response [204]&gt;</msg>
<status status="PASS" starttime="20201004 13:49:22.080" endtime="20201004 13:49:22.089"></status>
</kw>
<msg timestamp="20201004 13:49:22.089" level="INFO">${resp} = &lt;Response [204]&gt;</msg>
<status status="PASS" starttime="20201004 13:49:22.043" endtime="20201004 13:49:22.089"></status>
</kw>
<kw name="Status Should Be" library="RequestsLibrary">
<doc>Fails if response status code is different than the expected.</doc>
<arguments>
<arg>204</arg>
<arg>${resp}</arg>
</arguments>
<status status="PASS" starttime="20201004 13:49:22.090" endtime="20201004 13:49:22.091"></status>
</kw>
<status status="PASS" starttime="20201004 13:49:21.915" endtime="20201004 13:49:22.092" critical="yes"></status>
</test>
<test id="s1-t2" name="Customer Not Found">
<kw name="Delete Customer" library="services">
<arguments>
<arg>594.915.850-45</arg>
</arguments>
<assign>
<var>${resp}</var>
</assign>
<kw name="Get Session Token" library="services">
<assign>
<var>${token}</var>
</assign>
<kw name="Post Session" library="services">
<arguments>
<arg>admin@zepalheta.com.br</arg>
<arg>pwd123</arg>
</arguments>
<assign>
<var>${resp}</var>
</assign>
<kw name="Create Session" library="RequestsLibrary">
<doc>Create Session: create a HTTP session to a server</doc>
<arguments>
<arg>zp-api</arg>
<arg>${base_api_url}</arg>
</arguments>
<msg timestamp="20201004 13:49:22.096" level="INFO">Creating Session using : alias=zp-api, url=http://zepalheta-api:3333, headers={},                     cookies={}, auth=None, timeout=None, proxies=None, verify=False,                     debug=0 </msg>
<status status="PASS" starttime="20201004 13:49:22.096" endtime="20201004 13:49:22.096"></status>
</kw>
<kw name="Create Dictionary" library="BuiltIn">
<doc>Creates and returns a dictionary based on the given ``items``.</doc>
<arguments>
<arg>content-type=application/json</arg>
</arguments>
<assign>
<var>&amp;{headers}</var>
</assign>
<msg timestamp="20201004 13:49:22.097" level="INFO">&amp;{headers} = { content-type=application/json }</msg>
<status status="PASS" starttime="20201004 13:49:22.096" endtime="20201004 13:49:22.097"></status>
</kw>
<kw name="Create Dictionary" library="BuiltIn">
<doc>Creates and returns a dictionary based on the given ``items``.</doc>
<arguments>
<arg>email=${email}</arg>
<arg>password=${password}</arg>
</arguments>
<assign>
<var>&amp;{payload}</var>
</assign>
<msg timestamp="20201004 13:49:22.097" level="INFO">&amp;{payload} = { email=admin@zepalheta.com.br | password=pwd123 }</msg>
<status status="PASS" starttime="20201004 13:49:22.097" endtime="20201004 13:49:22.097"></status>
</kw>
<kw name="Post Request" library="RequestsLibrary">
<doc>Send a POST request on the session object found using the
given `alias`</doc>
<arguments>
<arg>zp-api</arg>
<arg>/sessions</arg>
<arg>data=${payload}</arg>
<arg>headers=${headers}</arg>
</arguments>
<assign>
<var>${resp}</var>
</assign>
<msg timestamp="20201004 13:49:22.131" level="INFO">POST Request : url=http://zepalheta-api:3333/sessions 
 path_url=/sessions 
 headers={'User-Agent': 'python-requests/2.24.0', 'Accept-Encoding': 'gzip, deflate', 'Accept': '*/*', 'Connection': 'keep-alive', 'content-type': 'application/json', 'Content-Length': '57'} 
 body={"email": "admin@zepalheta.com.br", "password": "pwd123"} 
 </msg>
<msg timestamp="20201004 13:49:22.132" level="INFO">POST Response : url=http://zepalheta-api:3333/sessions 
 status=200, reason=OK 
 body={"user":{"id":"f0885ae3-0089-4e87-872a-21ec0e2d1635","name":"Admin","email":"admin@zepalheta.com.br","password_hash":"$2a$08$x.ziqANlLFGIVrsNVnRMfekawUHf4nedz0oRNwfrrypWX9GpWpQZS","created_at":"2020-10-04T02:23:49.406Z","updated_at":"2020-10-04T02:23:49.406Z"},"token":"eyJhbGciOiJIUzI1NiIsInR5cCI6IkpXVCJ9.eyJpYXQiOjE2MDE4MzAxNjIsImV4cCI6MTYwMTkxNjU2Miwic3ViIjoiZjA4ODVhZTMtMDA4OS00ZTg3LTg3MmEtMjFlYzBlMmQxNjM1In0.O0UOvfjF6FyE_VEJqIRrxJIY3tJuqskMYea14IWnuNI"} 
 </msg>
<msg timestamp="20201004 13:49:22.132" level="INFO">${resp} = &lt;Response [200]&gt;</msg>
<status status="PASS" starttime="20201004 13:49:22.098" endtime="20201004 13:49:22.132"></status>
</kw>
<msg timestamp="20201004 13:49:22.132" level="INFO">${resp} = &lt;Response [200]&gt;</msg>
<status status="PASS" starttime="20201004 13:49:22.095" endtime="20201004 13:49:22.132"></status>
</kw>
<kw name="Convert To String" library="BuiltIn">
<doc>Converts the given item to a Unicode string.</doc>
<arguments>
<arg>Bearer ${resp.json()['token']}</arg>
</arguments>
<assign>
<var>${token}</var>
</assign>
<msg timestamp="20201004 13:49:22.133" level="INFO">${token} = Bearer eyJhbGciOiJIUzI1NiIsInR5cCI6IkpXVCJ9.eyJpYXQiOjE2MDE4MzAxNjIsImV4cCI6MTYwMTkxNjU2Miwic3ViIjoiZjA4ODVhZTMtMDA4OS00ZTg3LTg3MmEtMjFlYzBlMmQxNjM1In0.O0UOvfjF6FyE_VEJqIRrxJIY3tJuqskMYea14IWnuNI</msg>
<status status="PASS" starttime="20201004 13:49:22.132" endtime="20201004 13:49:22.133"></status>
</kw>
<msg timestamp="20201004 13:49:22.133" level="INFO">${token} = Bearer eyJhbGciOiJIUzI1NiIsInR5cCI6IkpXVCJ9.eyJpYXQiOjE2MDE4MzAxNjIsImV4cCI6MTYwMTkxNjU2Miwic3ViIjoiZjA4ODVhZTMtMDA4OS00ZTg3LTg3MmEtMjFlYzBlMmQxNjM1In0.O0UOvfjF6FyE_VEJqIRrxJIY3tJuqskMYea14IWnuNI</msg>
<status status="PASS" starttime="20201004 13:49:22.095" endtime="20201004 13:49:22.133"></status>
</kw>
<kw name="Create Dictionary" library="BuiltIn">
<doc>Creates and returns a dictionary based on the given ``items``.</doc>
<arguments>
<arg>content-type=application/json</arg>
<arg>authorization=${token}</arg>
</arguments>
<assign>
<var>&amp;{headers}</var>
</assign>
<msg timestamp="20201004 13:49:22.133" level="INFO">&amp;{headers} = { content-type=application/json | authorization=Bearer eyJhbGciOiJIUzI1NiIsInR5cCI6IkpXVCJ9.eyJpYXQiOjE2MDE4MzAxNjIsImV4cCI6MTYwMTkxNjU2Miwic3ViIjoiZjA4ODVhZTMtMDA4OS00ZTg3LTg3MmEtMjFlYzBlMmQxNjM1In0....</msg>
<status status="PASS" starttime="20201004 13:49:22.133" endtime="20201004 13:49:22.133"></status>
</kw>
<kw name="Delete Request" library="RequestsLibrary">
<doc>Send a DELETE request on the session object found using the
given `alias`</doc>
<arguments>
<arg>zp-api</arg>
<arg>/customers/${cpf}</arg>
<arg>headers=${headers}</arg>
</arguments>
<assign>
<var>${resp}</var>
</assign>
<msg timestamp="20201004 13:49:22.139" level="INFO">DELETE Request : url=http://zepalheta-api:3333/customers/594.915.850-45 
 path_url=/customers/594.915.850-45 
 headers={'User-Agent': 'python-requests/2.24.0', 'Accept-Encoding': 'gzip, deflate', 'Accept': '*/*', 'Connection': 'keep-alive', 'content-type': 'application/json', 'authorization': 'Bearer eyJhbGciOiJIUzI1NiIsInR5cCI6IkpXVCJ9.eyJpYXQiOjE2MDE4MzAxNjIsImV4cCI6MTYwMTkxNjU2Miwic3ViIjoiZjA4ODVhZTMtMDA4OS00ZTg3LTg3MmEtMjFlYzBlMmQxNjM1In0.O0UOvfjF6FyE_VEJqIRrxJIY3tJuqskMYea14IWnuNI', 'Content-Length': '0'} 
 body=None 
 </msg>
<msg timestamp="20201004 13:49:22.140" level="INFO">DELETE Response : url=http://zepalheta-api:3333/customers/594.915.850-45 
 status=404, reason=Not Found 
 body={"status":"error","message":"Customer not found"} 
 </msg>
<msg timestamp="20201004 13:49:22.140" level="INFO">${resp} = &lt;Response [404]&gt;</msg>
<status status="PASS" starttime="20201004 13:49:22.133" endtime="20201004 13:49:22.140"></status>
</kw>
<msg timestamp="20201004 13:49:22.140" level="INFO">${resp} = &lt;Response [404]&gt;</msg>
<status status="PASS" starttime="20201004 13:49:22.095" endtime="20201004 13:49:22.141"></status>
</kw>
<kw name="Status Should Be" library="RequestsLibrary">
<doc>Fails if response status code is different than the expected.</doc>
<arguments>
<arg>404</arg>
<arg>${resp}</arg>
</arguments>
<status status="PASS" starttime="20201004 13:49:22.142" endtime="20201004 13:49:22.143"></status>
</kw>
<kw name="Should Be Equal" library="BuiltIn">
<doc>Fails if the given objects are unequal.</doc>
<arguments>
<arg>${resp.json()['message']}</arg>
<arg>Customer not found</arg>
</arguments>
<status status="PASS" starttime="20201004 13:49:22.144" endtime="20201004 13:49:22.145"></status>
</kw>
<status status="PASS" starttime="20201004 13:49:22.094" endtime="20201004 13:49:22.145" critical="yes"></status>
</test>
<status status="PASS" starttime="20201004 13:49:21.695" endtime="20201004 13:49:22.148"></status>
</suite>
<statistics>
<total>
<stat pass="2" fail="0">Critical Tests</stat>
<stat pass="2" fail="0">All Tests</stat>
</total>
<tag>
</tag>
<suite>
<stat pass="2" fail="0" id="s1" name="Delete">Delete</stat>
</suite>
</statistics>
<errors>
</errors>
</robot>
