<?xml version="1.0" encoding="UTF-8"?>
<robot generator="Robot 3.2.1 (Python 3.8.3 on win32)" generated="20200905 13:25:39.971" rpa="false">
<suite id="s1" name="Cadastro Clientes" source="C:\qaninja\ze-palheta\tests\cadastro_clientes.robot">
<test id="s1-t1" name="Novo Cliente">
<kw name="Login Session" library="hooks" type="setup">
<kw name="Start Session" library="hooks">
<kw name="Open Browser" library="SeleniumLibrary">
<doc>Opens a new browser instance to the optional ``url``.</doc>
<arguments>
<arg>about:blank</arg>
<arg>chrome</arg>
</arguments>
<msg timestamp="20200905 13:25:40.336" level="INFO">Opening browser 'chrome' to base url 'about:blank'.</msg>
<status status="PASS" starttime="20200905 13:25:40.335" endtime="20200905 13:25:43.561"></status>
</kw>
<kw name="Maximize Browser Window" library="SeleniumLibrary">
<doc>Maximizes current browser window.</doc>
<status status="PASS" starttime="20200905 13:25:43.561" endtime="20200905 13:25:45.682"></status>
</kw>
<status status="PASS" starttime="20200905 13:25:40.335" endtime="20200905 13:25:45.683"></status>
</kw>
<kw name="Go To" library="SeleniumLibrary">
<doc>Navigates the current browser window to the provided ``url``.</doc>
<arguments>
<arg>${base_url}</arg>
</arguments>
<msg timestamp="20200905 13:25:45.683" level="INFO">Opening url 'http://zepalheta-web:3000'</msg>
<status status="PASS" starttime="20200905 13:25:45.683" endtime="20200905 13:25:47.053"></status>
</kw>
<kw name="Login With" library="LoginPage">
<arguments>
<arg>${admin_user}</arg>
<arg>${admin_pass}</arg>
</arguments>
<kw name="Input Text" library="SeleniumLibrary">
<doc>Types the given ``text`` into the text field identified by ``locator``.</doc>
<arguments>
<arg>id:txtEmail</arg>
<arg>${email}</arg>
</arguments>
<msg timestamp="20200905 13:25:47.056" level="INFO">Typing text 'admin@zepalheta.com.br' into text field 'id:txtEmail'.</msg>
<status status="PASS" starttime="20200905 13:25:47.055" endtime="20200905 13:25:48.124"></status>
</kw>
<kw name="Input Text" library="SeleniumLibrary">
<doc>Types the given ``text`` into the text field identified by ``locator``.</doc>
<arguments>
<arg>css:input[placeholder=Senha]</arg>
<arg>${password}</arg>
</arguments>
<msg timestamp="20200905 13:25:48.125" level="INFO">Typing text 'pwd123' into text field 'css:input[placeholder=Senha]'.</msg>
<status status="PASS" starttime="20200905 13:25:48.124" endtime="20200905 13:25:48.223"></status>
</kw>
<kw name="Click Element" library="SeleniumLibrary">
<doc>Click the element identified by ``locator``.</doc>
<arguments>
<arg>xpath://button[text()='Entrar']</arg>
</arguments>
<msg timestamp="20200905 13:25:48.224" level="INFO">Clicking element 'xpath://button[text()='Entrar']'.</msg>
<status status="PASS" starttime="20200905 13:25:48.223" endtime="20200905 13:25:48.280"></status>
</kw>
<status status="PASS" starttime="20200905 13:25:47.054" endtime="20200905 13:25:48.281"></status>
</kw>
<status status="PASS" starttime="20200905 13:25:40.334" endtime="20200905 13:25:48.281"></status>
</kw>
<kw name="Dado que acesso o formulário de Cadastro de Clientes" library="kws">
<kw name="Wait Until Element Is Visible" library="SeleniumLibrary">
<doc>Waits until the element ``locator`` is visible.</doc>
<arguments>
<arg>${NAV_CUSTOMERS}</arg>
<arg>5</arg>
</arguments>
<status status="PASS" starttime="20200905 13:25:48.283" endtime="20200905 13:25:48.522"></status>
</kw>
<kw name="Click Element" library="SeleniumLibrary">
<doc>Click the element identified by ``locator``.</doc>
<arguments>
<arg>${NAV_CUSTOMERS}</arg>
</arguments>
<msg timestamp="20200905 13:25:48.523" level="INFO">Clicking element 'css:a[href$=customers]'.</msg>
<status status="PASS" starttime="20200905 13:25:48.522" endtime="20200905 13:25:48.581"></status>
</kw>
<kw name="Wait Until Element Is Visible" library="SeleniumLibrary">
<doc>Waits until the element ``locator`` is visible.</doc>
<arguments>
<arg>${CUSTOMERS_FORM}</arg>
<arg>5</arg>
</arguments>
<status status="PASS" starttime="20200905 13:25:48.581" endtime="20200905 13:25:48.621"></status>
</kw>
<kw name="Click Element" library="SeleniumLibrary">
<doc>Click the element identified by ``locator``.</doc>
<arguments>
<arg>${CUSTOMERS_FORM}</arg>
</arguments>
<msg timestamp="20200905 13:25:48.622" level="INFO">Clicking element 'css:a[href$=register]'.</msg>
<status status="PASS" starttime="20200905 13:25:48.622" endtime="20200905 13:25:48.687"></status>
</kw>
<status status="PASS" starttime="20200905 13:25:48.282" endtime="20200905 13:25:48.687"></status>
</kw>
<kw name="Quando faço a inclusão desse Cliente:" library="kws">
<arguments>
<arg>Bon Jovi</arg>
<arg>000.000.014-06</arg>
<arg>Rua dos Bugs, 1000</arg>
<arg>11999999999</arg>
</arguments>
<kw name="Remove Customer By Cpf" library="db">
<arguments>
<arg>${cpf}</arg>
</arguments>
<status status="PASS" starttime="20200905 13:25:48.689" endtime="20200905 13:25:48.700"></status>
</kw>
<kw name="Register New Customer" library="CustomersPage">
<arguments>
<arg>${name}</arg>
<arg>${cpf}</arg>
<arg>${address}</arg>
<arg>${phone_number}</arg>
</arguments>
<kw name="Input Text" library="SeleniumLibrary">
<doc>Types the given ``text`` into the text field identified by ``locator``.</doc>
<arguments>
<arg>id:name</arg>
<arg>${name}</arg>
</arguments>
<msg timestamp="20200905 13:25:48.705" level="INFO">Typing text 'Bon Jovi' into text field 'id:name'.</msg>
<status status="PASS" starttime="20200905 13:25:48.704" endtime="20200905 13:25:48.800"></status>
</kw>
<kw name="Input Text" library="SeleniumLibrary">
<doc>Types the given ``text`` into the text field identified by ``locator``.</doc>
<arguments>
<arg>id:cpf</arg>
<arg>${cpf}</arg>
</arguments>
<msg timestamp="20200905 13:25:48.801" level="INFO">Typing text '000.000.014-06' into text field 'id:cpf'.</msg>
<status status="PASS" starttime="20200905 13:25:48.800" endtime="20200905 13:25:48.908"></status>
</kw>
<kw name="Input Text" library="SeleniumLibrary">
<doc>Types the given ``text`` into the text field identified by ``locator``.</doc>
<arguments>
<arg>id:address</arg>
<arg>${address}</arg>
</arguments>
<msg timestamp="20200905 13:25:48.908" level="INFO">Typing text 'Rua dos Bugs, 1000' into text field 'id:address'.</msg>
<status status="PASS" starttime="20200905 13:25:48.908" endtime="20200905 13:25:49.014"></status>
</kw>
<kw name="Input Text" library="SeleniumLibrary">
<doc>Types the given ``text`` into the text field identified by ``locator``.</doc>
<arguments>
<arg>id:phone_number</arg>
<arg>${phone_number}</arg>
</arguments>
<msg timestamp="20200905 13:25:49.015" level="INFO">Typing text '11999999999' into text field 'id:phone_number'.</msg>
<status status="PASS" starttime="20200905 13:25:49.014" endtime="20200905 13:25:49.122"></status>
</kw>
<kw name="Click Element" library="SeleniumLibrary">
<doc>Click the element identified by ``locator``.</doc>
<arguments>
<arg>xpath://button[text()='CADASTRAR']</arg>
</arguments>
<msg timestamp="20200905 13:25:49.123" level="INFO">Clicking element 'xpath://button[text()='CADASTRAR']'.</msg>
<status status="PASS" starttime="20200905 13:25:49.122" endtime="20200905 13:25:49.188"></status>
</kw>
<status status="PASS" starttime="20200905 13:25:48.701" endtime="20200905 13:25:49.188"></status>
</kw>
<status status="PASS" starttime="20200905 13:25:48.688" endtime="20200905 13:25:49.189"></status>
</kw>
<kw name="Então devo ver a notificação:" library="kws">
<arguments>
<arg>Cliente cadastrado com sucesso!</arg>
</arguments>
<kw name="Wait Until Element Contains" library="SeleniumLibrary">
<doc>Waits until the element ``locator`` contains ``text``.</doc>
<arguments>
<arg>${TOASTER_SUCCESS}</arg>
<arg>${expect_notice}</arg>
<arg>5</arg>
</arguments>
<status status="PASS" starttime="20200905 13:25:49.190" endtime="20200905 13:25:49.466"></status>
</kw>
<status status="PASS" starttime="20200905 13:25:49.190" endtime="20200905 13:25:49.466"></status>
</kw>
<kw name="Finish Session" library="hooks" type="teardown">
<kw name="Close Browser" library="SeleniumLibrary">
<doc>Closes the current browser.</doc>
<status status="PASS" starttime="20200905 13:25:49.467" endtime="20200905 13:25:52.005"></status>
</kw>
<status status="PASS" starttime="20200905 13:25:49.467" endtime="20200905 13:25:52.005"></status>
</kw>
<status status="PASS" starttime="20200905 13:25:40.333" endtime="20200905 13:25:52.006" critical="yes"></status>
</test>
<test id="s1-t2" name="Campos Obrigatórios">
<kw name="Login Session" library="hooks" type="setup">
<kw name="Start Session" library="hooks">
<kw name="Open Browser" library="SeleniumLibrary">
<doc>Opens a new browser instance to the optional ``url``.</doc>
<arguments>
<arg>about:blank</arg>
<arg>chrome</arg>
</arguments>
<msg timestamp="20200905 13:25:52.009" level="INFO">Opening browser 'chrome' to base url 'about:blank'.</msg>
<status status="PASS" starttime="20200905 13:25:52.009" endtime="20200905 13:25:55.488"></status>
</kw>
<kw name="Maximize Browser Window" library="SeleniumLibrary">
<doc>Maximizes current browser window.</doc>
<status status="PASS" starttime="20200905 13:25:55.489" endtime="20200905 13:25:57.614"></status>
</kw>
<status status="PASS" starttime="20200905 13:25:52.008" endtime="20200905 13:25:57.615"></status>
</kw>
<kw name="Go To" library="SeleniumLibrary">
<doc>Navigates the current browser window to the provided ``url``.</doc>
<arguments>
<arg>${base_url}</arg>
</arguments>
<msg timestamp="20200905 13:25:57.615" level="INFO">Opening url 'http://zepalheta-web:3000'</msg>
<status status="PASS" starttime="20200905 13:25:57.615" endtime="20200905 13:25:59.015"></status>
</kw>
<kw name="Login With" library="LoginPage">
<arguments>
<arg>${admin_user}</arg>
<arg>${admin_pass}</arg>
</arguments>
<kw name="Input Text" library="SeleniumLibrary">
<doc>Types the given ``text`` into the text field identified by ``locator``.</doc>
<arguments>
<arg>id:txtEmail</arg>
<arg>${email}</arg>
</arguments>
<msg timestamp="20200905 13:25:59.016" level="INFO">Typing text 'admin@zepalheta.com.br' into text field 'id:txtEmail'.</msg>
<status status="PASS" starttime="20200905 13:25:59.015" endtime="20200905 13:25:59.845"></status>
</kw>
<kw name="Input Text" library="SeleniumLibrary">
<doc>Types the given ``text`` into the text field identified by ``locator``.</doc>
<arguments>
<arg>css:input[placeholder=Senha]</arg>
<arg>${password}</arg>
</arguments>
<msg timestamp="20200905 13:25:59.848" level="INFO">Typing text 'pwd123' into text field 'css:input[placeholder=Senha]'.</msg>
<status status="PASS" starttime="20200905 13:25:59.846" endtime="20200905 13:25:59.950"></status>
</kw>
<kw name="Click Element" library="SeleniumLibrary">
<doc>Click the element identified by ``locator``.</doc>
<arguments>
<arg>xpath://button[text()='Entrar']</arg>
</arguments>
<msg timestamp="20200905 13:25:59.951" level="INFO">Clicking element 'xpath://button[text()='Entrar']'.</msg>
<status status="PASS" starttime="20200905 13:25:59.951" endtime="20200905 13:26:00.019"></status>
</kw>
<status status="PASS" starttime="20200905 13:25:59.015" endtime="20200905 13:26:00.019"></status>
</kw>
<status status="PASS" starttime="20200905 13:25:52.008" endtime="20200905 13:26:00.020"></status>
</kw>
<kw name="Dado que acesso o formulário de Cadastro de Clientes" library="kws">
<kw name="Wait Until Element Is Visible" library="SeleniumLibrary">
<doc>Waits until the element ``locator`` is visible.</doc>
<arguments>
<arg>${NAV_CUSTOMERS}</arg>
<arg>5</arg>
</arguments>
<status status="PASS" starttime="20200905 13:26:00.021" endtime="20200905 13:26:00.263"></status>
</kw>
<kw name="Click Element" library="SeleniumLibrary">
<doc>Click the element identified by ``locator``.</doc>
<arguments>
<arg>${NAV_CUSTOMERS}</arg>
</arguments>
<msg timestamp="20200905 13:26:00.263" level="INFO">Clicking element 'css:a[href$=customers]'.</msg>
<status status="PASS" starttime="20200905 13:26:00.263" endtime="20200905 13:26:00.313"></status>
</kw>
<kw name="Wait Until Element Is Visible" library="SeleniumLibrary">
<doc>Waits until the element ``locator`` is visible.</doc>
<arguments>
<arg>${CUSTOMERS_FORM}</arg>
<arg>5</arg>
</arguments>
<status status="PASS" starttime="20200905 13:26:00.314" endtime="20200905 13:26:00.342"></status>
</kw>
<kw name="Click Element" library="SeleniumLibrary">
<doc>Click the element identified by ``locator``.</doc>
<arguments>
<arg>${CUSTOMERS_FORM}</arg>
</arguments>
<msg timestamp="20200905 13:26:00.343" level="INFO">Clicking element 'css:a[href$=register]'.</msg>
<status status="PASS" starttime="20200905 13:26:00.342" endtime="20200905 13:26:00.415"></status>
</kw>
<status status="PASS" starttime="20200905 13:26:00.021" endtime="20200905 13:26:00.416"></status>
</kw>
<kw name="Quando faço a inclusão desse Cliente:" library="kws">
<arguments>
<arg>${EMPTY}</arg>
<arg>${EMPTY}</arg>
<arg>${EMPTY}</arg>
<arg>${EMPTY}</arg>
</arguments>
<kw name="Remove Customer By Cpf" library="db">
<arguments>
<arg>${cpf}</arg>
</arguments>
<status status="PASS" starttime="20200905 13:26:00.418" endtime="20200905 13:26:00.432"></status>
</kw>
<kw name="Register New Customer" library="CustomersPage">
<arguments>
<arg>${name}</arg>
<arg>${cpf}</arg>
<arg>${address}</arg>
<arg>${phone_number}</arg>
</arguments>
<kw name="Input Text" library="SeleniumLibrary">
<doc>Types the given ``text`` into the text field identified by ``locator``.</doc>
<arguments>
<arg>id:name</arg>
<arg>${name}</arg>
</arguments>
<msg timestamp="20200905 13:26:00.436" level="INFO">Typing text '' into text field 'id:name'.</msg>
<status status="PASS" starttime="20200905 13:26:00.435" endtime="20200905 13:26:00.521"></status>
</kw>
<kw name="Input Text" library="SeleniumLibrary">
<doc>Types the given ``text`` into the text field identified by ``locator``.</doc>
<arguments>
<arg>id:cpf</arg>
<arg>${cpf}</arg>
</arguments>
<msg timestamp="20200905 13:26:00.522" level="INFO">Typing text '' into text field 'id:cpf'.</msg>
<status status="PASS" starttime="20200905 13:26:00.521" endtime="20200905 13:26:00.609"></status>
</kw>
<kw name="Input Text" library="SeleniumLibrary">
<doc>Types the given ``text`` into the text field identified by ``locator``.</doc>
<arguments>
<arg>id:address</arg>
<arg>${address}</arg>
</arguments>
<msg timestamp="20200905 13:26:00.610" level="INFO">Typing text '' into text field 'id:address'.</msg>
<status status="PASS" starttime="20200905 13:26:00.609" endtime="20200905 13:26:00.681"></status>
</kw>
<kw name="Input Text" library="SeleniumLibrary">
<doc>Types the given ``text`` into the text field identified by ``locator``.</doc>
<arguments>
<arg>id:phone_number</arg>
<arg>${phone_number}</arg>
</arguments>
<msg timestamp="20200905 13:26:00.682" level="INFO">Typing text '' into text field 'id:phone_number'.</msg>
<status status="PASS" starttime="20200905 13:26:00.681" endtime="20200905 13:26:00.772"></status>
</kw>
<kw name="Click Element" library="SeleniumLibrary">
<doc>Click the element identified by ``locator``.</doc>
<arguments>
<arg>xpath://button[text()='CADASTRAR']</arg>
</arguments>
<msg timestamp="20200905 13:26:00.772" level="INFO">Clicking element 'xpath://button[text()='CADASTRAR']'.</msg>
<status status="PASS" starttime="20200905 13:26:00.772" endtime="20200905 13:26:00.835"></status>
</kw>
<status status="PASS" starttime="20200905 13:26:00.433" endtime="20200905 13:26:00.835"></status>
</kw>
<status status="PASS" starttime="20200905 13:26:00.417" endtime="20200905 13:26:00.835"></status>
</kw>
<kw name="Então devo ver mensagens informando que os campos do cadastro de clientes são obrigatórios" library="kws">
<kw name="Wait Until Page Contains" library="SeleniumLibrary">
<doc>Waits until ``text`` appears on the current page.</doc>
<arguments>
<arg>Nome é obrigatório</arg>
<arg>5</arg>
</arguments>
<status status="PASS" starttime="20200905 13:26:00.837" endtime="20200905 13:26:00.851"></status>
</kw>
<kw name="Wait Until Page Contains" library="SeleniumLibrary">
<doc>Waits until ``text`` appears on the current page.</doc>
<arguments>
<arg>CPF é obrigatório</arg>
<arg>5</arg>
</arguments>
<status status="PASS" starttime="20200905 13:26:00.852" endtime="20200905 13:26:00.867"></status>
</kw>
<kw name="Wait Until Page Contains" library="SeleniumLibrary">
<doc>Waits until ``text`` appears on the current page.</doc>
<arguments>
<arg>Endereço é obrigatório</arg>
<arg>5</arg>
</arguments>
<status status="PASS" starttime="20200905 13:26:00.867" endtime="20200905 13:26:00.877"></status>
</kw>
<kw name="Wait Until Page Contains" library="SeleniumLibrary">
<doc>Waits until ``text`` appears on the current page.</doc>
<arguments>
<arg>Telefone é obrigatório</arg>
<arg>5</arg>
</arguments>
<status status="PASS" starttime="20200905 13:26:00.877" endtime="20200905 13:26:00.889"></status>
</kw>
<status status="PASS" starttime="20200905 13:26:00.836" endtime="20200905 13:26:00.889"></status>
</kw>
<kw name="Finish Session" library="hooks" type="teardown">
<kw name="Close Browser" library="SeleniumLibrary">
<doc>Closes the current browser.</doc>
<status status="PASS" starttime="20200905 13:26:00.890" endtime="20200905 13:26:03.447"></status>
</kw>
<status status="PASS" starttime="20200905 13:26:00.890" endtime="20200905 13:26:03.447"></status>
</kw>
<status status="PASS" starttime="20200905 13:25:52.007" endtime="20200905 13:26:03.448" critical="yes"></status>
</test>
<test id="s1-t3" name="Nome é Obrigatório">
<kw name="Login Session" library="hooks" type="setup">
<kw name="Start Session" library="hooks">
<kw name="Open Browser" library="SeleniumLibrary">
<doc>Opens a new browser instance to the optional ``url``.</doc>
<arguments>
<arg>about:blank</arg>
<arg>chrome</arg>
</arguments>
<msg timestamp="20200905 13:26:03.452" level="INFO">Opening browser 'chrome' to base url 'about:blank'.</msg>
<status status="PASS" starttime="20200905 13:26:03.452" endtime="20200905 13:26:06.904"></status>
</kw>
<kw name="Maximize Browser Window" library="SeleniumLibrary">
<doc>Maximizes current browser window.</doc>
<status status="PASS" starttime="20200905 13:26:06.904" endtime="20200905 13:26:09.041"></status>
</kw>
<status status="PASS" starttime="20200905 13:26:03.451" endtime="20200905 13:26:09.041"></status>
</kw>
<kw name="Go To" library="SeleniumLibrary">
<doc>Navigates the current browser window to the provided ``url``.</doc>
<arguments>
<arg>${base_url}</arg>
</arguments>
<msg timestamp="20200905 13:26:09.042" level="INFO">Opening url 'http://zepalheta-web:3000'</msg>
<status status="PASS" starttime="20200905 13:26:09.041" endtime="20200905 13:26:10.237"></status>
</kw>
<kw name="Login With" library="LoginPage">
<arguments>
<arg>${admin_user}</arg>
<arg>${admin_pass}</arg>
</arguments>
<kw name="Input Text" library="SeleniumLibrary">
<doc>Types the given ``text`` into the text field identified by ``locator``.</doc>
<arguments>
<arg>id:txtEmail</arg>
<arg>${email}</arg>
</arguments>
<msg timestamp="20200905 13:26:10.238" level="INFO">Typing text 'admin@zepalheta.com.br' into text field 'id:txtEmail'.</msg>
<status status="PASS" starttime="20200905 13:26:10.237" endtime="20200905 13:26:11.058"></status>
</kw>
<kw name="Input Text" library="SeleniumLibrary">
<doc>Types the given ``text`` into the text field identified by ``locator``.</doc>
<arguments>
<arg>css:input[placeholder=Senha]</arg>
<arg>${password}</arg>
</arguments>
<msg timestamp="20200905 13:26:11.061" level="INFO">Typing text 'pwd123' into text field 'css:input[placeholder=Senha]'.</msg>
<status status="PASS" starttime="20200905 13:26:11.058" endtime="20200905 13:26:11.156"></status>
</kw>
<kw name="Click Element" library="SeleniumLibrary">
<doc>Click the element identified by ``locator``.</doc>
<arguments>
<arg>xpath://button[text()='Entrar']</arg>
</arguments>
<msg timestamp="20200905 13:26:11.156" level="INFO">Clicking element 'xpath://button[text()='Entrar']'.</msg>
<status status="PASS" starttime="20200905 13:26:11.156" endtime="20200905 13:26:11.219"></status>
</kw>
<status status="PASS" starttime="20200905 13:26:10.237" endtime="20200905 13:26:11.220"></status>
</kw>
<status status="PASS" starttime="20200905 13:26:03.451" endtime="20200905 13:26:11.220"></status>
</kw>
<kw name="Validação de Campos">
<arguments>
<arg>${EMPTY}</arg>
<arg>34508390222</arg>
<arg>Rua dos Bugs, 1000</arg>
<arg>11999999999</arg>
<arg>Nome é obrigatório</arg>
</arguments>
<kw name="Dado que acesso o formulário de Cadastro de Clientes" library="kws">
<kw name="Wait Until Element Is Visible" library="SeleniumLibrary">
<doc>Waits until the element ``locator`` is visible.</doc>
<arguments>
<arg>${NAV_CUSTOMERS}</arg>
<arg>5</arg>
</arguments>
<status status="PASS" starttime="20200905 13:26:11.222" endtime="20200905 13:26:11.490"></status>
</kw>
<kw name="Click Element" library="SeleniumLibrary">
<doc>Click the element identified by ``locator``.</doc>
<arguments>
<arg>${NAV_CUSTOMERS}</arg>
</arguments>
<msg timestamp="20200905 13:26:11.491" level="INFO">Clicking element 'css:a[href$=customers]'.</msg>
<status status="PASS" starttime="20200905 13:26:11.491" endtime="20200905 13:26:11.550"></status>
</kw>
<kw name="Wait Until Element Is Visible" library="SeleniumLibrary">
<doc>Waits until the element ``locator`` is visible.</doc>
<arguments>
<arg>${CUSTOMERS_FORM}</arg>
<arg>5</arg>
</arguments>
<status status="PASS" starttime="20200905 13:26:11.550" endtime="20200905 13:26:11.588"></status>
</kw>
<kw name="Click Element" library="SeleniumLibrary">
<doc>Click the element identified by ``locator``.</doc>
<arguments>
<arg>${CUSTOMERS_FORM}</arg>
</arguments>
<msg timestamp="20200905 13:26:11.589" level="INFO">Clicking element 'css:a[href$=register]'.</msg>
<status status="PASS" starttime="20200905 13:26:11.589" endtime="20200905 13:26:11.667"></status>
</kw>
<status status="PASS" starttime="20200905 13:26:11.222" endtime="20200905 13:26:11.667"></status>
</kw>
<kw name="Quando faço a inclusão desse Cliente:" library="kws">
<arguments>
<arg>${nome}</arg>
<arg>${cpf}</arg>
<arg>${endereco}</arg>
<arg>${telefone}</arg>
</arguments>
<kw name="Remove Customer By Cpf" library="db">
<arguments>
<arg>${cpf}</arg>
</arguments>
<status status="PASS" starttime="20200905 13:26:11.668" endtime="20200905 13:26:11.682"></status>
</kw>
<kw name="Register New Customer" library="CustomersPage">
<arguments>
<arg>${name}</arg>
<arg>${cpf}</arg>
<arg>${address}</arg>
<arg>${phone_number}</arg>
</arguments>
<kw name="Input Text" library="SeleniumLibrary">
<doc>Types the given ``text`` into the text field identified by ``locator``.</doc>
<arguments>
<arg>id:name</arg>
<arg>${name}</arg>
</arguments>
<msg timestamp="20200905 13:26:11.683" level="INFO">Typing text '' into text field 'id:name'.</msg>
<status status="PASS" starttime="20200905 13:26:11.683" endtime="20200905 13:26:11.754"></status>
</kw>
<kw name="Input Text" library="SeleniumLibrary">
<doc>Types the given ``text`` into the text field identified by ``locator``.</doc>
<arguments>
<arg>id:cpf</arg>
<arg>${cpf}</arg>
</arguments>
<msg timestamp="20200905 13:26:11.754" level="INFO">Typing text '34508390222' into text field 'id:cpf'.</msg>
<status status="PASS" starttime="20200905 13:26:11.754" endtime="20200905 13:26:11.866"></status>
</kw>
<kw name="Input Text" library="SeleniumLibrary">
<doc>Types the given ``text`` into the text field identified by ``locator``.</doc>
<arguments>
<arg>id:address</arg>
<arg>${address}</arg>
</arguments>
<msg timestamp="20200905 13:26:11.867" level="INFO">Typing text 'Rua dos Bugs, 1000' into text field 'id:address'.</msg>
<status status="PASS" starttime="20200905 13:26:11.866" endtime="20200905 13:26:11.969"></status>
</kw>
<kw name="Input Text" library="SeleniumLibrary">
<doc>Types the given ``text`` into the text field identified by ``locator``.</doc>
<arguments>
<arg>id:phone_number</arg>
<arg>${phone_number}</arg>
</arguments>
<msg timestamp="20200905 13:26:11.970" level="INFO">Typing text '11999999999' into text field 'id:phone_number'.</msg>
<status status="PASS" starttime="20200905 13:26:11.970" endtime="20200905 13:26:12.065"></status>
</kw>
<kw name="Click Element" library="SeleniumLibrary">
<doc>Click the element identified by ``locator``.</doc>
<arguments>
<arg>xpath://button[text()='CADASTRAR']</arg>
</arguments>
<msg timestamp="20200905 13:26:12.065" level="INFO">Clicking element 'xpath://button[text()='CADASTRAR']'.</msg>
<status status="PASS" starttime="20200905 13:26:12.065" endtime="20200905 13:26:12.118"></status>
</kw>
<status status="PASS" starttime="20200905 13:26:11.682" endtime="20200905 13:26:12.119"></status>
</kw>
<status status="PASS" starttime="20200905 13:26:11.667" endtime="20200905 13:26:12.119"></status>
</kw>
<kw name="Então devo ver o texto" library="kws">
<arguments>
<arg>${saida}</arg>
</arguments>
<kw name="Wait Until Page Contains" library="SeleniumLibrary">
<doc>Waits until ``text`` appears on the current page.</doc>
<arguments>
<arg>${expect_text}</arg>
<arg>5</arg>
</arguments>
<status status="PASS" starttime="20200905 13:26:12.120" endtime="20200905 13:26:12.134"></status>
</kw>
<status status="PASS" starttime="20200905 13:26:12.119" endtime="20200905 13:26:12.134"></status>
</kw>
<status status="PASS" starttime="20200905 13:26:11.221" endtime="20200905 13:26:12.134"></status>
</kw>
<kw name="Finish Session" library="hooks" type="teardown">
<kw name="Close Browser" library="SeleniumLibrary">
<doc>Closes the current browser.</doc>
<status status="PASS" starttime="20200905 13:26:12.135" endtime="20200905 13:26:14.298"></status>
</kw>
<status status="PASS" starttime="20200905 13:26:12.135" endtime="20200905 13:26:14.299"></status>
</kw>
<tags>
<tag>required</tag>
</tags>
<status status="PASS" starttime="20200905 13:26:03.450" endtime="20200905 13:26:14.300" critical="yes"></status>
</test>
<test id="s1-t4" name="Cpf é Obrigatório">
<kw name="Login Session" library="hooks" type="setup">
<kw name="Start Session" library="hooks">
<kw name="Open Browser" library="SeleniumLibrary">
<doc>Opens a new browser instance to the optional ``url``.</doc>
<arguments>
<arg>about:blank</arg>
<arg>chrome</arg>
</arguments>
<msg timestamp="20200905 13:26:14.309" level="INFO">Opening browser 'chrome' to base url 'about:blank'.</msg>
<status status="PASS" starttime="20200905 13:26:14.308" endtime="20200905 13:26:17.875"></status>
</kw>
<kw name="Maximize Browser Window" library="SeleniumLibrary">
<doc>Maximizes current browser window.</doc>
<status status="PASS" starttime="20200905 13:26:17.875" endtime="20200905 13:26:20.002"></status>
</kw>
<status status="PASS" starttime="20200905 13:26:14.307" endtime="20200905 13:26:20.002"></status>
</kw>
<kw name="Go To" library="SeleniumLibrary">
<doc>Navigates the current browser window to the provided ``url``.</doc>
<arguments>
<arg>${base_url}</arg>
</arguments>
<msg timestamp="20200905 13:26:20.003" level="INFO">Opening url 'http://zepalheta-web:3000'</msg>
<status status="PASS" starttime="20200905 13:26:20.002" endtime="20200905 13:26:21.202"></status>
</kw>
<kw name="Login With" library="LoginPage">
<arguments>
<arg>${admin_user}</arg>
<arg>${admin_pass}</arg>
</arguments>
<kw name="Input Text" library="SeleniumLibrary">
<doc>Types the given ``text`` into the text field identified by ``locator``.</doc>
<arguments>
<arg>id:txtEmail</arg>
<arg>${email}</arg>
</arguments>
<msg timestamp="20200905 13:26:21.203" level="INFO">Typing text 'admin@zepalheta.com.br' into text field 'id:txtEmail'.</msg>
<status status="PASS" starttime="20200905 13:26:21.203" endtime="20200905 13:26:22.086"></status>
</kw>
<kw name="Input Text" library="SeleniumLibrary">
<doc>Types the given ``text`` into the text field identified by ``locator``.</doc>
<arguments>
<arg>css:input[placeholder=Senha]</arg>
<arg>${password}</arg>
</arguments>
<msg timestamp="20200905 13:26:22.086" level="INFO">Typing text 'pwd123' into text field 'css:input[placeholder=Senha]'.</msg>
<status status="PASS" starttime="20200905 13:26:22.086" endtime="20200905 13:26:22.180"></status>
</kw>
<kw name="Click Element" library="SeleniumLibrary">
<doc>Click the element identified by ``locator``.</doc>
<arguments>
<arg>xpath://button[text()='Entrar']</arg>
</arguments>
<msg timestamp="20200905 13:26:22.180" level="INFO">Clicking element 'xpath://button[text()='Entrar']'.</msg>
<status status="PASS" starttime="20200905 13:26:22.180" endtime="20200905 13:26:22.239"></status>
</kw>
<status status="PASS" starttime="20200905 13:26:21.202" endtime="20200905 13:26:22.240"></status>
</kw>
<status status="PASS" starttime="20200905 13:26:14.306" endtime="20200905 13:26:22.241"></status>
</kw>
<kw name="Validação de Campos">
<arguments>
<arg>Fernanda</arg>
<arg>${EMPTY}</arg>
<arg>Rua dos Bugs, 1000</arg>
<arg>11999999999</arg>
<arg>CPF é obrigatório</arg>
</arguments>
<kw name="Dado que acesso o formulário de Cadastro de Clientes" library="kws">
<kw name="Wait Until Element Is Visible" library="SeleniumLibrary">
<doc>Waits until the element ``locator`` is visible.</doc>
<arguments>
<arg>${NAV_CUSTOMERS}</arg>
<arg>5</arg>
</arguments>
<status status="PASS" starttime="20200905 13:26:22.244" endtime="20200905 13:26:22.481"></status>
</kw>
<kw name="Click Element" library="SeleniumLibrary">
<doc>Click the element identified by ``locator``.</doc>
<arguments>
<arg>${NAV_CUSTOMERS}</arg>
</arguments>
<msg timestamp="20200905 13:26:22.481" level="INFO">Clicking element 'css:a[href$=customers]'.</msg>
<status status="PASS" starttime="20200905 13:26:22.481" endtime="20200905 13:26:22.535"></status>
</kw>
<kw name="Wait Until Element Is Visible" library="SeleniumLibrary">
<doc>Waits until the element ``locator`` is visible.</doc>
<arguments>
<arg>${CUSTOMERS_FORM}</arg>
<arg>5</arg>
</arguments>
<status status="PASS" starttime="20200905 13:26:22.535" endtime="20200905 13:26:22.566"></status>
</kw>
<kw name="Click Element" library="SeleniumLibrary">
<doc>Click the element identified by ``locator``.</doc>
<arguments>
<arg>${CUSTOMERS_FORM}</arg>
</arguments>
<msg timestamp="20200905 13:26:22.567" level="INFO">Clicking element 'css:a[href$=register]'.</msg>
<status status="PASS" starttime="20200905 13:26:22.566" endtime="20200905 13:26:22.648"></status>
</kw>
<status status="PASS" starttime="20200905 13:26:22.244" endtime="20200905 13:26:22.648"></status>
</kw>
<kw name="Quando faço a inclusão desse Cliente:" library="kws">
<arguments>
<arg>${nome}</arg>
<arg>${cpf}</arg>
<arg>${endereco}</arg>
<arg>${telefone}</arg>
</arguments>
<kw name="Remove Customer By Cpf" library="db">
<arguments>
<arg>${cpf}</arg>
</arguments>
<status status="PASS" starttime="20200905 13:26:22.650" endtime="20200905 13:26:22.663"></status>
</kw>
<kw name="Register New Customer" library="CustomersPage">
<arguments>
<arg>${name}</arg>
<arg>${cpf}</arg>
<arg>${address}</arg>
<arg>${phone_number}</arg>
</arguments>
<kw name="Input Text" library="SeleniumLibrary">
<doc>Types the given ``text`` into the text field identified by ``locator``.</doc>
<arguments>
<arg>id:name</arg>
<arg>${name}</arg>
</arguments>
<msg timestamp="20200905 13:26:22.664" level="INFO">Typing text 'Fernanda' into text field 'id:name'.</msg>
<status status="PASS" starttime="20200905 13:26:22.664" endtime="20200905 13:26:22.753"></status>
</kw>
<kw name="Input Text" library="SeleniumLibrary">
<doc>Types the given ``text`` into the text field identified by ``locator``.</doc>
<arguments>
<arg>id:cpf</arg>
<arg>${cpf}</arg>
</arguments>
<msg timestamp="20200905 13:26:22.755" level="INFO">Typing text '' into text field 'id:cpf'.</msg>
<status status="PASS" starttime="20200905 13:26:22.754" endtime="20200905 13:26:22.844"></status>
</kw>
<kw name="Input Text" library="SeleniumLibrary">
<doc>Types the given ``text`` into the text field identified by ``locator``.</doc>
<arguments>
<arg>id:address</arg>
<arg>${address}</arg>
</arguments>
<msg timestamp="20200905 13:26:22.845" level="INFO">Typing text 'Rua dos Bugs, 1000' into text field 'id:address'.</msg>
<status status="PASS" starttime="20200905 13:26:22.844" endtime="20200905 13:26:22.952"></status>
</kw>
<kw name="Input Text" library="SeleniumLibrary">
<doc>Types the given ``text`` into the text field identified by ``locator``.</doc>
<arguments>
<arg>id:phone_number</arg>
<arg>${phone_number}</arg>
</arguments>
<msg timestamp="20200905 13:26:22.953" level="INFO">Typing text '11999999999' into text field 'id:phone_number'.</msg>
<status status="PASS" starttime="20200905 13:26:22.952" endtime="20200905 13:26:23.054"></status>
</kw>
<kw name="Click Element" library="SeleniumLibrary">
<doc>Click the element identified by ``locator``.</doc>
<arguments>
<arg>xpath://button[text()='CADASTRAR']</arg>
</arguments>
<msg timestamp="20200905 13:26:23.055" level="INFO">Clicking element 'xpath://button[text()='CADASTRAR']'.</msg>
<status status="PASS" starttime="20200905 13:26:23.055" endtime="20200905 13:26:23.116"></status>
</kw>
<status status="PASS" starttime="20200905 13:26:22.663" endtime="20200905 13:26:23.116"></status>
</kw>
<status status="PASS" starttime="20200905 13:26:22.648" endtime="20200905 13:26:23.117"></status>
</kw>
<kw name="Então devo ver o texto" library="kws">
<arguments>
<arg>${saida}</arg>
</arguments>
<kw name="Wait Until Page Contains" library="SeleniumLibrary">
<doc>Waits until ``text`` appears on the current page.</doc>
<arguments>
<arg>${expect_text}</arg>
<arg>5</arg>
</arguments>
<status status="PASS" starttime="20200905 13:26:23.117" endtime="20200905 13:26:23.132"></status>
</kw>
<status status="PASS" starttime="20200905 13:26:23.117" endtime="20200905 13:26:23.133"></status>
</kw>
<status status="PASS" starttime="20200905 13:26:22.242" endtime="20200905 13:26:23.133"></status>
</kw>
<kw name="Finish Session" library="hooks" type="teardown">
<kw name="Close Browser" library="SeleniumLibrary">
<doc>Closes the current browser.</doc>
<status status="PASS" starttime="20200905 13:26:23.135" endtime="20200905 13:26:25.275"></status>
</kw>
<status status="PASS" starttime="20200905 13:26:23.134" endtime="20200905 13:26:25.275"></status>
</kw>
<tags>
<tag>required</tag>
</tags>
<status status="PASS" starttime="20200905 13:26:14.304" endtime="20200905 13:26:25.276" critical="yes"></status>
</test>
<test id="s1-t5" name="Endereço é Obrigatório">
<kw name="Login Session" library="hooks" type="setup">
<kw name="Start Session" library="hooks">
<kw name="Open Browser" library="SeleniumLibrary">
<doc>Opens a new browser instance to the optional ``url``.</doc>
<arguments>
<arg>about:blank</arg>
<arg>chrome</arg>
</arguments>
<msg timestamp="20200905 13:26:25.280" level="INFO">Opening browser 'chrome' to base url 'about:blank'.</msg>
<status status="PASS" starttime="20200905 13:26:25.280" endtime="20200905 13:26:28.963"></status>
</kw>
<kw name="Maximize Browser Window" library="SeleniumLibrary">
<doc>Maximizes current browser window.</doc>
<status status="PASS" starttime="20200905 13:26:28.963" endtime="20200905 13:26:31.104"></status>
</kw>
<status status="PASS" starttime="20200905 13:26:25.280" endtime="20200905 13:26:31.104"></status>
</kw>
<kw name="Go To" library="SeleniumLibrary">
<doc>Navigates the current browser window to the provided ``url``.</doc>
<arguments>
<arg>${base_url}</arg>
</arguments>
<msg timestamp="20200905 13:26:31.105" level="INFO">Opening url 'http://zepalheta-web:3000'</msg>
<status status="PASS" starttime="20200905 13:26:31.105" endtime="20200905 13:26:32.825"></status>
</kw>
<kw name="Login With" library="LoginPage">
<arguments>
<arg>${admin_user}</arg>
<arg>${admin_pass}</arg>
</arguments>
<kw name="Input Text" library="SeleniumLibrary">
<doc>Types the given ``text`` into the text field identified by ``locator``.</doc>
<arguments>
<arg>id:txtEmail</arg>
<arg>${email}</arg>
</arguments>
<msg timestamp="20200905 13:26:32.827" level="INFO">Typing text 'admin@zepalheta.com.br' into text field 'id:txtEmail'.</msg>
<status status="PASS" starttime="20200905 13:26:32.827" endtime="20200905 13:26:32.925"></status>
</kw>
<kw name="Input Text" library="SeleniumLibrary">
<doc>Types the given ``text`` into the text field identified by ``locator``.</doc>
<arguments>
<arg>css:input[placeholder=Senha]</arg>
<arg>${password}</arg>
</arguments>
<msg timestamp="20200905 13:26:32.925" level="INFO">Typing text 'pwd123' into text field 'css:input[placeholder=Senha]'.</msg>
<status status="PASS" starttime="20200905 13:26:32.925" endtime="20200905 13:26:33.009"></status>
</kw>
<kw name="Click Element" library="SeleniumLibrary">
<doc>Click the element identified by ``locator``.</doc>
<arguments>
<arg>xpath://button[text()='Entrar']</arg>
</arguments>
<msg timestamp="20200905 13:26:33.010" level="INFO">Clicking element 'xpath://button[text()='Entrar']'.</msg>
<status status="PASS" starttime="20200905 13:26:33.010" endtime="20200905 13:26:33.064"></status>
</kw>
<status status="PASS" starttime="20200905 13:26:32.825" endtime="20200905 13:26:33.064"></status>
</kw>
<status status="PASS" starttime="20200905 13:26:25.279" endtime="20200905 13:26:33.064"></status>
</kw>
<kw name="Validação de Campos">
<arguments>
<arg>Fernanda</arg>
<arg>34508390222</arg>
<arg>${EMPTY}</arg>
<arg>11999999999</arg>
<arg>Endereço é obrigatório</arg>
</arguments>
<kw name="Dado que acesso o formulário de Cadastro de Clientes" library="kws">
<kw name="Wait Until Element Is Visible" library="SeleniumLibrary">
<doc>Waits until the element ``locator`` is visible.</doc>
<arguments>
<arg>${NAV_CUSTOMERS}</arg>
<arg>5</arg>
</arguments>
<status status="PASS" starttime="20200905 13:26:33.068" endtime="20200905 13:26:33.301"></status>
</kw>
<kw name="Click Element" library="SeleniumLibrary">
<doc>Click the element identified by ``locator``.</doc>
<arguments>
<arg>${NAV_CUSTOMERS}</arg>
</arguments>
<msg timestamp="20200905 13:26:33.302" level="INFO">Clicking element 'css:a[href$=customers]'.</msg>
<status status="PASS" starttime="20200905 13:26:33.302" endtime="20200905 13:26:33.347"></status>
</kw>
<kw name="Wait Until Element Is Visible" library="SeleniumLibrary">
<doc>Waits until the element ``locator`` is visible.</doc>
<arguments>
<arg>${CUSTOMERS_FORM}</arg>
<arg>5</arg>
</arguments>
<status status="PASS" starttime="20200905 13:26:33.348" endtime="20200905 13:26:33.387"></status>
</kw>
<kw name="Click Element" library="SeleniumLibrary">
<doc>Click the element identified by ``locator``.</doc>
<arguments>
<arg>${CUSTOMERS_FORM}</arg>
</arguments>
<msg timestamp="20200905 13:26:33.387" level="INFO">Clicking element 'css:a[href$=register]'.</msg>
<status status="PASS" starttime="20200905 13:26:33.387" endtime="20200905 13:26:33.459"></status>
</kw>
<status status="PASS" starttime="20200905 13:26:33.067" endtime="20200905 13:26:33.459"></status>
</kw>
<kw name="Quando faço a inclusão desse Cliente:" library="kws">
<arguments>
<arg>${nome}</arg>
<arg>${cpf}</arg>
<arg>${endereco}</arg>
<arg>${telefone}</arg>
</arguments>
<kw name="Remove Customer By Cpf" library="db">
<arguments>
<arg>${cpf}</arg>
</arguments>
<status status="PASS" starttime="20200905 13:26:33.460" endtime="20200905 13:26:33.488"></status>
</kw>
<kw name="Register New Customer" library="CustomersPage">
<arguments>
<arg>${name}</arg>
<arg>${cpf}</arg>
<arg>${address}</arg>
<arg>${phone_number}</arg>
</arguments>
<kw name="Input Text" library="SeleniumLibrary">
<doc>Types the given ``text`` into the text field identified by ``locator``.</doc>
<arguments>
<arg>id:name</arg>
<arg>${name}</arg>
</arguments>
<msg timestamp="20200905 13:26:33.490" level="INFO">Typing text 'Fernanda' into text field 'id:name'.</msg>
<status status="PASS" starttime="20200905 13:26:33.490" endtime="20200905 13:26:33.566"></status>
</kw>
<kw name="Input Text" library="SeleniumLibrary">
<doc>Types the given ``text`` into the text field identified by ``locator``.</doc>
<arguments>
<arg>id:cpf</arg>
<arg>${cpf}</arg>
</arguments>
<msg timestamp="20200905 13:26:33.566" level="INFO">Typing text '34508390222' into text field 'id:cpf'.</msg>
<status status="PASS" starttime="20200905 13:26:33.566" endtime="20200905 13:26:33.661"></status>
</kw>
<kw name="Input Text" library="SeleniumLibrary">
<doc>Types the given ``text`` into the text field identified by ``locator``.</doc>
<arguments>
<arg>id:address</arg>
<arg>${address}</arg>
</arguments>
<msg timestamp="20200905 13:26:33.662" level="INFO">Typing text '' into text field 'id:address'.</msg>
<status status="PASS" starttime="20200905 13:26:33.661" endtime="20200905 13:26:33.740"></status>
</kw>
<kw name="Input Text" library="SeleniumLibrary">
<doc>Types the given ``text`` into the text field identified by ``locator``.</doc>
<arguments>
<arg>id:phone_number</arg>
<arg>${phone_number}</arg>
</arguments>
<msg timestamp="20200905 13:26:33.740" level="INFO">Typing text '11999999999' into text field 'id:phone_number'.</msg>
<status status="PASS" starttime="20200905 13:26:33.740" endtime="20200905 13:26:33.833"></status>
</kw>
<kw name="Click Element" library="SeleniumLibrary">
<doc>Click the element identified by ``locator``.</doc>
<arguments>
<arg>xpath://button[text()='CADASTRAR']</arg>
</arguments>
<msg timestamp="20200905 13:26:33.834" level="INFO">Clicking element 'xpath://button[text()='CADASTRAR']'.</msg>
<status status="PASS" starttime="20200905 13:26:33.834" endtime="20200905 13:26:33.882"></status>
</kw>
<status status="PASS" starttime="20200905 13:26:33.488" endtime="20200905 13:26:33.882"></status>
</kw>
<status status="PASS" starttime="20200905 13:26:33.459" endtime="20200905 13:26:33.882"></status>
</kw>
<kw name="Então devo ver o texto" library="kws">
<arguments>
<arg>${saida}</arg>
</arguments>
<kw name="Wait Until Page Contains" library="SeleniumLibrary">
<doc>Waits until ``text`` appears on the current page.</doc>
<arguments>
<arg>${expect_text}</arg>
<arg>5</arg>
</arguments>
<status status="PASS" starttime="20200905 13:26:33.883" endtime="20200905 13:26:33.896"></status>
</kw>
<status status="PASS" starttime="20200905 13:26:33.882" endtime="20200905 13:26:33.896"></status>
</kw>
<status status="PASS" starttime="20200905 13:26:33.065" endtime="20200905 13:26:33.896"></status>
</kw>
<kw name="Finish Session" library="hooks" type="teardown">
<kw name="Close Browser" library="SeleniumLibrary">
<doc>Closes the current browser.</doc>
<status status="PASS" starttime="20200905 13:26:33.898" endtime="20200905 13:26:36.038"></status>
</kw>
<status status="PASS" starttime="20200905 13:26:33.897" endtime="20200905 13:26:36.039"></status>
</kw>
<tags>
<tag>required</tag>
</tags>
<status status="PASS" starttime="20200905 13:26:25.279" endtime="20200905 13:26:36.041" critical="yes"></status>
</test>
<test id="s1-t6" name="Telefone é Obrigatório">
<kw name="Login Session" library="hooks" type="setup">
<kw name="Start Session" library="hooks">
<kw name="Open Browser" library="SeleniumLibrary">
<doc>Opens a new browser instance to the optional ``url``.</doc>
<arguments>
<arg>about:blank</arg>
<arg>chrome</arg>
</arguments>
<msg timestamp="20200905 13:26:36.049" level="INFO">Opening browser 'chrome' to base url 'about:blank'.</msg>
<status status="PASS" starttime="20200905 13:26:36.049" endtime="20200905 13:26:39.336"></status>
</kw>
<kw name="Maximize Browser Window" library="SeleniumLibrary">
<doc>Maximizes current browser window.</doc>
<status status="PASS" starttime="20200905 13:26:39.336" endtime="20200905 13:26:41.467"></status>
</kw>
<status status="PASS" starttime="20200905 13:26:36.048" endtime="20200905 13:26:41.468"></status>
</kw>
<kw name="Go To" library="SeleniumLibrary">
<doc>Navigates the current browser window to the provided ``url``.</doc>
<arguments>
<arg>${base_url}</arg>
</arguments>
<msg timestamp="20200905 13:26:41.469" level="INFO">Opening url 'http://zepalheta-web:3000'</msg>
<status status="PASS" starttime="20200905 13:26:41.468" endtime="20200905 13:26:42.515"></status>
</kw>
<kw name="Login With" library="LoginPage">
<arguments>
<arg>${admin_user}</arg>
<arg>${admin_pass}</arg>
</arguments>
<kw name="Input Text" library="SeleniumLibrary">
<doc>Types the given ``text`` into the text field identified by ``locator``.</doc>
<arguments>
<arg>id:txtEmail</arg>
<arg>${email}</arg>
</arguments>
<msg timestamp="20200905 13:26:42.516" level="INFO">Typing text 'admin@zepalheta.com.br' into text field 'id:txtEmail'.</msg>
<status status="PASS" starttime="20200905 13:26:42.516" endtime="20200905 13:26:43.198"></status>
</kw>
<kw name="Input Text" library="SeleniumLibrary">
<doc>Types the given ``text`` into the text field identified by ``locator``.</doc>
<arguments>
<arg>css:input[placeholder=Senha]</arg>
<arg>${password}</arg>
</arguments>
<msg timestamp="20200905 13:26:43.200" level="INFO">Typing text 'pwd123' into text field 'css:input[placeholder=Senha]'.</msg>
<status status="PASS" starttime="20200905 13:26:43.199" endtime="20200905 13:26:43.289"></status>
</kw>
<kw name="Click Element" library="SeleniumLibrary">
<doc>Click the element identified by ``locator``.</doc>
<arguments>
<arg>xpath://button[text()='Entrar']</arg>
</arguments>
<msg timestamp="20200905 13:26:43.289" level="INFO">Clicking element 'xpath://button[text()='Entrar']'.</msg>
<status status="PASS" starttime="20200905 13:26:43.289" endtime="20200905 13:26:43.340"></status>
</kw>
<status status="PASS" starttime="20200905 13:26:42.515" endtime="20200905 13:26:43.341"></status>
</kw>
<status status="PASS" starttime="20200905 13:26:36.048" endtime="20200905 13:26:43.341"></status>
</kw>
<kw name="Validação de Campos">
<arguments>
<arg>Fernanda</arg>
<arg>34508390222</arg>
<arg>Rua dos Bugs, 1000</arg>
<arg>${EMPTY}</arg>
<arg>Telefone é obrigatório</arg>
</arguments>
<kw name="Dado que acesso o formulário de Cadastro de Clientes" library="kws">
<kw name="Wait Until Element Is Visible" library="SeleniumLibrary">
<doc>Waits until the element ``locator`` is visible.</doc>
<arguments>
<arg>${NAV_CUSTOMERS}</arg>
<arg>5</arg>
</arguments>
<status status="PASS" starttime="20200905 13:26:43.343" endtime="20200905 13:26:43.603"></status>
</kw>
<kw name="Click Element" library="SeleniumLibrary">
<doc>Click the element identified by ``locator``.</doc>
<arguments>
<arg>${NAV_CUSTOMERS}</arg>
</arguments>
<msg timestamp="20200905 13:26:43.604" level="INFO">Clicking element 'css:a[href$=customers]'.</msg>
<status status="PASS" starttime="20200905 13:26:43.603" endtime="20200905 13:26:43.649"></status>
</kw>
<kw name="Wait Until Element Is Visible" library="SeleniumLibrary">
<doc>Waits until the element ``locator`` is visible.</doc>
<arguments>
<arg>${CUSTOMERS_FORM}</arg>
<arg>5</arg>
</arguments>
<status status="PASS" starttime="20200905 13:26:43.649" endtime="20200905 13:26:43.687"></status>
</kw>
<kw name="Click Element" library="SeleniumLibrary">
<doc>Click the element identified by ``locator``.</doc>
<arguments>
<arg>${CUSTOMERS_FORM}</arg>
</arguments>
<msg timestamp="20200905 13:26:43.687" level="INFO">Clicking element 'css:a[href$=register]'.</msg>
<status status="PASS" starttime="20200905 13:26:43.687" endtime="20200905 13:26:43.755"></status>
</kw>
<status status="PASS" starttime="20200905 13:26:43.343" endtime="20200905 13:26:43.755"></status>
</kw>
<kw name="Quando faço a inclusão desse Cliente:" library="kws">
<arguments>
<arg>${nome}</arg>
<arg>${cpf}</arg>
<arg>${endereco}</arg>
<arg>${telefone}</arg>
</arguments>
<kw name="Remove Customer By Cpf" library="db">
<arguments>
<arg>${cpf}</arg>
</arguments>
<status status="PASS" starttime="20200905 13:26:43.757" endtime="20200905 13:26:43.768"></status>
</kw>
<kw name="Register New Customer" library="CustomersPage">
<arguments>
<arg>${name}</arg>
<arg>${cpf}</arg>
<arg>${address}</arg>
<arg>${phone_number}</arg>
</arguments>
<kw name="Input Text" library="SeleniumLibrary">
<doc>Types the given ``text`` into the text field identified by ``locator``.</doc>
<arguments>
<arg>id:name</arg>
<arg>${name}</arg>
</arguments>
<msg timestamp="20200905 13:26:43.769" level="INFO">Typing text 'Fernanda' into text field 'id:name'.</msg>
<status status="PASS" starttime="20200905 13:26:43.769" endtime="20200905 13:26:43.844"></status>
</kw>
<kw name="Input Text" library="SeleniumLibrary">
<doc>Types the given ``text`` into the text field identified by ``locator``.</doc>
<arguments>
<arg>id:cpf</arg>
<arg>${cpf}</arg>
</arguments>
<msg timestamp="20200905 13:26:43.844" level="INFO">Typing text '34508390222' into text field 'id:cpf'.</msg>
<status status="PASS" starttime="20200905 13:26:43.844" endtime="20200905 13:26:43.936"></status>
</kw>
<kw name="Input Text" library="SeleniumLibrary">
<doc>Types the given ``text`` into the text field identified by ``locator``.</doc>
<arguments>
<arg>id:address</arg>
<arg>${address}</arg>
</arguments>
<msg timestamp="20200905 13:26:43.936" level="INFO">Typing text 'Rua dos Bugs, 1000' into text field 'id:address'.</msg>
<status status="PASS" starttime="20200905 13:26:43.936" endtime="20200905 13:26:44.026"></status>
</kw>
<kw name="Input Text" library="SeleniumLibrary">
<doc>Types the given ``text`` into the text field identified by ``locator``.</doc>
<arguments>
<arg>id:phone_number</arg>
<arg>${phone_number}</arg>
</arguments>
<msg timestamp="20200905 13:26:44.027" level="INFO">Typing text '' into text field 'id:phone_number'.</msg>
<status status="PASS" starttime="20200905 13:26:44.027" endtime="20200905 13:26:44.094"></status>
</kw>
<kw name="Click Element" library="SeleniumLibrary">
<doc>Click the element identified by ``locator``.</doc>
<arguments>
<arg>xpath://button[text()='CADASTRAR']</arg>
</arguments>
<msg timestamp="20200905 13:26:44.094" level="INFO">Clicking element 'xpath://button[text()='CADASTRAR']'.</msg>
<status status="PASS" starttime="20200905 13:26:44.094" endtime="20200905 13:26:44.143"></status>
</kw>
<status status="PASS" starttime="20200905 13:26:43.768" endtime="20200905 13:26:44.143"></status>
</kw>
<status status="PASS" starttime="20200905 13:26:43.756" endtime="20200905 13:26:44.143"></status>
</kw>
<kw name="Então devo ver o texto" library="kws">
<arguments>
<arg>${saida}</arg>
</arguments>
<kw name="Wait Until Page Contains" library="SeleniumLibrary">
<doc>Waits until ``text`` appears on the current page.</doc>
<arguments>
<arg>${expect_text}</arg>
<arg>5</arg>
</arguments>
<status status="PASS" starttime="20200905 13:26:44.144" endtime="20200905 13:26:44.157"></status>
</kw>
<status status="PASS" starttime="20200905 13:26:44.144" endtime="20200905 13:26:44.157"></status>
</kw>
<status status="PASS" starttime="20200905 13:26:43.342" endtime="20200905 13:26:44.157"></status>
</kw>
<kw name="Finish Session" library="hooks" type="teardown">
<kw name="Close Browser" library="SeleniumLibrary">
<doc>Closes the current browser.</doc>
<status status="PASS" starttime="20200905 13:26:44.159" endtime="20200905 13:26:46.298"></status>
</kw>
<status status="PASS" starttime="20200905 13:26:44.158" endtime="20200905 13:26:46.298"></status>
</kw>
<tags>
<tag>required</tag>
</tags>
<status status="PASS" starttime="20200905 13:26:36.047" endtime="20200905 13:26:46.300" critical="yes"></status>
</test>
<test id="s1-t7" name="Telefone incorreto">
<kw name="Login Session" library="hooks" type="setup">
<kw name="Start Session" library="hooks">
<kw name="Open Browser" library="SeleniumLibrary">
<doc>Opens a new browser instance to the optional ``url``.</doc>
<arguments>
<arg>about:blank</arg>
<arg>chrome</arg>
</arguments>
<msg timestamp="20200905 13:26:46.307" level="INFO">Opening browser 'chrome' to base url 'about:blank'.</msg>
<status status="PASS" starttime="20200905 13:26:46.306" endtime="20200905 13:26:49.469"></status>
</kw>
<kw name="Maximize Browser Window" library="SeleniumLibrary">
<doc>Maximizes current browser window.</doc>
<status status="PASS" starttime="20200905 13:26:49.469" endtime="20200905 13:26:51.599"></status>
</kw>
<status status="PASS" starttime="20200905 13:26:46.306" endtime="20200905 13:26:51.600"></status>
</kw>
<kw name="Go To" library="SeleniumLibrary">
<doc>Navigates the current browser window to the provided ``url``.</doc>
<arguments>
<arg>${base_url}</arg>
</arguments>
<msg timestamp="20200905 13:26:51.601" level="INFO">Opening url 'http://zepalheta-web:3000'</msg>
<status status="PASS" starttime="20200905 13:26:51.600" endtime="20200905 13:26:52.700"></status>
</kw>
<kw name="Login With" library="LoginPage">
<arguments>
<arg>${admin_user}</arg>
<arg>${admin_pass}</arg>
</arguments>
<kw name="Input Text" library="SeleniumLibrary">
<doc>Types the given ``text`` into the text field identified by ``locator``.</doc>
<arguments>
<arg>id:txtEmail</arg>
<arg>${email}</arg>
</arguments>
<msg timestamp="20200905 13:26:52.701" level="INFO">Typing text 'admin@zepalheta.com.br' into text field 'id:txtEmail'.</msg>
<status status="PASS" starttime="20200905 13:26:52.701" endtime="20200905 13:26:53.364"></status>
</kw>
<kw name="Input Text" library="SeleniumLibrary">
<doc>Types the given ``text`` into the text field identified by ``locator``.</doc>
<arguments>
<arg>css:input[placeholder=Senha]</arg>
<arg>${password}</arg>
</arguments>
<msg timestamp="20200905 13:26:53.366" level="INFO">Typing text 'pwd123' into text field 'css:input[placeholder=Senha]'.</msg>
<status status="PASS" starttime="20200905 13:26:53.365" endtime="20200905 13:26:53.463"></status>
</kw>
<kw name="Click Element" library="SeleniumLibrary">
<doc>Click the element identified by ``locator``.</doc>
<arguments>
<arg>xpath://button[text()='Entrar']</arg>
</arguments>
<msg timestamp="20200905 13:26:53.464" level="INFO">Clicking element 'xpath://button[text()='Entrar']'.</msg>
<status status="PASS" starttime="20200905 13:26:53.463" endtime="20200905 13:26:53.518"></status>
</kw>
<status status="PASS" starttime="20200905 13:26:52.700" endtime="20200905 13:26:53.518"></status>
</kw>
<status status="PASS" starttime="20200905 13:26:46.306" endtime="20200905 13:26:53.519"></status>
</kw>
<kw name="Validação de Campos">
<arguments>
<arg>João da Silva</arg>
<arg>00000001406</arg>
<arg>Rua dos Bugs, 1000</arg>
<arg>1199999999</arg>
<arg>Telefone inválido</arg>
</arguments>
<kw name="Dado que acesso o formulário de Cadastro de Clientes" library="kws">
<kw name="Wait Until Element Is Visible" library="SeleniumLibrary">
<doc>Waits until the element ``locator`` is visible.</doc>
<arguments>
<arg>${NAV_CUSTOMERS}</arg>
<arg>5</arg>
</arguments>
<status status="PASS" starttime="20200905 13:26:53.521" endtime="20200905 13:26:53.752"></status>
</kw>
<kw name="Click Element" library="SeleniumLibrary">
<doc>Click the element identified by ``locator``.</doc>
<arguments>
<arg>${NAV_CUSTOMERS}</arg>
</arguments>
<msg timestamp="20200905 13:26:53.752" level="INFO">Clicking element 'css:a[href$=customers]'.</msg>
<status status="PASS" starttime="20200905 13:26:53.752" endtime="20200905 13:26:53.803"></status>
</kw>
<kw name="Wait Until Element Is Visible" library="SeleniumLibrary">
<doc>Waits until the element ``locator`` is visible.</doc>
<arguments>
<arg>${CUSTOMERS_FORM}</arg>
<arg>5</arg>
</arguments>
<status status="PASS" starttime="20200905 13:26:53.804" endtime="20200905 13:26:53.844"></status>
</kw>
<kw name="Click Element" library="SeleniumLibrary">
<doc>Click the element identified by ``locator``.</doc>
<arguments>
<arg>${CUSTOMERS_FORM}</arg>
</arguments>
<msg timestamp="20200905 13:26:53.844" level="INFO">Clicking element 'css:a[href$=register]'.</msg>
<status status="PASS" starttime="20200905 13:26:53.844" endtime="20200905 13:26:53.907"></status>
</kw>
<status status="PASS" starttime="20200905 13:26:53.520" endtime="20200905 13:26:53.907"></status>
</kw>
<kw name="Quando faço a inclusão desse Cliente:" library="kws">
<arguments>
<arg>${nome}</arg>
<arg>${cpf}</arg>
<arg>${endereco}</arg>
<arg>${telefone}</arg>
</arguments>
<kw name="Remove Customer By Cpf" library="db">
<arguments>
<arg>${cpf}</arg>
</arguments>
<status status="PASS" starttime="20200905 13:26:53.908" endtime="20200905 13:26:53.920"></status>
</kw>
<kw name="Register New Customer" library="CustomersPage">
<arguments>
<arg>${name}</arg>
<arg>${cpf}</arg>
<arg>${address}</arg>
<arg>${phone_number}</arg>
</arguments>
<kw name="Input Text" library="SeleniumLibrary">
<doc>Types the given ``text`` into the text field identified by ``locator``.</doc>
<arguments>
<arg>id:name</arg>
<arg>${name}</arg>
</arguments>
<msg timestamp="20200905 13:26:53.922" level="INFO">Typing text 'João da Silva' into text field 'id:name'.</msg>
<status status="PASS" starttime="20200905 13:26:53.922" endtime="20200905 13:26:54.010"></status>
</kw>
<kw name="Input Text" library="SeleniumLibrary">
<doc>Types the given ``text`` into the text field identified by ``locator``.</doc>
<arguments>
<arg>id:cpf</arg>
<arg>${cpf}</arg>
</arguments>
<msg timestamp="20200905 13:26:54.010" level="INFO">Typing text '00000001406' into text field 'id:cpf'.</msg>
<status status="PASS" starttime="20200905 13:26:54.010" endtime="20200905 13:26:54.101"></status>
</kw>
<kw name="Input Text" library="SeleniumLibrary">
<doc>Types the given ``text`` into the text field identified by ``locator``.</doc>
<arguments>
<arg>id:address</arg>
<arg>${address}</arg>
</arguments>
<msg timestamp="20200905 13:26:54.102" level="INFO">Typing text 'Rua dos Bugs, 1000' into text field 'id:address'.</msg>
<status status="PASS" starttime="20200905 13:26:54.101" endtime="20200905 13:26:54.193"></status>
</kw>
<kw name="Input Text" library="SeleniumLibrary">
<doc>Types the given ``text`` into the text field identified by ``locator``.</doc>
<arguments>
<arg>id:phone_number</arg>
<arg>${phone_number}</arg>
</arguments>
<msg timestamp="20200905 13:26:54.194" level="INFO">Typing text '1199999999' into text field 'id:phone_number'.</msg>
<status status="PASS" starttime="20200905 13:26:54.193" endtime="20200905 13:26:54.282"></status>
</kw>
<kw name="Click Element" library="SeleniumLibrary">
<doc>Click the element identified by ``locator``.</doc>
<arguments>
<arg>xpath://button[text()='CADASTRAR']</arg>
</arguments>
<msg timestamp="20200905 13:26:54.283" level="INFO">Clicking element 'xpath://button[text()='CADASTRAR']'.</msg>
<status status="PASS" starttime="20200905 13:26:54.282" endtime="20200905 13:26:54.333"></status>
</kw>
<status status="PASS" starttime="20200905 13:26:53.920" endtime="20200905 13:26:54.334"></status>
</kw>
<status status="PASS" starttime="20200905 13:26:53.907" endtime="20200905 13:26:54.334"></status>
</kw>
<kw name="Então devo ver o texto" library="kws">
<arguments>
<arg>${saida}</arg>
</arguments>
<kw name="Wait Until Page Contains" library="SeleniumLibrary">
<doc>Waits until ``text`` appears on the current page.</doc>
<arguments>
<arg>${expect_text}</arg>
<arg>5</arg>
</arguments>
<status status="PASS" starttime="20200905 13:26:54.335" endtime="20200905 13:26:54.349"></status>
</kw>
<status status="PASS" starttime="20200905 13:26:54.334" endtime="20200905 13:26:54.349"></status>
</kw>
<status status="PASS" starttime="20200905 13:26:53.519" endtime="20200905 13:26:54.349"></status>
</kw>
<kw name="Finish Session" library="hooks" type="teardown">
<kw name="Close Browser" library="SeleniumLibrary">
<doc>Closes the current browser.</doc>
<status status="PASS" starttime="20200905 13:26:54.351" endtime="20200905 13:26:57.013"></status>
</kw>
<status status="PASS" starttime="20200905 13:26:54.350" endtime="20200905 13:26:57.013"></status>
</kw>
<status status="PASS" starttime="20200905 13:26:46.305" endtime="20200905 13:26:57.014" critical="yes"></status>
</test>
<doc>Cadastro de Clientes</doc>
<status status="PASS" starttime="20200905 13:25:39.976" endtime="20200905 13:26:57.016"></status>
</suite>
<statistics>
<total>
<stat pass="7" fail="0">Critical Tests</stat>
<stat pass="7" fail="0">All Tests</stat>
</total>
<tag>
<stat pass="4" fail="0">required</stat>
</tag>
<suite>
<stat pass="7" fail="0" id="s1" name="Cadastro Clientes">Cadastro Clientes</stat>
</suite>
</statistics>
<errors>
</errors>
</robot>
