<?xml version="1.0" encoding="UTF-8"?>
<robot generator="Robot 3.2.1 (Python 3.8.3 on win32)" generated="20200823 16:57:26.657" rpa="false">
<suite id="s1" name="Tests" source="C:\qaninja\ze-palheta\tests">
<suite id="s1-s1" name="Cadastro Clientes" source="C:\qaninja\ze-palheta\tests\cadastro_clientes.robot">
<test id="s1-s1-t1" name="Novo Cliente">
<kw name="Login Session" library="hooks" type="setup">
<kw name="Start Session" library="hooks">
<kw name="Open Browser" library="SeleniumLibrary">
<doc>Opens a new browser instance to the optional ``url``.</doc>
<arguments>
<arg>about:blank</arg>
<arg>chrome</arg>
</arguments>
<msg timestamp="20200823 16:57:26.934" level="INFO">Opening browser 'chrome' to base url 'about:blank'.</msg>
<status status="PASS" starttime="20200823 16:57:26.933" endtime="20200823 16:57:30.395"></status>
</kw>
<kw name="Maximize Browser Window" library="SeleniumLibrary">
<doc>Maximizes current browser window.</doc>
<status status="PASS" starttime="20200823 16:57:30.395" endtime="20200823 16:57:32.517"></status>
</kw>
<status status="PASS" starttime="20200823 16:57:26.933" endtime="20200823 16:57:32.518"></status>
</kw>
<kw name="Go To" library="SeleniumLibrary">
<doc>Navigates the current browser window to the provided ``url``.</doc>
<arguments>
<arg>http://zepalheta-web:3000</arg>
</arguments>
<msg timestamp="20200823 16:57:32.518" level="INFO">Opening url 'http://zepalheta-web:3000'</msg>
<status status="PASS" starttime="20200823 16:57:32.518" endtime="20200823 16:57:33.762"></status>
</kw>
<kw name="Login With" library="LoginPage">
<arguments>
<arg>admin@zepalheta.com.br</arg>
<arg>pwd123</arg>
</arguments>
<kw name="Input Text" library="SeleniumLibrary">
<doc>Types the given ``text`` into the text field identified by ``locator``.</doc>
<arguments>
<arg>id:txtEmail</arg>
<arg>${email}</arg>
</arguments>
<msg timestamp="20200823 16:57:33.763" level="INFO">Typing text 'admin@zepalheta.com.br' into text field 'id:txtEmail'.</msg>
<status status="PASS" starttime="20200823 16:57:33.763" endtime="20200823 16:57:34.476"></status>
</kw>
<kw name="Input Text" library="SeleniumLibrary">
<doc>Types the given ``text`` into the text field identified by ``locator``.</doc>
<arguments>
<arg>css:input[placeholder=Senha]</arg>
<arg>${password}</arg>
</arguments>
<msg timestamp="20200823 16:57:34.477" level="INFO">Typing text 'pwd123' into text field 'css:input[placeholder=Senha]'.</msg>
<status status="PASS" starttime="20200823 16:57:34.476" endtime="20200823 16:57:34.566"></status>
</kw>
<kw name="Click Element" library="SeleniumLibrary">
<doc>Click the element identified by ``locator``.</doc>
<arguments>
<arg>xpath://button[text()='Entrar']</arg>
</arguments>
<msg timestamp="20200823 16:57:34.567" level="INFO">Clicking element 'xpath://button[text()='Entrar']'.</msg>
<status status="PASS" starttime="20200823 16:57:34.566" endtime="20200823 16:57:34.624"></status>
</kw>
<status status="PASS" starttime="20200823 16:57:33.762" endtime="20200823 16:57:34.624"></status>
</kw>
<status status="PASS" starttime="20200823 16:57:26.933" endtime="20200823 16:57:34.624"></status>
</kw>
<kw name="Dado que acesso o formulário de Cadastro de Clientes" library="kws">
<kw name="Wait Until Element Is Visible" library="SeleniumLibrary">
<doc>Waits until the element ``locator`` is visible.</doc>
<arguments>
<arg>${NAV_CUSTOMERS}</arg>
<arg>5</arg>
</arguments>
<status status="PASS" starttime="20200823 16:57:34.627" endtime="20200823 16:57:34.860"></status>
</kw>
<kw name="Click Element" library="SeleniumLibrary">
<doc>Click the element identified by ``locator``.</doc>
<arguments>
<arg>${NAV_CUSTOMERS}</arg>
</arguments>
<msg timestamp="20200823 16:57:34.860" level="INFO">Clicking element 'css:a[href$=customers]'.</msg>
<status status="PASS" starttime="20200823 16:57:34.860" endtime="20200823 16:57:34.907"></status>
</kw>
<kw name="Wait Until Element Is Visible" library="SeleniumLibrary">
<doc>Waits until the element ``locator`` is visible.</doc>
<arguments>
<arg>${CUSTOMERS_FORM}</arg>
<arg>5</arg>
</arguments>
<status status="PASS" starttime="20200823 16:57:34.907" endtime="20200823 16:57:34.941"></status>
</kw>
<kw name="Click Element" library="SeleniumLibrary">
<doc>Click the element identified by ``locator``.</doc>
<arguments>
<arg>${CUSTOMERS_FORM}</arg>
</arguments>
<msg timestamp="20200823 16:57:34.942" level="INFO">Clicking element 'css:a[href$=register]'.</msg>
<status status="PASS" starttime="20200823 16:57:34.941" endtime="20200823 16:57:35.004"></status>
</kw>
<status status="PASS" starttime="20200823 16:57:34.626" endtime="20200823 16:57:35.004"></status>
</kw>
<kw name="Quando faço a inclusão desse Cliente:" library="kws">
<arguments>
<arg>Bon Jovi</arg>
<arg>000.000.014-06</arg>
<arg>Rua dos Bugs, 1000</arg>
<arg>11999999999</arg>
</arguments>
<kw name="Remove Customer By Cpf" library="db">
<arguments>
<arg>${cpf}</arg>
</arguments>
<status status="PASS" starttime="20200823 16:57:35.006" endtime="20200823 16:57:35.109"></status>
</kw>
<kw name="Register New Customer" library="CustomersPage">
<arguments>
<arg>${name}</arg>
<arg>${cpf}</arg>
<arg>${address}</arg>
<arg>${phone_number}</arg>
</arguments>
<kw name="Input Text" library="SeleniumLibrary">
<doc>Types the given ``text`` into the text field identified by ``locator``.</doc>
<arguments>
<arg>id:name</arg>
<arg>${name}</arg>
</arguments>
<msg timestamp="20200823 16:57:35.110" level="INFO">Typing text 'Bon Jovi' into text field 'id:name'.</msg>
<status status="PASS" starttime="20200823 16:57:35.110" endtime="20200823 16:57:35.193"></status>
</kw>
<kw name="Input Text" library="SeleniumLibrary">
<doc>Types the given ``text`` into the text field identified by ``locator``.</doc>
<arguments>
<arg>id:cpf</arg>
<arg>${cpf}</arg>
</arguments>
<msg timestamp="20200823 16:57:35.194" level="INFO">Typing text '000.000.014-06' into text field 'id:cpf'.</msg>
<status status="PASS" starttime="20200823 16:57:35.193" endtime="20200823 16:57:35.301"></status>
</kw>
<kw name="Input Text" library="SeleniumLibrary">
<doc>Types the given ``text`` into the text field identified by ``locator``.</doc>
<arguments>
<arg>id:address</arg>
<arg>${address}</arg>
</arguments>
<msg timestamp="20200823 16:57:35.301" level="INFO">Typing text 'Rua dos Bugs, 1000' into text field 'id:address'.</msg>
<status status="PASS" starttime="20200823 16:57:35.301" endtime="20200823 16:57:35.414"></status>
</kw>
<kw name="Input Text" library="SeleniumLibrary">
<doc>Types the given ``text`` into the text field identified by ``locator``.</doc>
<arguments>
<arg>id:phone_number</arg>
<arg>${phone_number}</arg>
</arguments>
<msg timestamp="20200823 16:57:35.415" level="INFO">Typing text '11999999999' into text field 'id:phone_number'.</msg>
<status status="PASS" starttime="20200823 16:57:35.414" endtime="20200823 16:57:35.511"></status>
</kw>
<kw name="Click Element" library="SeleniumLibrary">
<doc>Click the element identified by ``locator``.</doc>
<arguments>
<arg>xpath://button[text()='CADASTRAR']</arg>
</arguments>
<msg timestamp="20200823 16:57:35.512" level="INFO">Clicking element 'xpath://button[text()='CADASTRAR']'.</msg>
<status status="PASS" starttime="20200823 16:57:35.512" endtime="20200823 16:57:35.579"></status>
</kw>
<status status="PASS" starttime="20200823 16:57:35.110" endtime="20200823 16:57:35.580"></status>
</kw>
<status status="PASS" starttime="20200823 16:57:35.005" endtime="20200823 16:57:35.580"></status>
</kw>
<kw name=" Então devo ver a notificação:" library="kws">
<arguments>
<arg>Cliente cadastrado com sucesso!</arg>
</arguments>
<kw name="Wait Until Element Contains" library="SeleniumLibrary">
<doc>Waits until the element ``locator`` contains ``text``.</doc>
<arguments>
<arg>${TOASTER_SUCCESS}</arg>
<arg>${expect_notice}</arg>
<arg>5</arg>
</arguments>
<status status="PASS" starttime="20200823 16:57:35.582" endtime="20200823 16:57:36.050"></status>
</kw>
<status status="PASS" starttime="20200823 16:57:35.581" endtime="20200823 16:57:36.050"></status>
</kw>
<kw name="Finish Session" library="hooks" type="teardown">
<kw name="Close Browser" library="SeleniumLibrary">
<doc>Closes the current browser.</doc>
<status status="PASS" starttime="20200823 16:57:36.052" endtime="20200823 16:57:38.180"></status>
</kw>
<status status="PASS" starttime="20200823 16:57:36.051" endtime="20200823 16:57:38.180"></status>
</kw>
<status status="PASS" starttime="20200823 16:57:26.932" endtime="20200823 16:57:38.181" critical="yes"></status>
</test>
<doc>Cadastro de Clientes</doc>
<status status="PASS" starttime="20200823 16:57:26.687" endtime="20200823 16:57:38.182"></status>
</suite>
<suite id="s1-s2" name="Login" source="C:\qaninja\ze-palheta\tests\login.robot">
<test id="s1-s2-t1" name="Login do Administrador">
<kw name="Start Session" library="hooks" type="setup">
<kw name="Open Browser" library="SeleniumLibrary">
<doc>Opens a new browser instance to the optional ``url``.</doc>
<arguments>
<arg>about:blank</arg>
<arg>chrome</arg>
</arguments>
<msg timestamp="20200823 16:57:38.196" level="INFO">Opening browser 'chrome' to base url 'about:blank'.</msg>
<status status="PASS" starttime="20200823 16:57:38.195" endtime="20200823 16:57:41.271"></status>
</kw>
<kw name="Maximize Browser Window" library="SeleniumLibrary">
<doc>Maximizes current browser window.</doc>
<status status="PASS" starttime="20200823 16:57:41.271" endtime="20200823 16:57:43.392"></status>
</kw>
<status status="PASS" starttime="20200823 16:57:38.195" endtime="20200823 16:57:43.392"></status>
</kw>
<kw name="Acesso a página Login" library="kws">
<kw name="Go To" library="SeleniumLibrary">
<doc>Navigates the current browser window to the provided ``url``.</doc>
<arguments>
<arg>http://zepalheta-web:3000</arg>
</arguments>
<msg timestamp="20200823 16:57:43.393" level="INFO">Opening url 'http://zepalheta-web:3000'</msg>
<status status="PASS" starttime="20200823 16:57:43.393" endtime="20200823 16:57:44.389"></status>
</kw>
<status status="PASS" starttime="20200823 16:57:43.392" endtime="20200823 16:57:44.389"></status>
</kw>
<kw name="Submeto minhas credenciais" library="kws">
<arguments>
<arg>admin@zepalheta.com.br</arg>
<arg>pwd123</arg>
</arguments>
<kw name="Login With" library="LoginPage">
<arguments>
<arg>${email}</arg>
<arg>${password}</arg>
</arguments>
<kw name="Input Text" library="SeleniumLibrary">
<doc>Types the given ``text`` into the text field identified by ``locator``.</doc>
<arguments>
<arg>id:txtEmail</arg>
<arg>${email}</arg>
</arguments>
<msg timestamp="20200823 16:57:44.392" level="INFO">Typing text 'admin@zepalheta.com.br' into text field 'id:txtEmail'.</msg>
<status status="PASS" starttime="20200823 16:57:44.392" endtime="20200823 16:57:45.118"></status>
</kw>
<kw name="Input Text" library="SeleniumLibrary">
<doc>Types the given ``text`` into the text field identified by ``locator``.</doc>
<arguments>
<arg>css:input[placeholder=Senha]</arg>
<arg>${password}</arg>
</arguments>
<msg timestamp="20200823 16:57:45.119" level="INFO">Typing text 'pwd123' into text field 'css:input[placeholder=Senha]'.</msg>
<status status="PASS" starttime="20200823 16:57:45.119" endtime="20200823 16:57:45.206"></status>
</kw>
<kw name="Click Element" library="SeleniumLibrary">
<doc>Click the element identified by ``locator``.</doc>
<arguments>
<arg>xpath://button[text()='Entrar']</arg>
</arguments>
<msg timestamp="20200823 16:57:45.206" level="INFO">Clicking element 'xpath://button[text()='Entrar']'.</msg>
<status status="PASS" starttime="20200823 16:57:45.206" endtime="20200823 16:57:45.277"></status>
</kw>
<status status="PASS" starttime="20200823 16:57:44.391" endtime="20200823 16:57:45.277"></status>
</kw>
<status status="PASS" starttime="20200823 16:57:44.390" endtime="20200823 16:57:45.277"></status>
</kw>
<kw name="Devo ver a área logada" library="kws">
<kw name="Wait Until Page Contains" library="SeleniumLibrary">
<doc>Waits until ``text`` appears on the current page.</doc>
<arguments>
<arg>Aluguéis</arg>
<arg>5</arg>
</arguments>
<status status="PASS" starttime="20200823 16:57:45.279" endtime="20200823 16:57:45.499"></status>
</kw>
<status status="PASS" starttime="20200823 16:57:45.278" endtime="20200823 16:57:45.499"></status>
</kw>
<kw name="Finish Session" library="hooks" type="teardown">
<kw name="Close Browser" library="SeleniumLibrary">
<doc>Closes the current browser.</doc>
<status status="PASS" starttime="20200823 16:57:45.500" endtime="20200823 16:57:48.671"></status>
</kw>
<status status="PASS" starttime="20200823 16:57:45.500" endtime="20200823 16:57:48.671"></status>
</kw>
<status status="PASS" starttime="20200823 16:57:38.194" endtime="20200823 16:57:48.671" critical="yes"></status>
</test>
<doc>Login</doc>
<status status="PASS" starttime="20200823 16:57:38.185" endtime="20200823 16:57:48.674"></status>
</suite>
<suite id="s1-s3" name="Login Tentativa" source="C:\qaninja\ze-palheta\tests\login_tentativa.robot">
<kw name="Start Session" library="hooks" type="setup">
<kw name="Open Browser" library="SeleniumLibrary">
<doc>Opens a new browser instance to the optional ``url``.</doc>
<arguments>
<arg>about:blank</arg>
<arg>chrome</arg>
</arguments>
<msg timestamp="20200823 16:57:48.687" level="INFO">Opening browser 'chrome' to base url 'about:blank'.</msg>
<status status="PASS" starttime="20200823 16:57:48.686" endtime="20200823 16:57:52.170"></status>
</kw>
<kw name="Maximize Browser Window" library="SeleniumLibrary">
<doc>Maximizes current browser window.</doc>
<status status="PASS" starttime="20200823 16:57:52.170" endtime="20200823 16:57:54.286"></status>
</kw>
<status status="PASS" starttime="20200823 16:57:48.686" endtime="20200823 16:57:54.286"></status>
</kw>
<test id="s1-s3-t1" name="Senha Incorreta">
<kw name="Tentativa de Login">
<arguments>
<arg>admin@zepalheta.com.br</arg>
<arg>abc123</arg>
<arg>Ocorreu um erro ao fazer login, cheque as credenciais.</arg>
</arguments>
<kw name="Acesso a página Login" library="kws">
<kw name="Go To" library="SeleniumLibrary">
<doc>Navigates the current browser window to the provided ``url``.</doc>
<arguments>
<arg>http://zepalheta-web:3000</arg>
</arguments>
<msg timestamp="20200823 16:57:54.288" level="INFO">Opening url 'http://zepalheta-web:3000'</msg>
<status status="PASS" starttime="20200823 16:57:54.288" endtime="20200823 16:57:55.733"></status>
</kw>
<status status="PASS" starttime="20200823 16:57:54.287" endtime="20200823 16:57:55.734"></status>
</kw>
<kw name="Submeto minhas credenciais" library="kws">
<arguments>
<arg>${input_email}</arg>
<arg>${input_senha}</arg>
</arguments>
<kw name="Login With" library="LoginPage">
<arguments>
<arg>${email}</arg>
<arg>${password}</arg>
</arguments>
<kw name="Input Text" library="SeleniumLibrary">
<doc>Types the given ``text`` into the text field identified by ``locator``.</doc>
<arguments>
<arg>id:txtEmail</arg>
<arg>${email}</arg>
</arguments>
<msg timestamp="20200823 16:57:55.735" level="INFO">Typing text 'admin@zepalheta.com.br' into text field 'id:txtEmail'.</msg>
<status status="PASS" starttime="20200823 16:57:55.735" endtime="20200823 16:57:56.509"></status>
</kw>
<kw name="Input Text" library="SeleniumLibrary">
<doc>Types the given ``text`` into the text field identified by ``locator``.</doc>
<arguments>
<arg>css:input[placeholder=Senha]</arg>
<arg>${password}</arg>
</arguments>
<msg timestamp="20200823 16:57:56.509" level="INFO">Typing text 'abc123' into text field 'css:input[placeholder=Senha]'.</msg>
<status status="PASS" starttime="20200823 16:57:56.509" endtime="20200823 16:57:56.601"></status>
</kw>
<kw name="Click Element" library="SeleniumLibrary">
<doc>Click the element identified by ``locator``.</doc>
<arguments>
<arg>xpath://button[text()='Entrar']</arg>
</arguments>
<msg timestamp="20200823 16:57:56.602" level="INFO">Clicking element 'xpath://button[text()='Entrar']'.</msg>
<status status="PASS" starttime="20200823 16:57:56.602" endtime="20200823 16:57:56.671"></status>
</kw>
<status status="PASS" starttime="20200823 16:57:55.734" endtime="20200823 16:57:56.671"></status>
</kw>
<status status="PASS" starttime="20200823 16:57:55.734" endtime="20200823 16:57:56.671"></status>
</kw>
<kw name="Devo ver um toaster com a mensagem" library="kws">
<arguments>
<arg>${output_mensagem}</arg>
</arguments>
<kw name="Wait Until Element Contains" library="SeleniumLibrary">
<doc>Waits until the element ``locator`` contains ``text``.</doc>
<arguments>
<arg>${TOASTER_ERROR}</arg>
<arg>${expect_message}</arg>
</arguments>
<status status="PASS" starttime="20200823 16:57:56.673" endtime="20200823 16:57:56.903"></status>
</kw>
<status status="PASS" starttime="20200823 16:57:56.672" endtime="20200823 16:57:56.903"></status>
</kw>
<status status="PASS" starttime="20200823 16:57:54.287" endtime="20200823 16:57:56.903"></status>
</kw>
<status status="PASS" starttime="20200823 16:57:54.286" endtime="20200823 16:57:56.904" critical="yes"></status>
</test>
<test id="s1-s3-t2" name="Senha em branco">
<kw name="Tentativa de Login">
<arguments>
<arg>fernanda@gmail.com</arg>
<arg>${EMPTY}</arg>
<arg>O campo senha é obrigatório!</arg>
</arguments>
<kw name="Acesso a página Login" library="kws">
<kw name="Go To" library="SeleniumLibrary">
<doc>Navigates the current browser window to the provided ``url``.</doc>
<arguments>
<arg>http://zepalheta-web:3000</arg>
</arguments>
<msg timestamp="20200823 16:57:56.908" level="INFO">Opening url 'http://zepalheta-web:3000'</msg>
<status status="PASS" starttime="20200823 16:57:56.908" endtime="20200823 16:57:56.970"></status>
</kw>
<status status="PASS" starttime="20200823 16:57:56.907" endtime="20200823 16:57:56.970"></status>
</kw>
<kw name="Submeto minhas credenciais" library="kws">
<arguments>
<arg>${input_email}</arg>
<arg>${input_senha}</arg>
</arguments>
<kw name="Login With" library="LoginPage">
<arguments>
<arg>${email}</arg>
<arg>${password}</arg>
</arguments>
<kw name="Input Text" library="SeleniumLibrary">
<doc>Types the given ``text`` into the text field identified by ``locator``.</doc>
<arguments>
<arg>id:txtEmail</arg>
<arg>${email}</arg>
</arguments>
<msg timestamp="20200823 16:57:56.971" level="INFO">Typing text 'fernanda@gmail.com' into text field 'id:txtEmail'.</msg>
<status status="PASS" starttime="20200823 16:57:56.971" endtime="20200823 16:57:57.062"></status>
</kw>
<kw name="Input Text" library="SeleniumLibrary">
<doc>Types the given ``text`` into the text field identified by ``locator``.</doc>
<arguments>
<arg>css:input[placeholder=Senha]</arg>
<arg>${password}</arg>
</arguments>
<msg timestamp="20200823 16:57:57.062" level="INFO">Typing text '' into text field 'css:input[placeholder=Senha]'.</msg>
<status status="PASS" starttime="20200823 16:57:57.062" endtime="20200823 16:57:57.134"></status>
</kw>
<kw name="Click Element" library="SeleniumLibrary">
<doc>Click the element identified by ``locator``.</doc>
<arguments>
<arg>xpath://button[text()='Entrar']</arg>
</arguments>
<msg timestamp="20200823 16:57:57.134" level="INFO">Clicking element 'xpath://button[text()='Entrar']'.</msg>
<status status="PASS" starttime="20200823 16:57:57.134" endtime="20200823 16:57:58.190"></status>
</kw>
<status status="PASS" starttime="20200823 16:57:56.971" endtime="20200823 16:57:58.190"></status>
</kw>
<status status="PASS" starttime="20200823 16:57:56.970" endtime="20200823 16:57:58.191"></status>
</kw>
<kw name="Devo ver um toaster com a mensagem" library="kws">
<arguments>
<arg>${output_mensagem}</arg>
</arguments>
<kw name="Wait Until Element Contains" library="SeleniumLibrary">
<doc>Waits until the element ``locator`` contains ``text``.</doc>
<arguments>
<arg>${TOASTER_ERROR}</arg>
<arg>${expect_message}</arg>
</arguments>
<status status="PASS" starttime="20200823 16:57:58.192" endtime="20200823 16:57:58.430"></status>
</kw>
<status status="PASS" starttime="20200823 16:57:58.191" endtime="20200823 16:57:58.430"></status>
</kw>
<status status="PASS" starttime="20200823 16:57:56.907" endtime="20200823 16:57:58.430"></status>
</kw>
<status status="PASS" starttime="20200823 16:57:56.906" endtime="20200823 16:57:58.430" critical="yes"></status>
</test>
<test id="s1-s3-t3" name="Email em branco">
<kw name="Tentativa de Login">
<arguments>
<arg>${EMPTY}</arg>
<arg>pwd123</arg>
<arg>O campo email é obrigatório!</arg>
</arguments>
<kw name="Acesso a página Login" library="kws">
<kw name="Go To" library="SeleniumLibrary">
<doc>Navigates the current browser window to the provided ``url``.</doc>
<arguments>
<arg>http://zepalheta-web:3000</arg>
</arguments>
<msg timestamp="20200823 16:57:58.434" level="INFO">Opening url 'http://zepalheta-web:3000'</msg>
<status status="PASS" starttime="20200823 16:57:58.434" endtime="20200823 16:57:58.590"></status>
</kw>
<status status="PASS" starttime="20200823 16:57:58.433" endtime="20200823 16:57:58.591"></status>
</kw>
<kw name="Submeto minhas credenciais" library="kws">
<arguments>
<arg>${input_email}</arg>
<arg>${input_senha}</arg>
</arguments>
<kw name="Login With" library="LoginPage">
<arguments>
<arg>${email}</arg>
<arg>${password}</arg>
</arguments>
<kw name="Input Text" library="SeleniumLibrary">
<doc>Types the given ``text`` into the text field identified by ``locator``.</doc>
<arguments>
<arg>id:txtEmail</arg>
<arg>${email}</arg>
</arguments>
<msg timestamp="20200823 16:57:58.593" level="INFO">Typing text '' into text field 'id:txtEmail'.</msg>
<status status="PASS" starttime="20200823 16:57:58.592" endtime="20200823 16:57:58.651"></status>
</kw>
<kw name="Input Text" library="SeleniumLibrary">
<doc>Types the given ``text`` into the text field identified by ``locator``.</doc>
<arguments>
<arg>css:input[placeholder=Senha]</arg>
<arg>${password}</arg>
</arguments>
<msg timestamp="20200823 16:57:58.651" level="INFO">Typing text 'pwd123' into text field 'css:input[placeholder=Senha]'.</msg>
<status status="PASS" starttime="20200823 16:57:58.651" endtime="20200823 16:57:58.746"></status>
</kw>
<kw name="Click Element" library="SeleniumLibrary">
<doc>Click the element identified by ``locator``.</doc>
<arguments>
<arg>xpath://button[text()='Entrar']</arg>
</arguments>
<msg timestamp="20200823 16:57:58.746" level="INFO">Clicking element 'xpath://button[text()='Entrar']'.</msg>
<status status="PASS" starttime="20200823 16:57:58.746" endtime="20200823 16:57:59.173"></status>
</kw>
<status status="PASS" starttime="20200823 16:57:58.592" endtime="20200823 16:57:59.174"></status>
</kw>
<status status="PASS" starttime="20200823 16:57:58.591" endtime="20200823 16:57:59.174"></status>
</kw>
<kw name="Devo ver um toaster com a mensagem" library="kws">
<arguments>
<arg>${output_mensagem}</arg>
</arguments>
<kw name="Wait Until Element Contains" library="SeleniumLibrary">
<doc>Waits until the element ``locator`` contains ``text``.</doc>
<arguments>
<arg>${TOASTER_ERROR}</arg>
<arg>${expect_message}</arg>
</arguments>
<status status="PASS" starttime="20200823 16:57:59.174" endtime="20200823 16:57:59.410"></status>
</kw>
<status status="PASS" starttime="20200823 16:57:59.174" endtime="20200823 16:57:59.410"></status>
</kw>
<status status="PASS" starttime="20200823 16:57:58.433" endtime="20200823 16:57:59.410"></status>
</kw>
<status status="PASS" starttime="20200823 16:57:58.432" endtime="20200823 16:57:59.411" critical="yes"></status>
</test>
<test id="s1-s3-t4" name="Email e senha em branco">
<kw name="Tentativa de Login">
<arguments>
<arg>${EMPTY}</arg>
<arg>${EMPTY}</arg>
<arg>Os campos email e senha não foram preenchidos!</arg>
</arguments>
<kw name="Acesso a página Login" library="kws">
<kw name="Go To" library="SeleniumLibrary">
<doc>Navigates the current browser window to the provided ``url``.</doc>
<arguments>
<arg>http://zepalheta-web:3000</arg>
</arguments>
<msg timestamp="20200823 16:57:59.414" level="INFO">Opening url 'http://zepalheta-web:3000'</msg>
<status status="PASS" starttime="20200823 16:57:59.414" endtime="20200823 16:58:00.057"></status>
</kw>
<status status="PASS" starttime="20200823 16:57:59.414" endtime="20200823 16:58:00.057"></status>
</kw>
<kw name="Submeto minhas credenciais" library="kws">
<arguments>
<arg>${input_email}</arg>
<arg>${input_senha}</arg>
</arguments>
<kw name="Login With" library="LoginPage">
<arguments>
<arg>${email}</arg>
<arg>${password}</arg>
</arguments>
<kw name="Input Text" library="SeleniumLibrary">
<doc>Types the given ``text`` into the text field identified by ``locator``.</doc>
<arguments>
<arg>id:txtEmail</arg>
<arg>${email}</arg>
</arguments>
<msg timestamp="20200823 16:58:00.059" level="INFO">Typing text '' into text field 'id:txtEmail'.</msg>
<status status="PASS" starttime="20200823 16:58:00.058" endtime="20200823 16:58:00.113"></status>
</kw>
<kw name="Input Text" library="SeleniumLibrary">
<doc>Types the given ``text`` into the text field identified by ``locator``.</doc>
<arguments>
<arg>css:input[placeholder=Senha]</arg>
<arg>${password}</arg>
</arguments>
<msg timestamp="20200823 16:58:00.113" level="INFO">Typing text '' into text field 'css:input[placeholder=Senha]'.</msg>
<status status="PASS" starttime="20200823 16:58:00.113" endtime="20200823 16:58:00.178"></status>
</kw>
<kw name="Click Element" library="SeleniumLibrary">
<doc>Click the element identified by ``locator``.</doc>
<arguments>
<arg>xpath://button[text()='Entrar']</arg>
</arguments>
<msg timestamp="20200823 16:58:00.178" level="INFO">Clicking element 'xpath://button[text()='Entrar']'.</msg>
<status status="PASS" starttime="20200823 16:58:00.178" endtime="20200823 16:58:00.242"></status>
</kw>
<status status="PASS" starttime="20200823 16:58:00.058" endtime="20200823 16:58:00.242"></status>
</kw>
<status status="PASS" starttime="20200823 16:58:00.057" endtime="20200823 16:58:00.242"></status>
</kw>
<kw name="Devo ver um toaster com a mensagem" library="kws">
<arguments>
<arg>${output_mensagem}</arg>
</arguments>
<kw name="Wait Until Element Contains" library="SeleniumLibrary">
<doc>Waits until the element ``locator`` contains ``text``.</doc>
<arguments>
<arg>${TOASTER_ERROR}</arg>
<arg>${expect_message}</arg>
</arguments>
<status status="PASS" starttime="20200823 16:58:00.243" endtime="20200823 16:58:00.477"></status>
</kw>
<status status="PASS" starttime="20200823 16:58:00.242" endtime="20200823 16:58:00.477"></status>
</kw>
<status status="PASS" starttime="20200823 16:57:59.413" endtime="20200823 16:58:00.477"></status>
</kw>
<status status="PASS" starttime="20200823 16:57:59.413" endtime="20200823 16:58:00.478" critical="yes"></status>
</test>
<test id="s1-s3-t5" name="Login Incorreto">
<kw name="Tentativa de Login">
<arguments>
<arg>admin&amp;zepalheta.com.br</arg>
<arg>abc123</arg>
<arg>Ocorreu um erro ao fazer login, cheque as credenciais.</arg>
</arguments>
<kw name="Acesso a página Login" library="kws">
<kw name="Go To" library="SeleniumLibrary">
<doc>Navigates the current browser window to the provided ``url``.</doc>
<arguments>
<arg>http://zepalheta-web:3000</arg>
</arguments>
<msg timestamp="20200823 16:58:00.481" level="INFO">Opening url 'http://zepalheta-web:3000'</msg>
<status status="PASS" starttime="20200823 16:58:00.481" endtime="20200823 16:58:00.543"></status>
</kw>
<status status="PASS" starttime="20200823 16:58:00.481" endtime="20200823 16:58:00.543"></status>
</kw>
<kw name="Submeto minhas credenciais" library="kws">
<arguments>
<arg>${input_email}</arg>
<arg>${input_senha}</arg>
</arguments>
<kw name="Login With" library="LoginPage">
<arguments>
<arg>${email}</arg>
<arg>${password}</arg>
</arguments>
<kw name="Input Text" library="SeleniumLibrary">
<doc>Types the given ``text`` into the text field identified by ``locator``.</doc>
<arguments>
<arg>id:txtEmail</arg>
<arg>${email}</arg>
</arguments>
<msg timestamp="20200823 16:58:00.545" level="INFO">Typing text 'admin&amp;zepalheta.com.br' into text field 'id:txtEmail'.</msg>
<status status="PASS" starttime="20200823 16:58:00.544" endtime="20200823 16:58:00.667"></status>
</kw>
<kw name="Input Text" library="SeleniumLibrary">
<doc>Types the given ``text`` into the text field identified by ``locator``.</doc>
<arguments>
<arg>css:input[placeholder=Senha]</arg>
<arg>${password}</arg>
</arguments>
<msg timestamp="20200823 16:58:00.668" level="INFO">Typing text 'abc123' into text field 'css:input[placeholder=Senha]'.</msg>
<status status="PASS" starttime="20200823 16:58:00.668" endtime="20200823 16:58:00.748"></status>
</kw>
<kw name="Click Element" library="SeleniumLibrary">
<doc>Click the element identified by ``locator``.</doc>
<arguments>
<arg>xpath://button[text()='Entrar']</arg>
</arguments>
<msg timestamp="20200823 16:58:00.748" level="INFO">Clicking element 'xpath://button[text()='Entrar']'.</msg>
<status status="PASS" starttime="20200823 16:58:00.748" endtime="20200823 16:58:01.023"></status>
</kw>
<status status="PASS" starttime="20200823 16:58:00.544" endtime="20200823 16:58:01.024"></status>
</kw>
<status status="PASS" starttime="20200823 16:58:00.543" endtime="20200823 16:58:01.024"></status>
</kw>
<kw name="Devo ver um toaster com a mensagem" library="kws">
<arguments>
<arg>${output_mensagem}</arg>
</arguments>
<kw name="Wait Until Element Contains" library="SeleniumLibrary">
<doc>Waits until the element ``locator`` contains ``text``.</doc>
<arguments>
<arg>${TOASTER_ERROR}</arg>
<arg>${expect_message}</arg>
</arguments>
<status status="PASS" starttime="20200823 16:58:01.025" endtime="20200823 16:58:01.274"></status>
</kw>
<status status="PASS" starttime="20200823 16:58:01.024" endtime="20200823 16:58:01.274"></status>
</kw>
<status status="PASS" starttime="20200823 16:58:00.481" endtime="20200823 16:58:01.274"></status>
</kw>
<status status="PASS" starttime="20200823 16:58:00.480" endtime="20200823 16:58:01.275" critical="yes"></status>
</test>
<kw name="Finish Session" library="hooks" type="teardown">
<kw name="Close Browser" library="SeleniumLibrary">
<doc>Closes the current browser.</doc>
<status status="PASS" starttime="20200823 16:58:01.279" endtime="20200823 16:58:03.391"></status>
</kw>
<status status="PASS" starttime="20200823 16:58:01.279" endtime="20200823 16:58:03.391"></status>
</kw>
<doc>Login</doc>
<status status="PASS" starttime="20200823 16:57:48.676" endtime="20200823 16:58:03.391"></status>
</suite>
<status status="PASS" starttime="20200823 16:57:26.659" endtime="20200823 16:58:03.416"></status>
</suite>
<statistics>
<total>
<stat pass="7" fail="0">Critical Tests</stat>
<stat pass="7" fail="0">All Tests</stat>
</total>
<tag>
</tag>
<suite>
<stat pass="7" fail="0" id="s1" name="Tests">Tests</stat>
<stat pass="1" fail="0" id="s1-s1" name="Cadastro Clientes">Tests.Cadastro Clientes</stat>
<stat pass="1" fail="0" id="s1-s2" name="Login">Tests.Login</stat>
<stat pass="5" fail="0" id="s1-s3" name="Login Tentativa">Tests.Login Tentativa</stat>
</suite>
</statistics>
<errors>
</errors>
</robot>
