<?xml version="1.0" encoding="UTF-8"?>
<robot generator="Robot 3.2.1 (Python 3.8.3 on win32)" generated="20200906 18:53:23.207" rpa="false">
<suite id="s1" name="Cadastro Clientes" source="C:\qaninja\ze-palheta\tests\cadastro_clientes.robot">
<kw name="Login Session" library="hooks" type="setup">
<kw name="Start Session" library="hooks">
<kw name="Open Browser" library="SeleniumLibrary">
<doc>Opens a new browser instance to the optional ``url``.</doc>
<arguments>
<arg>about:blank</arg>
<arg>chrome</arg>
</arguments>
<msg timestamp="20200906 18:53:23.695" level="INFO">Opening browser 'chrome' to base url 'about:blank'.</msg>
<status status="PASS" starttime="20200906 18:53:23.695" endtime="20200906 18:53:27.259"></status>
</kw>
<kw name="Maximize Browser Window" library="SeleniumLibrary">
<doc>Maximizes current browser window.</doc>
<status status="PASS" starttime="20200906 18:53:27.259" endtime="20200906 18:53:29.377"></status>
</kw>
<status status="PASS" starttime="20200906 18:53:23.694" endtime="20200906 18:53:29.378"></status>
</kw>
<kw name="Go To" library="SeleniumLibrary">
<doc>Navigates the current browser window to the provided ``url``.</doc>
<arguments>
<arg>${base_url}</arg>
</arguments>
<msg timestamp="20200906 18:53:29.378" level="INFO">Opening url 'http://zepalheta-web:3000'</msg>
<status status="PASS" starttime="20200906 18:53:29.378" endtime="20200906 18:53:30.630"></status>
</kw>
<kw name="Login With" library="LoginPage">
<arguments>
<arg>${admin_user}</arg>
<arg>${admin_pass}</arg>
</arguments>
<kw name="Input Text" library="SeleniumLibrary">
<doc>Types the given ``text`` into the text field identified by ``locator``.</doc>
<arguments>
<arg>id:txtEmail</arg>
<arg>${email}</arg>
</arguments>
<msg timestamp="20200906 18:53:30.631" level="INFO">Typing text 'admin@zepalheta.com.br' into text field 'id:txtEmail'.</msg>
<status status="PASS" starttime="20200906 18:53:30.631" endtime="20200906 18:53:31.369"></status>
</kw>
<kw name="Input Text" library="SeleniumLibrary">
<doc>Types the given ``text`` into the text field identified by ``locator``.</doc>
<arguments>
<arg>css:input[placeholder=Senha]</arg>
<arg>${password}</arg>
</arguments>
<msg timestamp="20200906 18:53:31.371" level="INFO">Typing text 'pwd123' into text field 'css:input[placeholder=Senha]'.</msg>
<status status="PASS" starttime="20200906 18:53:31.370" endtime="20200906 18:53:31.456"></status>
</kw>
<kw name="Click Element" library="SeleniumLibrary">
<doc>Click the element identified by ``locator``.</doc>
<arguments>
<arg>xpath://button[text()='Entrar']</arg>
</arguments>
<msg timestamp="20200906 18:53:31.457" level="INFO">Clicking element 'xpath://button[text()='Entrar']'.</msg>
<status status="PASS" starttime="20200906 18:53:31.457" endtime="20200906 18:53:31.509"></status>
</kw>
<status status="PASS" starttime="20200906 18:53:30.630" endtime="20200906 18:53:31.509"></status>
</kw>
<status status="PASS" starttime="20200906 18:53:23.694" endtime="20200906 18:53:31.510"></status>
</kw>
<test id="s1-t1" name="Novo Cliente">
<kw name="Dado que acesso o formulário de Cadastro de Clientes" library="kws">
<kw name="Go To Customers" library="Sidebar">
<kw name="Wait Until Element Is Visible" library="SeleniumLibrary">
<doc>Waits until the element ``locator`` is visible.</doc>
<arguments>
<arg>${NAV_CUSTOMERS}</arg>
<arg>5</arg>
</arguments>
<status status="PASS" starttime="20200906 18:53:31.513" endtime="20200906 18:53:31.762"></status>
</kw>
<kw name="Click Element" library="SeleniumLibrary">
<doc>Click the element identified by ``locator``.</doc>
<arguments>
<arg>${NAV_CUSTOMERS}</arg>
</arguments>
<msg timestamp="20200906 18:53:31.762" level="INFO">Clicking element 'css:a[href$=customers]'.</msg>
<status status="PASS" starttime="20200906 18:53:31.762" endtime="20200906 18:53:31.806"></status>
</kw>
<status status="PASS" starttime="20200906 18:53:31.512" endtime="20200906 18:53:31.807"></status>
</kw>
<kw name="Wait Until Element Is Visible" library="SeleniumLibrary">
<doc>Waits until the element ``locator`` is visible.</doc>
<arguments>
<arg>${CUSTOMERS_FORM}</arg>
<arg>5</arg>
</arguments>
<status status="PASS" starttime="20200906 18:53:31.807" endtime="20200906 18:53:31.842"></status>
</kw>
<kw name="Click Element" library="SeleniumLibrary">
<doc>Click the element identified by ``locator``.</doc>
<arguments>
<arg>${CUSTOMERS_FORM}</arg>
</arguments>
<msg timestamp="20200906 18:53:31.842" level="INFO">Clicking element 'css:a[href$=register]'.</msg>
<status status="PASS" starttime="20200906 18:53:31.842" endtime="20200906 18:53:31.902"></status>
</kw>
<status status="PASS" starttime="20200906 18:53:31.512" endtime="20200906 18:53:31.902"></status>
</kw>
<kw name="E que eu tenho o seguinte cliente:" library="kws">
<arguments>
<arg>Bon Jovi</arg>
<arg>000.000.014-06</arg>
<arg>Rua dos Bugs, 1000</arg>
<arg>11999999999</arg>
</arguments>
<kw name="Remove Customer By Cpf" library="db">
<arguments>
<arg>${cpf}</arg>
</arguments>
<msg timestamp="20200906 18:53:31.927" level="INFO">delete from public.customers where cpf = '000.000.014-06';</msg>
<status status="PASS" starttime="20200906 18:53:31.906" endtime="20200906 18:53:31.927"></status>
</kw>
<kw name="Set Test Variable" library="BuiltIn">
<doc>Makes a variable available everywhere within the scope of the current test.</doc>
<arguments>
<arg>${name}</arg>
</arguments>
<msg timestamp="20200906 18:53:31.928" level="INFO">${name} = Bon Jovi</msg>
<status status="PASS" starttime="20200906 18:53:31.927" endtime="20200906 18:53:31.928"></status>
</kw>
<kw name="Set Test Variable" library="BuiltIn">
<doc>Makes a variable available everywhere within the scope of the current test.</doc>
<arguments>
<arg>${cpf}</arg>
</arguments>
<msg timestamp="20200906 18:53:31.928" level="INFO">${cpf} = 000.000.014-06</msg>
<status status="PASS" starttime="20200906 18:53:31.928" endtime="20200906 18:53:31.928"></status>
</kw>
<kw name="Set Test Variable" library="BuiltIn">
<doc>Makes a variable available everywhere within the scope of the current test.</doc>
<arguments>
<arg>${address}</arg>
</arguments>
<msg timestamp="20200906 18:53:31.929" level="INFO">${address} = Rua dos Bugs, 1000</msg>
<status status="PASS" starttime="20200906 18:53:31.928" endtime="20200906 18:53:31.929"></status>
</kw>
<kw name="Set Test Variable" library="BuiltIn">
<doc>Makes a variable available everywhere within the scope of the current test.</doc>
<arguments>
<arg>${phone_number}</arg>
</arguments>
<msg timestamp="20200906 18:53:31.929" level="INFO">${phone_number} = 11999999999</msg>
<status status="PASS" starttime="20200906 18:53:31.929" endtime="20200906 18:53:31.929"></status>
</kw>
<status status="PASS" starttime="20200906 18:53:31.904" endtime="20200906 18:53:31.930"></status>
</kw>
<kw name="Quando faço a inclusão desse cliente" library="kws">
<kw name="Register New Customer" library="CustomersPage">
<arguments>
<arg>${name}</arg>
<arg>${cpf}</arg>
<arg>${address}</arg>
<arg>${phone_number}</arg>
</arguments>
<kw name="Input Text" library="SeleniumLibrary">
<doc>Types the given ``text`` into the text field identified by ``locator``.</doc>
<arguments>
<arg>id:name</arg>
<arg>${name}</arg>
</arguments>
<msg timestamp="20200906 18:53:31.933" level="INFO">Typing text 'Bon Jovi' into text field 'id:name'.</msg>
<status status="PASS" starttime="20200906 18:53:31.933" endtime="20200906 18:53:32.007"></status>
</kw>
<kw name="Input Text" library="SeleniumLibrary">
<doc>Types the given ``text`` into the text field identified by ``locator``.</doc>
<arguments>
<arg>id:cpf</arg>
<arg>${cpf}</arg>
</arguments>
<msg timestamp="20200906 18:53:32.008" level="INFO">Typing text '000.000.014-06' into text field 'id:cpf'.</msg>
<status status="PASS" starttime="20200906 18:53:32.007" endtime="20200906 18:53:32.099"></status>
</kw>
<kw name="Input Text" library="SeleniumLibrary">
<doc>Types the given ``text`` into the text field identified by ``locator``.</doc>
<arguments>
<arg>id:address</arg>
<arg>${address}</arg>
</arguments>
<msg timestamp="20200906 18:53:32.100" level="INFO">Typing text 'Rua dos Bugs, 1000' into text field 'id:address'.</msg>
<status status="PASS" starttime="20200906 18:53:32.099" endtime="20200906 18:53:32.205"></status>
</kw>
<kw name="Input Text" library="SeleniumLibrary">
<doc>Types the given ``text`` into the text field identified by ``locator``.</doc>
<arguments>
<arg>id:phone_number</arg>
<arg>${phone_number}</arg>
</arguments>
<msg timestamp="20200906 18:53:32.206" level="INFO">Typing text '11999999999' into text field 'id:phone_number'.</msg>
<status status="PASS" starttime="20200906 18:53:32.206" endtime="20200906 18:53:32.291"></status>
</kw>
<kw name="Wait Until Element Is Not Visible" library="SeleniumLibrary">
<doc>Waits until the element ``locator`` is not visible.</doc>
<arguments>
<arg>${TOASTER_SUCCESS}</arg>
<arg>10</arg>
</arguments>
<status status="PASS" starttime="20200906 18:53:32.291" endtime="20200906 18:53:32.302"></status>
</kw>
<kw name="Click Element" library="SeleniumLibrary">
<doc>Click the element identified by ``locator``.</doc>
<arguments>
<arg>xpath://button[text()='CADASTRAR']</arg>
</arguments>
<msg timestamp="20200906 18:53:32.302" level="INFO">Clicking element 'xpath://button[text()='CADASTRAR']'.</msg>
<status status="PASS" starttime="20200906 18:53:32.302" endtime="20200906 18:53:32.356"></status>
</kw>
<status status="PASS" starttime="20200906 18:53:31.931" endtime="20200906 18:53:32.357"></status>
</kw>
<status status="PASS" starttime="20200906 18:53:31.931" endtime="20200906 18:53:32.357"></status>
</kw>
<kw name="Então devo ver a notificação:" library="kws">
<arguments>
<arg>Cliente cadastrado com sucesso!</arg>
</arguments>
<kw name="Wait Until Element Contains" library="SeleniumLibrary">
<doc>Waits until the element ``locator`` contains ``text``.</doc>
<arguments>
<arg>${TOASTER_SUCCESS}</arg>
<arg>${expect_notice}</arg>
<arg>5</arg>
</arguments>
<status status="PASS" starttime="20200906 18:53:32.358" endtime="20200906 18:53:32.602"></status>
</kw>
<status status="PASS" starttime="20200906 18:53:32.358" endtime="20200906 18:53:32.602"></status>
</kw>
<kw name="E esse cliente deve ser exibido na lista" library="kws">
<kw name="Go Back" library="SeleniumLibrary">
<doc>Simulates the user clicking the back button on their browser.</doc>
<status status="PASS" starttime="20200906 18:53:32.604" endtime="20200906 18:53:32.617"></status>
</kw>
<kw name="Wait Until Element Is Visible" library="SeleniumLibrary">
<doc>Waits until the element ``locator`` is visible.</doc>
<arguments>
<arg>${CUSTOMER_LIST}</arg>
<arg>5</arg>
</arguments>
<status status="PASS" starttime="20200906 18:53:32.618" endtime="20200906 18:53:32.644"></status>
</kw>
<kw name="Table Should Contain" library="SeleniumLibrary">
<doc>Verifies table contains text ``expected``.</doc>
<arguments>
<arg>${CUSTOMER_LIST}</arg>
<arg>${cpf}</arg>
</arguments>
<status status="PASS" starttime="20200906 18:53:32.644" endtime="20200906 18:53:32.779"></status>
</kw>
<status status="PASS" starttime="20200906 18:53:32.603" endtime="20200906 18:53:32.779"></status>
</kw>
<tags>
<tag>smoke</tag>
</tags>
<status status="PASS" starttime="20200906 18:53:31.510" endtime="20200906 18:53:32.780" critical="yes"></status>
</test>
<kw name="Finish Session" library="hooks" type="teardown">
<kw name="Close Browser" library="SeleniumLibrary">
<doc>Closes the current browser.</doc>
<status status="PASS" starttime="20200906 18:53:32.784" endtime="20200906 18:53:34.920"></status>
</kw>
<status status="PASS" starttime="20200906 18:53:32.783" endtime="20200906 18:53:34.920"></status>
</kw>
<doc>Cadastro de Clientes</doc>
<status status="PASS" starttime="20200906 18:53:23.210" endtime="20200906 18:53:34.920"></status>
</suite>
<statistics>
<total>
<stat pass="1" fail="0">Critical Tests</stat>
<stat pass="1" fail="0">All Tests</stat>
</total>
<tag>
<stat pass="1" fail="0">smoke</stat>
</tag>
<suite>
<stat pass="1" fail="0" id="s1" name="Cadastro Clientes">Cadastro Clientes</stat>
</suite>
</statistics>
<errors>
</errors>
</robot>
