<?xml version="1.0" encoding="UTF-8"?>
<robot generator="Robot 3.2.1 (Python 3.8.3 on win32)" generated="20200816 13:11:53.141" rpa="false">
<suite id="s1" name="Tests" source="C:\qaninja\ze-palheta\tests">
<suite id="s1-s1" name="Login" source="C:\qaninja\ze-palheta\tests\login.robot">
<test id="s1-s1-t1" name="Login do Administrador">
<kw name="Start Session" library="hooks" type="setup">
<kw name="Open Browser" library="SeleniumLibrary">
<doc>Opens a new browser instance to the optional ``url``.</doc>
<arguments>
<arg>about:blank</arg>
<arg>chrome</arg>
</arguments>
<msg timestamp="20200816 13:11:53.426" level="INFO">Opening browser 'chrome' to base url 'about:blank'.</msg>
<status status="PASS" starttime="20200816 13:11:53.426" endtime="20200816 13:11:56.599"></status>
</kw>
<kw name="Maximize Browser Window" library="SeleniumLibrary">
<doc>Maximizes current browser window.</doc>
<status status="PASS" starttime="20200816 13:11:56.599" endtime="20200816 13:11:58.716"></status>
</kw>
<status status="PASS" starttime="20200816 13:11:53.426" endtime="20200816 13:11:58.717"></status>
</kw>
<kw name="Acesso a página Login" library="kws">
<kw name="Go To" library="SeleniumLibrary">
<doc>Navigates the current browser window to the provided ``url``.</doc>
<arguments>
<arg>http://zepalheta-web:3000</arg>
</arguments>
<msg timestamp="20200816 13:11:58.717" level="INFO">Opening url 'http://zepalheta-web:3000'</msg>
<status status="PASS" starttime="20200816 13:11:58.717" endtime="20200816 13:12:00.088"></status>
</kw>
<status status="PASS" starttime="20200816 13:11:58.717" endtime="20200816 13:12:00.089"></status>
</kw>
<kw name="Submeto minhas credenciais" library="kws">
<arguments>
<arg>admin@zepalheta.com.br</arg>
<arg>pwd123</arg>
</arguments>
<kw name="Input Text" library="SeleniumLibrary">
<doc>Types the given ``text`` into the text field identified by ``locator``.</doc>
<arguments>
<arg>id:txtEmail</arg>
<arg>${email}</arg>
</arguments>
<msg timestamp="20200816 13:12:00.091" level="INFO">Typing text 'admin@zepalheta.com.br' into text field 'id:txtEmail'.</msg>
<status status="PASS" starttime="20200816 13:12:00.090" endtime="20200816 13:12:00.970"></status>
</kw>
<kw name="Input Text" library="SeleniumLibrary">
<doc>Types the given ``text`` into the text field identified by ``locator``.</doc>
<arguments>
<arg>css:input[placeholder=Senha]</arg>
<arg>${password}</arg>
</arguments>
<msg timestamp="20200816 13:12:00.970" level="INFO">Typing text 'pwd123' into text field 'css:input[placeholder=Senha]'.</msg>
<status status="PASS" starttime="20200816 13:12:00.970" endtime="20200816 13:12:01.066"></status>
</kw>
<kw name="Click Element" library="SeleniumLibrary">
<doc>Click the element identified by ``locator``.</doc>
<arguments>
<arg>xpath://button[text()='Entrar']</arg>
</arguments>
<msg timestamp="20200816 13:12:01.067" level="INFO">Clicking element 'xpath://button[text()='Entrar']'.</msg>
<status status="PASS" starttime="20200816 13:12:01.066" endtime="20200816 13:12:01.129"></status>
</kw>
<status status="PASS" starttime="20200816 13:12:00.089" endtime="20200816 13:12:01.129"></status>
</kw>
<kw name="Devo ver a área logada" library="kws">
<kw name="Wait Until Page Contains" library="SeleniumLibrary">
<doc>Waits until ``text`` appears on the current page.</doc>
<arguments>
<arg>Aluguéis</arg>
<arg>5</arg>
</arguments>
<status status="PASS" starttime="20200816 13:12:01.130" endtime="20200816 13:12:01.368"></status>
</kw>
<status status="PASS" starttime="20200816 13:12:01.130" endtime="20200816 13:12:01.369"></status>
</kw>
<kw name="Finish Session" library="hooks" type="teardown">
<kw name="Close Browser" library="SeleniumLibrary">
<doc>Closes the current browser.</doc>
<status status="PASS" starttime="20200816 13:12:01.371" endtime="20200816 13:12:03.503"></status>
</kw>
<status status="PASS" starttime="20200816 13:12:01.370" endtime="20200816 13:12:03.503"></status>
</kw>
<status status="PASS" starttime="20200816 13:11:53.425" endtime="20200816 13:12:03.504" critical="yes"></status>
</test>
<doc>Login</doc>
<status status="PASS" starttime="20200816 13:11:53.175" endtime="20200816 13:12:03.507"></status>
</suite>
<suite id="s1-s2" name="Login Tentativa" source="C:\qaninja\ze-palheta\tests\login_tentativa.robot">
<test id="s1-s2-t1" name="Senha Incorreta">
<kw name="Start Session" library="hooks" type="setup">
<kw name="Open Browser" library="SeleniumLibrary">
<doc>Opens a new browser instance to the optional ``url``.</doc>
<arguments>
<arg>about:blank</arg>
<arg>chrome</arg>
</arguments>
<msg timestamp="20200816 13:12:03.518" level="INFO">Opening browser 'chrome' to base url 'about:blank'.</msg>
<status status="PASS" starttime="20200816 13:12:03.518" endtime="20200816 13:12:06.664"></status>
</kw>
<kw name="Maximize Browser Window" library="SeleniumLibrary">
<doc>Maximizes current browser window.</doc>
<status status="PASS" starttime="20200816 13:12:06.664" endtime="20200816 13:12:08.780"></status>
</kw>
<status status="PASS" starttime="20200816 13:12:03.517" endtime="20200816 13:12:08.780"></status>
</kw>
<kw name="Tentativa de Login">
<arguments>
<arg>admin@zepalheta.com.br</arg>
<arg>abc123</arg>
<arg>Ocorreu um erro ao fazer login, cheque as credenciais.</arg>
</arguments>
<kw name="Acesso a página Login" library="kws">
<kw name="Go To" library="SeleniumLibrary">
<doc>Navigates the current browser window to the provided ``url``.</doc>
<arguments>
<arg>http://zepalheta-web:3000</arg>
</arguments>
<msg timestamp="20200816 13:12:08.781" level="INFO">Opening url 'http://zepalheta-web:3000'</msg>
<status status="PASS" starttime="20200816 13:12:08.781" endtime="20200816 13:12:09.883"></status>
</kw>
<status status="PASS" starttime="20200816 13:12:08.781" endtime="20200816 13:12:09.883"></status>
</kw>
<kw name="Submeto minhas credenciais" library="kws">
<arguments>
<arg>${input_email}</arg>
<arg>${input_senha}</arg>
</arguments>
<kw name="Input Text" library="SeleniumLibrary">
<doc>Types the given ``text`` into the text field identified by ``locator``.</doc>
<arguments>
<arg>id:txtEmail</arg>
<arg>${email}</arg>
</arguments>
<msg timestamp="20200816 13:12:09.884" level="INFO">Typing text 'admin@zepalheta.com.br' into text field 'id:txtEmail'.</msg>
<status status="PASS" starttime="20200816 13:12:09.884" endtime="20200816 13:12:10.647"></status>
</kw>
<kw name="Input Text" library="SeleniumLibrary">
<doc>Types the given ``text`` into the text field identified by ``locator``.</doc>
<arguments>
<arg>css:input[placeholder=Senha]</arg>
<arg>${password}</arg>
</arguments>
<msg timestamp="20200816 13:12:10.648" level="INFO">Typing text 'abc123' into text field 'css:input[placeholder=Senha]'.</msg>
<status status="PASS" starttime="20200816 13:12:10.647" endtime="20200816 13:12:10.732"></status>
</kw>
<kw name="Click Element" library="SeleniumLibrary">
<doc>Click the element identified by ``locator``.</doc>
<arguments>
<arg>xpath://button[text()='Entrar']</arg>
</arguments>
<msg timestamp="20200816 13:12:10.733" level="INFO">Clicking element 'xpath://button[text()='Entrar']'.</msg>
<status status="PASS" starttime="20200816 13:12:10.732" endtime="20200816 13:12:10.786"></status>
</kw>
<status status="PASS" starttime="20200816 13:12:09.883" endtime="20200816 13:12:10.787"></status>
</kw>
<kw name="Devo ver um toaster com a mensagem" library="kws">
<arguments>
<arg>${output_mensagem}</arg>
</arguments>
<kw name="Wait Until Element Contains" library="SeleniumLibrary">
<doc>Waits until the element ``locator`` contains ``text``.</doc>
<arguments>
<arg>css:div[type=error] p</arg>
<arg>${expect_message}</arg>
</arguments>
<status status="PASS" starttime="20200816 13:12:10.788" endtime="20200816 13:12:11.251"></status>
</kw>
<status status="PASS" starttime="20200816 13:12:10.787" endtime="20200816 13:12:11.252"></status>
</kw>
<status status="PASS" starttime="20200816 13:12:08.781" endtime="20200816 13:12:11.252"></status>
</kw>
<kw name="Finish Session" library="hooks" type="teardown">
<kw name="Close Browser" library="SeleniumLibrary">
<doc>Closes the current browser.</doc>
<status status="PASS" starttime="20200816 13:12:11.255" endtime="20200816 13:12:13.395"></status>
</kw>
<status status="PASS" starttime="20200816 13:12:11.254" endtime="20200816 13:12:13.395"></status>
</kw>
<status status="PASS" starttime="20200816 13:12:03.517" endtime="20200816 13:12:13.395" critical="yes"></status>
</test>
<test id="s1-s2-t2" name="Senha em branco">
<kw name="Start Session" library="hooks" type="setup">
<kw name="Open Browser" library="SeleniumLibrary">
<doc>Opens a new browser instance to the optional ``url``.</doc>
<arguments>
<arg>about:blank</arg>
<arg>chrome</arg>
</arguments>
<msg timestamp="20200816 13:12:13.398" level="INFO">Opening browser 'chrome' to base url 'about:blank'.</msg>
<status status="PASS" starttime="20200816 13:12:13.398" endtime="20200816 13:12:16.540"></status>
</kw>
<kw name="Maximize Browser Window" library="SeleniumLibrary">
<doc>Maximizes current browser window.</doc>
<status status="PASS" starttime="20200816 13:12:16.540" endtime="20200816 13:12:18.654"></status>
</kw>
<status status="PASS" starttime="20200816 13:12:13.397" endtime="20200816 13:12:18.654"></status>
</kw>
<kw name="Tentativa de Login">
<arguments>
<arg>fernanda@gmail.com</arg>
<arg>${EMPTY}</arg>
<arg>O campo senha é obrigatório!</arg>
</arguments>
<kw name="Acesso a página Login" library="kws">
<kw name="Go To" library="SeleniumLibrary">
<doc>Navigates the current browser window to the provided ``url``.</doc>
<arguments>
<arg>http://zepalheta-web:3000</arg>
</arguments>
<msg timestamp="20200816 13:12:18.655" level="INFO">Opening url 'http://zepalheta-web:3000'</msg>
<status status="PASS" starttime="20200816 13:12:18.655" endtime="20200816 13:12:19.646"></status>
</kw>
<status status="PASS" starttime="20200816 13:12:18.655" endtime="20200816 13:12:19.646"></status>
</kw>
<kw name="Submeto minhas credenciais" library="kws">
<arguments>
<arg>${input_email}</arg>
<arg>${input_senha}</arg>
</arguments>
<kw name="Input Text" library="SeleniumLibrary">
<doc>Types the given ``text`` into the text field identified by ``locator``.</doc>
<arguments>
<arg>id:txtEmail</arg>
<arg>${email}</arg>
</arguments>
<msg timestamp="20200816 13:12:19.647" level="INFO">Typing text 'fernanda@gmail.com' into text field 'id:txtEmail'.</msg>
<status status="PASS" starttime="20200816 13:12:19.647" endtime="20200816 13:12:20.322"></status>
</kw>
<kw name="Input Text" library="SeleniumLibrary">
<doc>Types the given ``text`` into the text field identified by ``locator``.</doc>
<arguments>
<arg>css:input[placeholder=Senha]</arg>
<arg>${password}</arg>
</arguments>
<msg timestamp="20200816 13:12:20.322" level="INFO">Typing text '' into text field 'css:input[placeholder=Senha]'.</msg>
<status status="PASS" starttime="20200816 13:12:20.322" endtime="20200816 13:12:20.393"></status>
</kw>
<kw name="Click Element" library="SeleniumLibrary">
<doc>Click the element identified by ``locator``.</doc>
<arguments>
<arg>xpath://button[text()='Entrar']</arg>
</arguments>
<msg timestamp="20200816 13:12:20.393" level="INFO">Clicking element 'xpath://button[text()='Entrar']'.</msg>
<status status="PASS" starttime="20200816 13:12:20.393" endtime="20200816 13:12:20.455"></status>
</kw>
<status status="PASS" starttime="20200816 13:12:19.646" endtime="20200816 13:12:20.455"></status>
</kw>
<kw name="Devo ver um toaster com a mensagem" library="kws">
<arguments>
<arg>${output_mensagem}</arg>
</arguments>
<kw name="Wait Until Element Contains" library="SeleniumLibrary">
<doc>Waits until the element ``locator`` contains ``text``.</doc>
<arguments>
<arg>css:div[type=error] p</arg>
<arg>${expect_message}</arg>
</arguments>
<status status="PASS" starttime="20200816 13:12:20.456" endtime="20200816 13:12:20.701"></status>
</kw>
<status status="PASS" starttime="20200816 13:12:20.455" endtime="20200816 13:12:20.701"></status>
</kw>
<status status="PASS" starttime="20200816 13:12:18.654" endtime="20200816 13:12:20.701"></status>
</kw>
<kw name="Finish Session" library="hooks" type="teardown">
<kw name="Close Browser" library="SeleniumLibrary">
<doc>Closes the current browser.</doc>
<status status="PASS" starttime="20200816 13:12:20.703" endtime="20200816 13:12:22.816"></status>
</kw>
<status status="PASS" starttime="20200816 13:12:20.702" endtime="20200816 13:12:22.817"></status>
</kw>
<status status="PASS" starttime="20200816 13:12:13.397" endtime="20200816 13:12:22.819" critical="yes"></status>
</test>
<test id="s1-s2-t3" name="Email em branco">
<kw name="Start Session" library="hooks" type="setup">
<kw name="Open Browser" library="SeleniumLibrary">
<doc>Opens a new browser instance to the optional ``url``.</doc>
<arguments>
<arg>about:blank</arg>
<arg>chrome</arg>
</arguments>
<msg timestamp="20200816 13:12:22.823" level="INFO">Opening browser 'chrome' to base url 'about:blank'.</msg>
<status status="PASS" starttime="20200816 13:12:22.823" endtime="20200816 13:12:25.974"></status>
</kw>
<kw name="Maximize Browser Window" library="SeleniumLibrary">
<doc>Maximizes current browser window.</doc>
<status status="PASS" starttime="20200816 13:12:25.974" endtime="20200816 13:12:28.091"></status>
</kw>
<status status="PASS" starttime="20200816 13:12:22.822" endtime="20200816 13:12:28.091"></status>
</kw>
<kw name="Tentativa de Login">
<arguments>
<arg>${EMPTY}</arg>
<arg>pwd123</arg>
<arg>O campo email é obrigatório!</arg>
</arguments>
<kw name="Acesso a página Login" library="kws">
<kw name="Go To" library="SeleniumLibrary">
<doc>Navigates the current browser window to the provided ``url``.</doc>
<arguments>
<arg>http://zepalheta-web:3000</arg>
</arguments>
<msg timestamp="20200816 13:12:28.093" level="INFO">Opening url 'http://zepalheta-web:3000'</msg>
<status status="PASS" starttime="20200816 13:12:28.092" endtime="20200816 13:12:29.079"></status>
</kw>
<status status="PASS" starttime="20200816 13:12:28.092" endtime="20200816 13:12:29.079"></status>
</kw>
<kw name="Submeto minhas credenciais" library="kws">
<arguments>
<arg>${input_email}</arg>
<arg>${input_senha}</arg>
</arguments>
<kw name="Input Text" library="SeleniumLibrary">
<doc>Types the given ``text`` into the text field identified by ``locator``.</doc>
<arguments>
<arg>id:txtEmail</arg>
<arg>${email}</arg>
</arguments>
<msg timestamp="20200816 13:12:29.080" level="INFO">Typing text '' into text field 'id:txtEmail'.</msg>
<status status="PASS" starttime="20200816 13:12:29.080" endtime="20200816 13:12:29.153"></status>
</kw>
<kw name="Input Text" library="SeleniumLibrary">
<doc>Types the given ``text`` into the text field identified by ``locator``.</doc>
<arguments>
<arg>css:input[placeholder=Senha]</arg>
<arg>${password}</arg>
</arguments>
<msg timestamp="20200816 13:12:29.153" level="INFO">Typing text 'pwd123' into text field 'css:input[placeholder=Senha]'.</msg>
<status status="PASS" starttime="20200816 13:12:29.153" endtime="20200816 13:12:29.711"></status>
</kw>
<kw name="Click Element" library="SeleniumLibrary">
<doc>Click the element identified by ``locator``.</doc>
<arguments>
<arg>xpath://button[text()='Entrar']</arg>
</arguments>
<msg timestamp="20200816 13:12:29.712" level="INFO">Clicking element 'xpath://button[text()='Entrar']'.</msg>
<status status="PASS" starttime="20200816 13:12:29.711" endtime="20200816 13:12:29.780"></status>
</kw>
<status status="PASS" starttime="20200816 13:12:29.079" endtime="20200816 13:12:29.780"></status>
</kw>
<kw name="Devo ver um toaster com a mensagem" library="kws">
<arguments>
<arg>${output_mensagem}</arg>
</arguments>
<kw name="Wait Until Element Contains" library="SeleniumLibrary">
<doc>Waits until the element ``locator`` contains ``text``.</doc>
<arguments>
<arg>css:div[type=error] p</arg>
<arg>${expect_message}</arg>
</arguments>
<status status="PASS" starttime="20200816 13:12:29.781" endtime="20200816 13:12:30.029"></status>
</kw>
<status status="PASS" starttime="20200816 13:12:29.780" endtime="20200816 13:12:30.029"></status>
</kw>
<status status="PASS" starttime="20200816 13:12:28.092" endtime="20200816 13:12:30.029"></status>
</kw>
<kw name="Finish Session" library="hooks" type="teardown">
<kw name="Close Browser" library="SeleniumLibrary">
<doc>Closes the current browser.</doc>
<status status="PASS" starttime="20200816 13:12:30.031" endtime="20200816 13:12:32.152"></status>
</kw>
<status status="PASS" starttime="20200816 13:12:30.030" endtime="20200816 13:12:32.153"></status>
</kw>
<status status="PASS" starttime="20200816 13:12:22.822" endtime="20200816 13:12:32.155" critical="yes"></status>
</test>
<test id="s1-s2-t4" name="Email e senha em branco">
<kw name="Start Session" library="hooks" type="setup">
<kw name="Open Browser" library="SeleniumLibrary">
<doc>Opens a new browser instance to the optional ``url``.</doc>
<arguments>
<arg>about:blank</arg>
<arg>chrome</arg>
</arguments>
<msg timestamp="20200816 13:12:32.166" level="INFO">Opening browser 'chrome' to base url 'about:blank'.</msg>
<status status="PASS" starttime="20200816 13:12:32.166" endtime="20200816 13:12:35.318"></status>
</kw>
<kw name="Maximize Browser Window" library="SeleniumLibrary">
<doc>Maximizes current browser window.</doc>
<status status="PASS" starttime="20200816 13:12:35.318" endtime="20200816 13:12:37.436"></status>
</kw>
<status status="PASS" starttime="20200816 13:12:32.164" endtime="20200816 13:12:37.436"></status>
</kw>
<kw name="Tentativa de Login">
<arguments>
<arg>${EMPTY}</arg>
<arg>${EMPTY}</arg>
<arg>Os campos email e senha não foram preenchidos!</arg>
</arguments>
<kw name="Acesso a página Login" library="kws">
<kw name="Go To" library="SeleniumLibrary">
<doc>Navigates the current browser window to the provided ``url``.</doc>
<arguments>
<arg>http://zepalheta-web:3000</arg>
</arguments>
<msg timestamp="20200816 13:12:37.439" level="INFO">Opening url 'http://zepalheta-web:3000'</msg>
<status status="PASS" starttime="20200816 13:12:37.439" endtime="20200816 13:12:38.399"></status>
</kw>
<status status="PASS" starttime="20200816 13:12:37.438" endtime="20200816 13:12:38.400"></status>
</kw>
<kw name="Submeto minhas credenciais" library="kws">
<arguments>
<arg>${input_email}</arg>
<arg>${input_senha}</arg>
</arguments>
<kw name="Input Text" library="SeleniumLibrary">
<doc>Types the given ``text`` into the text field identified by ``locator``.</doc>
<arguments>
<arg>id:txtEmail</arg>
<arg>${email}</arg>
</arguments>
<msg timestamp="20200816 13:12:38.400" level="INFO">Typing text '' into text field 'id:txtEmail'.</msg>
<status status="PASS" starttime="20200816 13:12:38.400" endtime="20200816 13:12:38.467"></status>
</kw>
<kw name="Input Text" library="SeleniumLibrary">
<doc>Types the given ``text`` into the text field identified by ``locator``.</doc>
<arguments>
<arg>css:input[placeholder=Senha]</arg>
<arg>${password}</arg>
</arguments>
<msg timestamp="20200816 13:12:38.468" level="INFO">Typing text '' into text field 'css:input[placeholder=Senha]'.</msg>
<status status="PASS" starttime="20200816 13:12:38.467" endtime="20200816 13:12:38.989"></status>
</kw>
<kw name="Click Element" library="SeleniumLibrary">
<doc>Click the element identified by ``locator``.</doc>
<arguments>
<arg>xpath://button[text()='Entrar']</arg>
</arguments>
<msg timestamp="20200816 13:12:38.990" level="INFO">Clicking element 'xpath://button[text()='Entrar']'.</msg>
<status status="PASS" starttime="20200816 13:12:38.990" endtime="20200816 13:12:39.096"></status>
</kw>
<status status="PASS" starttime="20200816 13:12:38.400" endtime="20200816 13:12:39.096"></status>
</kw>
<kw name="Devo ver um toaster com a mensagem" library="kws">
<arguments>
<arg>${output_mensagem}</arg>
</arguments>
<kw name="Wait Until Element Contains" library="SeleniumLibrary">
<doc>Waits until the element ``locator`` contains ``text``.</doc>
<arguments>
<arg>css:div[type=error] p</arg>
<arg>${expect_message}</arg>
</arguments>
<status status="PASS" starttime="20200816 13:12:39.097" endtime="20200816 13:12:39.576"></status>
</kw>
<status status="PASS" starttime="20200816 13:12:39.096" endtime="20200816 13:12:39.577"></status>
</kw>
<status status="PASS" starttime="20200816 13:12:37.437" endtime="20200816 13:12:39.577"></status>
</kw>
<kw name="Finish Session" library="hooks" type="teardown">
<kw name="Close Browser" library="SeleniumLibrary">
<doc>Closes the current browser.</doc>
<status status="PASS" starttime="20200816 13:12:39.577" endtime="20200816 13:12:41.694"></status>
</kw>
<status status="PASS" starttime="20200816 13:12:39.577" endtime="20200816 13:12:41.694"></status>
</kw>
<status status="PASS" starttime="20200816 13:12:32.162" endtime="20200816 13:12:41.695" critical="yes"></status>
</test>
<test id="s1-s2-t5" name="Login Incorreto">
<kw name="Start Session" library="hooks" type="setup">
<kw name="Open Browser" library="SeleniumLibrary">
<doc>Opens a new browser instance to the optional ``url``.</doc>
<arguments>
<arg>about:blank</arg>
<arg>chrome</arg>
</arguments>
<msg timestamp="20200816 13:12:41.698" level="INFO">Opening browser 'chrome' to base url 'about:blank'.</msg>
<status status="PASS" starttime="20200816 13:12:41.698" endtime="20200816 13:12:44.761"></status>
</kw>
<kw name="Maximize Browser Window" library="SeleniumLibrary">
<doc>Maximizes current browser window.</doc>
<status status="PASS" starttime="20200816 13:12:44.761" endtime="20200816 13:12:46.904"></status>
</kw>
<status status="PASS" starttime="20200816 13:12:41.697" endtime="20200816 13:12:46.904"></status>
</kw>
<kw name="Tentativa de Login">
<arguments>
<arg>admin&amp;zepalheta.com.br</arg>
<arg>abc123</arg>
<arg>Ocorreu um erro ao fazer login, cheque as credenciais.</arg>
</arguments>
<kw name="Acesso a página Login" library="kws">
<kw name="Go To" library="SeleniumLibrary">
<doc>Navigates the current browser window to the provided ``url``.</doc>
<arguments>
<arg>http://zepalheta-web:3000</arg>
</arguments>
<msg timestamp="20200816 13:12:46.909" level="INFO">Opening url 'http://zepalheta-web:3000'</msg>
<status status="PASS" starttime="20200816 13:12:46.908" endtime="20200816 13:12:47.960"></status>
</kw>
<status status="PASS" starttime="20200816 13:12:46.907" endtime="20200816 13:12:47.960"></status>
</kw>
<kw name="Submeto minhas credenciais" library="kws">
<arguments>
<arg>${input_email}</arg>
<arg>${input_senha}</arg>
</arguments>
<kw name="Input Text" library="SeleniumLibrary">
<doc>Types the given ``text`` into the text field identified by ``locator``.</doc>
<arguments>
<arg>id:txtEmail</arg>
<arg>${email}</arg>
</arguments>
<msg timestamp="20200816 13:12:47.962" level="INFO">Typing text 'admin&amp;zepalheta.com.br' into text field 'id:txtEmail'.</msg>
<status status="PASS" starttime="20200816 13:12:47.961" endtime="20200816 13:12:48.654"></status>
</kw>
<kw name="Input Text" library="SeleniumLibrary">
<doc>Types the given ``text`` into the text field identified by ``locator``.</doc>
<arguments>
<arg>css:input[placeholder=Senha]</arg>
<arg>${password}</arg>
</arguments>
<msg timestamp="20200816 13:12:48.654" level="INFO">Typing text 'abc123' into text field 'css:input[placeholder=Senha]'.</msg>
<status status="PASS" starttime="20200816 13:12:48.654" endtime="20200816 13:12:48.733"></status>
</kw>
<kw name="Click Element" library="SeleniumLibrary">
<doc>Click the element identified by ``locator``.</doc>
<arguments>
<arg>xpath://button[text()='Entrar']</arg>
</arguments>
<msg timestamp="20200816 13:12:48.734" level="INFO">Clicking element 'xpath://button[text()='Entrar']'.</msg>
<status status="PASS" starttime="20200816 13:12:48.733" endtime="20200816 13:12:48.787"></status>
</kw>
<status status="PASS" starttime="20200816 13:12:47.961" endtime="20200816 13:12:48.787"></status>
</kw>
<kw name="Devo ver um toaster com a mensagem" library="kws">
<arguments>
<arg>${output_mensagem}</arg>
</arguments>
<kw name="Wait Until Element Contains" library="SeleniumLibrary">
<doc>Waits until the element ``locator`` contains ``text``.</doc>
<arguments>
<arg>css:div[type=error] p</arg>
<arg>${expect_message}</arg>
</arguments>
<status status="PASS" starttime="20200816 13:12:48.789" endtime="20200816 13:12:49.054"></status>
</kw>
<status status="PASS" starttime="20200816 13:12:48.788" endtime="20200816 13:12:49.055"></status>
</kw>
<status status="PASS" starttime="20200816 13:12:46.906" endtime="20200816 13:12:49.055"></status>
</kw>
<kw name="Finish Session" library="hooks" type="teardown">
<kw name="Close Browser" library="SeleniumLibrary">
<doc>Closes the current browser.</doc>
<status status="PASS" starttime="20200816 13:12:49.056" endtime="20200816 13:12:51.177"></status>
</kw>
<status status="PASS" starttime="20200816 13:12:49.056" endtime="20200816 13:12:51.177"></status>
</kw>
<status status="PASS" starttime="20200816 13:12:41.697" endtime="20200816 13:12:51.178" critical="yes"></status>
</test>
<doc>Login</doc>
<status status="PASS" starttime="20200816 13:12:03.511" endtime="20200816 13:12:51.180"></status>
</suite>
<status status="PASS" starttime="20200816 13:11:53.142" endtime="20200816 13:12:51.184"></status>
</suite>
<statistics>
<total>
<stat pass="6" fail="0">Critical Tests</stat>
<stat pass="6" fail="0">All Tests</stat>
</total>
<tag>
</tag>
<suite>
<stat pass="6" fail="0" id="s1" name="Tests">Tests</stat>
<stat pass="1" fail="0" id="s1-s1" name="Login">Tests.Login</stat>
<stat pass="5" fail="0" id="s1-s2" name="Login Tentativa">Tests.Login Tentativa</stat>
</suite>
</statistics>
<errors>
</errors>
</robot>
