<?xml version="1.0" encoding="UTF-8"?>
<robot generator="Robot 3.2.1 (Python 3.8.3 on win32)" generated="20200905 18:29:43.214" rpa="false">
<suite id="s1" name="Tests" source="C:\qaninja\ze-palheta\tests">
<suite id="s1-s1" name="Cadastro Clientes" source="C:\qaninja\ze-palheta\tests\cadastro_clientes.robot">
<kw name="Login Session" library="hooks" type="setup">
<kw name="Start Session" library="hooks">
<kw name="Open Browser" library="SeleniumLibrary">
<doc>Opens a new browser instance to the optional ``url``.</doc>
<arguments>
<arg>about:blank</arg>
<arg>chrome</arg>
</arguments>
<msg timestamp="20200905 18:29:43.496" level="INFO">Opening browser 'chrome' to base url 'about:blank'.</msg>
<status status="PASS" starttime="20200905 18:29:43.496" endtime="20200905 18:29:46.619"></status>
</kw>
<kw name="Maximize Browser Window" library="SeleniumLibrary">
<doc>Maximizes current browser window.</doc>
<status status="PASS" starttime="20200905 18:29:46.619" endtime="20200905 18:29:48.734"></status>
</kw>
<status status="PASS" starttime="20200905 18:29:43.496" endtime="20200905 18:29:48.734"></status>
</kw>
<kw name="Go To" library="SeleniumLibrary">
<doc>Navigates the current browser window to the provided ``url``.</doc>
<arguments>
<arg>${base_url}</arg>
</arguments>
<msg timestamp="20200905 18:29:48.735" level="INFO">Opening url 'http://zepalheta-web:3000'</msg>
<status status="PASS" starttime="20200905 18:29:48.734" endtime="20200905 18:29:49.750"></status>
</kw>
<kw name="Login With" library="LoginPage">
<arguments>
<arg>${admin_user}</arg>
<arg>${admin_pass}</arg>
</arguments>
<kw name="Input Text" library="SeleniumLibrary">
<doc>Types the given ``text`` into the text field identified by ``locator``.</doc>
<arguments>
<arg>id:txtEmail</arg>
<arg>${email}</arg>
</arguments>
<msg timestamp="20200905 18:29:49.752" level="INFO">Typing text 'admin@zepalheta.com.br' into text field 'id:txtEmail'.</msg>
<status status="PASS" starttime="20200905 18:29:49.751" endtime="20200905 18:29:50.493"></status>
</kw>
<kw name="Input Text" library="SeleniumLibrary">
<doc>Types the given ``text`` into the text field identified by ``locator``.</doc>
<arguments>
<arg>css:input[placeholder=Senha]</arg>
<arg>${password}</arg>
</arguments>
<msg timestamp="20200905 18:29:50.495" level="INFO">Typing text 'pwd123' into text field 'css:input[placeholder=Senha]'.</msg>
<status status="PASS" starttime="20200905 18:29:50.493" endtime="20200905 18:29:50.581"></status>
</kw>
<kw name="Click Element" library="SeleniumLibrary">
<doc>Click the element identified by ``locator``.</doc>
<arguments>
<arg>xpath://button[text()='Entrar']</arg>
</arguments>
<msg timestamp="20200905 18:29:50.582" level="INFO">Clicking element 'xpath://button[text()='Entrar']'.</msg>
<status status="PASS" starttime="20200905 18:29:50.581" endtime="20200905 18:29:50.635"></status>
</kw>
<status status="PASS" starttime="20200905 18:29:49.750" endtime="20200905 18:29:50.635"></status>
</kw>
<status status="PASS" starttime="20200905 18:29:43.495" endtime="20200905 18:29:50.635"></status>
</kw>
<test id="s1-s1-t1" name="Novo Cliente">
<kw name="Dado que acesso o formulário de Cadastro de Clientes" library="kws">
<kw name="Wait Until Element Is Visible" library="SeleniumLibrary">
<doc>Waits until the element ``locator`` is visible.</doc>
<arguments>
<arg>${NAV_CUSTOMERS}</arg>
<arg>5</arg>
</arguments>
<status status="PASS" starttime="20200905 18:29:50.638" endtime="20200905 18:29:50.866"></status>
</kw>
<kw name="Click Element" library="SeleniumLibrary">
<doc>Click the element identified by ``locator``.</doc>
<arguments>
<arg>${NAV_CUSTOMERS}</arg>
</arguments>
<msg timestamp="20200905 18:29:50.866" level="INFO">Clicking element 'css:a[href$=customers]'.</msg>
<status status="PASS" starttime="20200905 18:29:50.866" endtime="20200905 18:29:50.915"></status>
</kw>
<kw name="Wait Until Element Is Visible" library="SeleniumLibrary">
<doc>Waits until the element ``locator`` is visible.</doc>
<arguments>
<arg>${CUSTOMERS_FORM}</arg>
<arg>5</arg>
</arguments>
<status status="PASS" starttime="20200905 18:29:50.915" endtime="20200905 18:29:50.953"></status>
</kw>
<kw name="Click Element" library="SeleniumLibrary">
<doc>Click the element identified by ``locator``.</doc>
<arguments>
<arg>${CUSTOMERS_FORM}</arg>
</arguments>
<msg timestamp="20200905 18:29:50.954" level="INFO">Clicking element 'css:a[href$=register]'.</msg>
<status status="PASS" starttime="20200905 18:29:50.954" endtime="20200905 18:29:51.019"></status>
</kw>
<status status="PASS" starttime="20200905 18:29:50.637" endtime="20200905 18:29:51.019"></status>
</kw>
<kw name="E que eu tenho o seguinte cliente:" library="kws">
<arguments>
<arg>Bon Jovi</arg>
<arg>000.000.014-06</arg>
<arg>Rua dos Bugs, 1000</arg>
<arg>11999999999</arg>
</arguments>
<kw name="Remove Customer By Cpf" library="db">
<arguments>
<arg>${cpf}</arg>
</arguments>
<msg timestamp="20200905 18:29:51.102" level="INFO">delete from public.customers where cpf = '000.000.014-06';</msg>
<status status="PASS" starttime="20200905 18:29:51.022" endtime="20200905 18:29:51.102"></status>
</kw>
<kw name="Set Test Variable" library="BuiltIn">
<doc>Makes a variable available everywhere within the scope of the current test.</doc>
<arguments>
<arg>${name}</arg>
</arguments>
<msg timestamp="20200905 18:29:51.103" level="INFO">${name} = Bon Jovi</msg>
<status status="PASS" starttime="20200905 18:29:51.103" endtime="20200905 18:29:51.103"></status>
</kw>
<kw name="Set Test Variable" library="BuiltIn">
<doc>Makes a variable available everywhere within the scope of the current test.</doc>
<arguments>
<arg>${cpf}</arg>
</arguments>
<msg timestamp="20200905 18:29:51.104" level="INFO">${cpf} = 000.000.014-06</msg>
<status status="PASS" starttime="20200905 18:29:51.104" endtime="20200905 18:29:51.104"></status>
</kw>
<kw name="Set Test Variable" library="BuiltIn">
<doc>Makes a variable available everywhere within the scope of the current test.</doc>
<arguments>
<arg>${address}</arg>
</arguments>
<msg timestamp="20200905 18:29:51.104" level="INFO">${address} = Rua dos Bugs, 1000</msg>
<status status="PASS" starttime="20200905 18:29:51.104" endtime="20200905 18:29:51.105"></status>
</kw>
<kw name="Set Test Variable" library="BuiltIn">
<doc>Makes a variable available everywhere within the scope of the current test.</doc>
<arguments>
<arg>${phone_number}</arg>
</arguments>
<msg timestamp="20200905 18:29:51.105" level="INFO">${phone_number} = 11999999999</msg>
<status status="PASS" starttime="20200905 18:29:51.105" endtime="20200905 18:29:51.105"></status>
</kw>
<status status="PASS" starttime="20200905 18:29:51.021" endtime="20200905 18:29:51.105"></status>
</kw>
<kw name="Quando faço a inclusão desse cliente" library="kws">
<kw name="Register New Customer" library="CustomersPage">
<arguments>
<arg>${name}</arg>
<arg>${cpf}</arg>
<arg>${address}</arg>
<arg>${phone_number}</arg>
</arguments>
<kw name="Input Text" library="SeleniumLibrary">
<doc>Types the given ``text`` into the text field identified by ``locator``.</doc>
<arguments>
<arg>id:name</arg>
<arg>${name}</arg>
</arguments>
<msg timestamp="20200905 18:29:51.107" level="INFO">Typing text 'Bon Jovi' into text field 'id:name'.</msg>
<status status="PASS" starttime="20200905 18:29:51.107" endtime="20200905 18:29:51.176"></status>
</kw>
<kw name="Input Text" library="SeleniumLibrary">
<doc>Types the given ``text`` into the text field identified by ``locator``.</doc>
<arguments>
<arg>id:cpf</arg>
<arg>${cpf}</arg>
</arguments>
<msg timestamp="20200905 18:29:51.176" level="INFO">Typing text '000.000.014-06' into text field 'id:cpf'.</msg>
<status status="PASS" starttime="20200905 18:29:51.176" endtime="20200905 18:29:51.270"></status>
</kw>
<kw name="Input Text" library="SeleniumLibrary">
<doc>Types the given ``text`` into the text field identified by ``locator``.</doc>
<arguments>
<arg>id:address</arg>
<arg>${address}</arg>
</arguments>
<msg timestamp="20200905 18:29:51.271" level="INFO">Typing text 'Rua dos Bugs, 1000' into text field 'id:address'.</msg>
<status status="PASS" starttime="20200905 18:29:51.271" endtime="20200905 18:29:51.364"></status>
</kw>
<kw name="Input Text" library="SeleniumLibrary">
<doc>Types the given ``text`` into the text field identified by ``locator``.</doc>
<arguments>
<arg>id:phone_number</arg>
<arg>${phone_number}</arg>
</arguments>
<msg timestamp="20200905 18:29:51.364" level="INFO">Typing text '11999999999' into text field 'id:phone_number'.</msg>
<status status="PASS" starttime="20200905 18:29:51.364" endtime="20200905 18:29:51.443"></status>
</kw>
<kw name="Wait Until Element Is Not Visible" library="SeleniumLibrary">
<doc>Waits until the element ``locator`` is not visible.</doc>
<arguments>
<arg>${TOASTER_SUCCESS}</arg>
<arg>10</arg>
</arguments>
<status status="PASS" starttime="20200905 18:29:51.443" endtime="20200905 18:29:51.453"></status>
</kw>
<kw name="Click Element" library="SeleniumLibrary">
<doc>Click the element identified by ``locator``.</doc>
<arguments>
<arg>xpath://button[text()='CADASTRAR']</arg>
</arguments>
<msg timestamp="20200905 18:29:51.453" level="INFO">Clicking element 'xpath://button[text()='CADASTRAR']'.</msg>
<status status="PASS" starttime="20200905 18:29:51.453" endtime="20200905 18:29:51.498"></status>
</kw>
<status status="PASS" starttime="20200905 18:29:51.106" endtime="20200905 18:29:51.499"></status>
</kw>
<status status="PASS" starttime="20200905 18:29:51.106" endtime="20200905 18:29:51.499"></status>
</kw>
<kw name="Então devo ver a notificação:" library="kws">
<arguments>
<arg>Cliente cadastrado com sucesso!</arg>
</arguments>
<kw name="Wait Until Element Contains" library="SeleniumLibrary">
<doc>Waits until the element ``locator`` contains ``text``.</doc>
<arguments>
<arg>${TOASTER_SUCCESS}</arg>
<arg>${expect_notice}</arg>
<arg>5</arg>
</arguments>
<status status="PASS" starttime="20200905 18:29:51.501" endtime="20200905 18:29:51.727"></status>
</kw>
<status status="PASS" starttime="20200905 18:29:51.500" endtime="20200905 18:29:51.727"></status>
</kw>
<tags>
<tag>smoke</tag>
</tags>
<status status="PASS" starttime="20200905 18:29:50.635" endtime="20200905 18:29:51.727" critical="yes"></status>
</test>
<test id="s1-s1-t2" name="Cliente duplicado">
<kw name="Dado que acesso o formulário de Cadastro de Clientes" library="kws">
<kw name="Wait Until Element Is Visible" library="SeleniumLibrary">
<doc>Waits until the element ``locator`` is visible.</doc>
<arguments>
<arg>${NAV_CUSTOMERS}</arg>
<arg>5</arg>
</arguments>
<status status="PASS" starttime="20200905 18:29:51.731" endtime="20200905 18:29:51.747"></status>
</kw>
<kw name="Click Element" library="SeleniumLibrary">
<doc>Click the element identified by ``locator``.</doc>
<arguments>
<arg>${NAV_CUSTOMERS}</arg>
</arguments>
<msg timestamp="20200905 18:29:51.747" level="INFO">Clicking element 'css:a[href$=customers]'.</msg>
<status status="PASS" starttime="20200905 18:29:51.747" endtime="20200905 18:29:51.778"></status>
</kw>
<kw name="Wait Until Element Is Visible" library="SeleniumLibrary">
<doc>Waits until the element ``locator`` is visible.</doc>
<arguments>
<arg>${CUSTOMERS_FORM}</arg>
<arg>5</arg>
</arguments>
<status status="PASS" starttime="20200905 18:29:51.778" endtime="20200905 18:29:51.798"></status>
</kw>
<kw name="Click Element" library="SeleniumLibrary">
<doc>Click the element identified by ``locator``.</doc>
<arguments>
<arg>${CUSTOMERS_FORM}</arg>
</arguments>
<msg timestamp="20200905 18:29:51.800" level="INFO">Clicking element 'css:a[href$=register]'.</msg>
<status status="PASS" starttime="20200905 18:29:51.798" endtime="20200905 18:29:51.839"></status>
</kw>
<status status="PASS" starttime="20200905 18:29:51.731" endtime="20200905 18:29:51.839"></status>
</kw>
<kw name="E que eu tenho o seguinte cliente:" library="kws">
<arguments>
<arg>Adrian Smith</arg>
<arg>000.000.141-41</arg>
<arg>Rua dos Bugs, 2000</arg>
<arg>11999999998</arg>
</arguments>
<kw name="Remove Customer By Cpf" library="db">
<arguments>
<arg>${cpf}</arg>
</arguments>
<msg timestamp="20200905 18:29:51.849" level="INFO">delete from public.customers where cpf = '000.000.141-41';</msg>
<status status="PASS" starttime="20200905 18:29:51.840" endtime="20200905 18:29:51.849"></status>
</kw>
<kw name="Set Test Variable" library="BuiltIn">
<doc>Makes a variable available everywhere within the scope of the current test.</doc>
<arguments>
<arg>${name}</arg>
</arguments>
<msg timestamp="20200905 18:29:51.850" level="INFO">${name} = Adrian Smith</msg>
<status status="PASS" starttime="20200905 18:29:51.849" endtime="20200905 18:29:51.850"></status>
</kw>
<kw name="Set Test Variable" library="BuiltIn">
<doc>Makes a variable available everywhere within the scope of the current test.</doc>
<arguments>
<arg>${cpf}</arg>
</arguments>
<msg timestamp="20200905 18:29:51.851" level="INFO">${cpf} = 000.000.141-41</msg>
<status status="PASS" starttime="20200905 18:29:51.850" endtime="20200905 18:29:51.851"></status>
</kw>
<kw name="Set Test Variable" library="BuiltIn">
<doc>Makes a variable available everywhere within the scope of the current test.</doc>
<arguments>
<arg>${address}</arg>
</arguments>
<msg timestamp="20200905 18:29:51.851" level="INFO">${address} = Rua dos Bugs, 2000</msg>
<status status="PASS" starttime="20200905 18:29:51.851" endtime="20200905 18:29:51.852"></status>
</kw>
<kw name="Set Test Variable" library="BuiltIn">
<doc>Makes a variable available everywhere within the scope of the current test.</doc>
<arguments>
<arg>${phone_number}</arg>
</arguments>
<msg timestamp="20200905 18:29:51.852" level="INFO">${phone_number} = 11999999998</msg>
<status status="PASS" starttime="20200905 18:29:51.852" endtime="20200905 18:29:51.853"></status>
</kw>
<status status="PASS" starttime="20200905 18:29:51.839" endtime="20200905 18:29:51.853"></status>
</kw>
<kw name="Mas esse CPF já existe no sistema" library="kws">
<kw name="Insert Customer" library="db">
<arguments>
<arg>${name}</arg>
<arg>${cpf}</arg>
<arg>${address}</arg>
<arg>${phone_number}</arg>
</arguments>
<msg timestamp="20200905 18:29:51.863" level="INFO">insert into public.customers(name, cpf, address, phone_number) values ('Adrian Smith', '000.000.141-41', 'Rua dos Bugs, 2000', 11999999998);</msg>
<status status="PASS" starttime="20200905 18:29:51.855" endtime="20200905 18:29:51.863"></status>
</kw>
<status status="PASS" starttime="20200905 18:29:51.854" endtime="20200905 18:29:51.863"></status>
</kw>
<kw name="Quando faço a inclusão desse cliente" library="kws">
<kw name="Register New Customer" library="CustomersPage">
<arguments>
<arg>${name}</arg>
<arg>${cpf}</arg>
<arg>${address}</arg>
<arg>${phone_number}</arg>
</arguments>
<kw name="Input Text" library="SeleniumLibrary">
<doc>Types the given ``text`` into the text field identified by ``locator``.</doc>
<arguments>
<arg>id:name</arg>
<arg>${name}</arg>
</arguments>
<msg timestamp="20200905 18:29:51.866" level="INFO">Typing text 'Adrian Smith' into text field 'id:name'.</msg>
<status status="PASS" starttime="20200905 18:29:51.865" endtime="20200905 18:29:51.943"></status>
</kw>
<kw name="Input Text" library="SeleniumLibrary">
<doc>Types the given ``text`` into the text field identified by ``locator``.</doc>
<arguments>
<arg>id:cpf</arg>
<arg>${cpf}</arg>
</arguments>
<msg timestamp="20200905 18:29:51.944" level="INFO">Typing text '000.000.141-41' into text field 'id:cpf'.</msg>
<status status="PASS" starttime="20200905 18:29:51.944" endtime="20200905 18:29:52.034"></status>
</kw>
<kw name="Input Text" library="SeleniumLibrary">
<doc>Types the given ``text`` into the text field identified by ``locator``.</doc>
<arguments>
<arg>id:address</arg>
<arg>${address}</arg>
</arguments>
<msg timestamp="20200905 18:29:52.035" level="INFO">Typing text 'Rua dos Bugs, 2000' into text field 'id:address'.</msg>
<status status="PASS" starttime="20200905 18:29:52.034" endtime="20200905 18:29:52.117"></status>
</kw>
<kw name="Input Text" library="SeleniumLibrary">
<doc>Types the given ``text`` into the text field identified by ``locator``.</doc>
<arguments>
<arg>id:phone_number</arg>
<arg>${phone_number}</arg>
</arguments>
<msg timestamp="20200905 18:29:52.117" level="INFO">Typing text '11999999998' into text field 'id:phone_number'.</msg>
<status status="PASS" starttime="20200905 18:29:52.117" endtime="20200905 18:29:52.194"></status>
</kw>
<kw name="Wait Until Element Is Not Visible" library="SeleniumLibrary">
<doc>Waits until the element ``locator`` is not visible.</doc>
<arguments>
<arg>${TOASTER_SUCCESS}</arg>
<arg>10</arg>
</arguments>
<status status="PASS" starttime="20200905 18:29:52.194" endtime="20200905 18:30:01.894"></status>
</kw>
<kw name="Click Element" library="SeleniumLibrary">
<doc>Click the element identified by ``locator``.</doc>
<arguments>
<arg>xpath://button[text()='CADASTRAR']</arg>
</arguments>
<msg timestamp="20200905 18:30:01.894" level="INFO">Clicking element 'xpath://button[text()='CADASTRAR']'.</msg>
<status status="PASS" starttime="20200905 18:30:01.894" endtime="20200905 18:30:01.941"></status>
</kw>
<status status="PASS" starttime="20200905 18:29:51.865" endtime="20200905 18:30:01.942"></status>
</kw>
<status status="PASS" starttime="20200905 18:29:51.864" endtime="20200905 18:30:01.942"></status>
</kw>
<kw name="Então devo ver a notificação de erro:" library="kws">
<arguments>
<arg>Este CPF já existe no sistema!</arg>
</arguments>
<kw name="Wait Until Element Contains" library="SeleniumLibrary">
<doc>Waits until the element ``locator`` contains ``text``.</doc>
<arguments>
<arg>${TOASTER_ERROR}</arg>
<arg>${expect_notice}</arg>
<arg>5</arg>
</arguments>
<status status="PASS" starttime="20200905 18:30:01.943" endtime="20200905 18:30:02.198"></status>
</kw>
<status status="PASS" starttime="20200905 18:30:01.943" endtime="20200905 18:30:02.198"></status>
</kw>
<tags>
<tag>duplicado</tag>
</tags>
<status status="PASS" starttime="20200905 18:29:51.730" endtime="20200905 18:30:02.199" critical="yes"></status>
</test>
<test id="s1-s1-t3" name="Campos Obrigatórios">
<kw name="Dado que acesso o formulário de Cadastro de Clientes" library="kws">
<kw name="Wait Until Element Is Visible" library="SeleniumLibrary">
<doc>Waits until the element ``locator`` is visible.</doc>
<arguments>
<arg>${NAV_CUSTOMERS}</arg>
<arg>5</arg>
</arguments>
<status status="PASS" starttime="20200905 18:30:02.203" endtime="20200905 18:30:02.218"></status>
</kw>
<kw name="Click Element" library="SeleniumLibrary">
<doc>Click the element identified by ``locator``.</doc>
<arguments>
<arg>${NAV_CUSTOMERS}</arg>
</arguments>
<msg timestamp="20200905 18:30:02.219" level="INFO">Clicking element 'css:a[href$=customers]'.</msg>
<status status="PASS" starttime="20200905 18:30:02.218" endtime="20200905 18:30:02.254"></status>
</kw>
<kw name="Wait Until Element Is Visible" library="SeleniumLibrary">
<doc>Waits until the element ``locator`` is visible.</doc>
<arguments>
<arg>${CUSTOMERS_FORM}</arg>
<arg>5</arg>
</arguments>
<status status="PASS" starttime="20200905 18:30:02.255" endtime="20200905 18:30:02.277"></status>
</kw>
<kw name="Click Element" library="SeleniumLibrary">
<doc>Click the element identified by ``locator``.</doc>
<arguments>
<arg>${CUSTOMERS_FORM}</arg>
</arguments>
<msg timestamp="20200905 18:30:02.277" level="INFO">Clicking element 'css:a[href$=register]'.</msg>
<status status="PASS" starttime="20200905 18:30:02.277" endtime="20200905 18:30:02.320"></status>
</kw>
<status status="PASS" starttime="20200905 18:30:02.203" endtime="20200905 18:30:02.320"></status>
</kw>
<kw name="E que eu tenho o seguinte cliente:" library="kws">
<arguments>
<arg>${EMPTY}</arg>
<arg>${EMPTY}</arg>
<arg>${EMPTY}</arg>
<arg>${EMPTY}</arg>
</arguments>
<kw name="Remove Customer By Cpf" library="db">
<arguments>
<arg>${cpf}</arg>
</arguments>
<msg timestamp="20200905 18:30:02.340" level="INFO">delete from public.customers where cpf = '';</msg>
<status status="PASS" starttime="20200905 18:30:02.322" endtime="20200905 18:30:02.340"></status>
</kw>
<kw name="Set Test Variable" library="BuiltIn">
<doc>Makes a variable available everywhere within the scope of the current test.</doc>
<arguments>
<arg>${name}</arg>
</arguments>
<msg timestamp="20200905 18:30:02.340" level="INFO">${name} = </msg>
<status status="PASS" starttime="20200905 18:30:02.340" endtime="20200905 18:30:02.340"></status>
</kw>
<kw name="Set Test Variable" library="BuiltIn">
<doc>Makes a variable available everywhere within the scope of the current test.</doc>
<arguments>
<arg>${cpf}</arg>
</arguments>
<msg timestamp="20200905 18:30:02.341" level="INFO">${cpf} = </msg>
<status status="PASS" starttime="20200905 18:30:02.341" endtime="20200905 18:30:02.341"></status>
</kw>
<kw name="Set Test Variable" library="BuiltIn">
<doc>Makes a variable available everywhere within the scope of the current test.</doc>
<arguments>
<arg>${address}</arg>
</arguments>
<msg timestamp="20200905 18:30:02.341" level="INFO">${address} = </msg>
<status status="PASS" starttime="20200905 18:30:02.341" endtime="20200905 18:30:02.341"></status>
</kw>
<kw name="Set Test Variable" library="BuiltIn">
<doc>Makes a variable available everywhere within the scope of the current test.</doc>
<arguments>
<arg>${phone_number}</arg>
</arguments>
<msg timestamp="20200905 18:30:02.342" level="INFO">${phone_number} = </msg>
<status status="PASS" starttime="20200905 18:30:02.341" endtime="20200905 18:30:02.342"></status>
</kw>
<status status="PASS" starttime="20200905 18:30:02.321" endtime="20200905 18:30:02.342"></status>
</kw>
<kw name="Quando faço a inclusão desse cliente" library="kws">
<kw name="Register New Customer" library="CustomersPage">
<arguments>
<arg>${name}</arg>
<arg>${cpf}</arg>
<arg>${address}</arg>
<arg>${phone_number}</arg>
</arguments>
<kw name="Input Text" library="SeleniumLibrary">
<doc>Types the given ``text`` into the text field identified by ``locator``.</doc>
<arguments>
<arg>id:name</arg>
<arg>${name}</arg>
</arguments>
<msg timestamp="20200905 18:30:02.344" level="INFO">Typing text '' into text field 'id:name'.</msg>
<status status="PASS" starttime="20200905 18:30:02.344" endtime="20200905 18:30:02.397"></status>
</kw>
<kw name="Input Text" library="SeleniumLibrary">
<doc>Types the given ``text`` into the text field identified by ``locator``.</doc>
<arguments>
<arg>id:cpf</arg>
<arg>${cpf}</arg>
</arguments>
<msg timestamp="20200905 18:30:02.397" level="INFO">Typing text '' into text field 'id:cpf'.</msg>
<status status="PASS" starttime="20200905 18:30:02.397" endtime="20200905 18:30:02.462"></status>
</kw>
<kw name="Input Text" library="SeleniumLibrary">
<doc>Types the given ``text`` into the text field identified by ``locator``.</doc>
<arguments>
<arg>id:address</arg>
<arg>${address}</arg>
</arguments>
<msg timestamp="20200905 18:30:02.463" level="INFO">Typing text '' into text field 'id:address'.</msg>
<status status="PASS" starttime="20200905 18:30:02.462" endtime="20200905 18:30:02.526"></status>
</kw>
<kw name="Input Text" library="SeleniumLibrary">
<doc>Types the given ``text`` into the text field identified by ``locator``.</doc>
<arguments>
<arg>id:phone_number</arg>
<arg>${phone_number}</arg>
</arguments>
<msg timestamp="20200905 18:30:02.527" level="INFO">Typing text '' into text field 'id:phone_number'.</msg>
<status status="PASS" starttime="20200905 18:30:02.526" endtime="20200905 18:30:02.592"></status>
</kw>
<kw name="Wait Until Element Is Not Visible" library="SeleniumLibrary">
<doc>Waits until the element ``locator`` is not visible.</doc>
<arguments>
<arg>${TOASTER_SUCCESS}</arg>
<arg>10</arg>
</arguments>
<status status="PASS" starttime="20200905 18:30:02.592" endtime="20200905 18:30:02.597"></status>
</kw>
<kw name="Click Element" library="SeleniumLibrary">
<doc>Click the element identified by ``locator``.</doc>
<arguments>
<arg>xpath://button[text()='CADASTRAR']</arg>
</arguments>
<msg timestamp="20200905 18:30:02.598" level="INFO">Clicking element 'xpath://button[text()='CADASTRAR']'.</msg>
<status status="PASS" starttime="20200905 18:30:02.598" endtime="20200905 18:30:02.643"></status>
</kw>
<status status="PASS" starttime="20200905 18:30:02.343" endtime="20200905 18:30:02.644"></status>
</kw>
<status status="PASS" starttime="20200905 18:30:02.343" endtime="20200905 18:30:02.644"></status>
</kw>
<kw name="Então devo ver mensagens informando que os campos do cadastro de clientes são obrigatórios" library="kws">
<kw name="Wait Until Element Contains" library="SeleniumLibrary">
<doc>Waits until the element ``locator`` contains ``text``.</doc>
<arguments>
<arg>${LABEL_NAME}</arg>
<arg>Nome é obrigatório</arg>
<arg>5</arg>
</arguments>
<status status="PASS" starttime="20200905 18:30:02.645" endtime="20200905 18:30:02.668"></status>
</kw>
<kw name="Wait Until Element Contains" library="SeleniumLibrary">
<doc>Waits until the element ``locator`` contains ``text``.</doc>
<arguments>
<arg>${LABEL_CPF}</arg>
<arg>CPF é obrigatório</arg>
<arg>5</arg>
</arguments>
<status status="PASS" starttime="20200905 18:30:02.669" endtime="20200905 18:30:02.689"></status>
</kw>
<kw name="Wait Until Element Contains" library="SeleniumLibrary">
<doc>Waits until the element ``locator`` contains ``text``.</doc>
<arguments>
<arg>${LABEL_ADDRESS}</arg>
<arg>Endereço é obrigatório</arg>
<arg>5</arg>
</arguments>
<status status="PASS" starttime="20200905 18:30:02.690" endtime="20200905 18:30:02.711"></status>
</kw>
<kw name="Wait Until Element Contains" library="SeleniumLibrary">
<doc>Waits until the element ``locator`` contains ``text``.</doc>
<arguments>
<arg>${LABEL_PHONE_NUMBER}</arg>
<arg>Telefone é obrigatório</arg>
<arg>5</arg>
</arguments>
<status status="PASS" starttime="20200905 18:30:02.711" endtime="20200905 18:30:02.732"></status>
</kw>
<status status="PASS" starttime="20200905 18:30:02.645" endtime="20200905 18:30:02.732"></status>
</kw>
<status status="PASS" starttime="20200905 18:30:02.202" endtime="20200905 18:30:02.733" critical="yes"></status>
</test>
<test id="s1-s1-t4" name="Nome é Obrigatório">
<kw name="Validação de Campos">
<arguments>
<arg>${EMPTY}</arg>
<arg>34508390222</arg>
<arg>Rua dos Bugs, 1000</arg>
<arg>11999999999</arg>
<arg>Nome é obrigatório</arg>
</arguments>
<kw name="Dado que acesso o formulário de Cadastro de Clientes" library="kws">
<kw name="Wait Until Element Is Visible" library="SeleniumLibrary">
<doc>Waits until the element ``locator`` is visible.</doc>
<arguments>
<arg>${NAV_CUSTOMERS}</arg>
<arg>5</arg>
</arguments>
<status status="PASS" starttime="20200905 18:30:02.738" endtime="20200905 18:30:02.753"></status>
</kw>
<kw name="Click Element" library="SeleniumLibrary">
<doc>Click the element identified by ``locator``.</doc>
<arguments>
<arg>${NAV_CUSTOMERS}</arg>
</arguments>
<msg timestamp="20200905 18:30:02.753" level="INFO">Clicking element 'css:a[href$=customers]'.</msg>
<status status="PASS" starttime="20200905 18:30:02.753" endtime="20200905 18:30:02.780"></status>
</kw>
<kw name="Wait Until Element Is Visible" library="SeleniumLibrary">
<doc>Waits until the element ``locator`` is visible.</doc>
<arguments>
<arg>${CUSTOMERS_FORM}</arg>
<arg>5</arg>
</arguments>
<status status="PASS" starttime="20200905 18:30:02.781" endtime="20200905 18:30:02.805"></status>
</kw>
<kw name="Click Element" library="SeleniumLibrary">
<doc>Click the element identified by ``locator``.</doc>
<arguments>
<arg>${CUSTOMERS_FORM}</arg>
</arguments>
<msg timestamp="20200905 18:30:02.806" level="INFO">Clicking element 'css:a[href$=register]'.</msg>
<status status="PASS" starttime="20200905 18:30:02.806" endtime="20200905 18:30:02.844"></status>
</kw>
<status status="PASS" starttime="20200905 18:30:02.737" endtime="20200905 18:30:02.845"></status>
</kw>
<kw name="E que eu tenho o seguinte cliente:" library="kws">
<arguments>
<arg>${nome}</arg>
<arg>${cpf}</arg>
<arg>${endereco}</arg>
<arg>${telefone}</arg>
</arguments>
<kw name="Remove Customer By Cpf" library="db">
<arguments>
<arg>${cpf}</arg>
</arguments>
<msg timestamp="20200905 18:30:02.854" level="INFO">delete from public.customers where cpf = '34508390222';</msg>
<status status="PASS" starttime="20200905 18:30:02.845" endtime="20200905 18:30:02.854"></status>
</kw>
<kw name="Set Test Variable" library="BuiltIn">
<doc>Makes a variable available everywhere within the scope of the current test.</doc>
<arguments>
<arg>${name}</arg>
</arguments>
<msg timestamp="20200905 18:30:02.854" level="INFO">${name} = </msg>
<status status="PASS" starttime="20200905 18:30:02.854" endtime="20200905 18:30:02.855"></status>
</kw>
<kw name="Set Test Variable" library="BuiltIn">
<doc>Makes a variable available everywhere within the scope of the current test.</doc>
<arguments>
<arg>${cpf}</arg>
</arguments>
<msg timestamp="20200905 18:30:02.855" level="INFO">${cpf} = 34508390222</msg>
<status status="PASS" starttime="20200905 18:30:02.855" endtime="20200905 18:30:02.855"></status>
</kw>
<kw name="Set Test Variable" library="BuiltIn">
<doc>Makes a variable available everywhere within the scope of the current test.</doc>
<arguments>
<arg>${address}</arg>
</arguments>
<msg timestamp="20200905 18:30:02.855" level="INFO">${address} = Rua dos Bugs, 1000</msg>
<status status="PASS" starttime="20200905 18:30:02.855" endtime="20200905 18:30:02.855"></status>
</kw>
<kw name="Set Test Variable" library="BuiltIn">
<doc>Makes a variable available everywhere within the scope of the current test.</doc>
<arguments>
<arg>${phone_number}</arg>
</arguments>
<msg timestamp="20200905 18:30:02.856" level="INFO">${phone_number} = 11999999999</msg>
<status status="PASS" starttime="20200905 18:30:02.856" endtime="20200905 18:30:02.856"></status>
</kw>
<status status="PASS" starttime="20200905 18:30:02.845" endtime="20200905 18:30:02.856"></status>
</kw>
<kw name="Quando faço a inclusão desse cliente" library="kws">
<kw name="Register New Customer" library="CustomersPage">
<arguments>
<arg>${name}</arg>
<arg>${cpf}</arg>
<arg>${address}</arg>
<arg>${phone_number}</arg>
</arguments>
<kw name="Input Text" library="SeleniumLibrary">
<doc>Types the given ``text`` into the text field identified by ``locator``.</doc>
<arguments>
<arg>id:name</arg>
<arg>${name}</arg>
</arguments>
<msg timestamp="20200905 18:30:02.858" level="INFO">Typing text '' into text field 'id:name'.</msg>
<status status="PASS" starttime="20200905 18:30:02.857" endtime="20200905 18:30:02.907"></status>
</kw>
<kw name="Input Text" library="SeleniumLibrary">
<doc>Types the given ``text`` into the text field identified by ``locator``.</doc>
<arguments>
<arg>id:cpf</arg>
<arg>${cpf}</arg>
</arguments>
<msg timestamp="20200905 18:30:02.908" level="INFO">Typing text '34508390222' into text field 'id:cpf'.</msg>
<status status="PASS" starttime="20200905 18:30:02.907" endtime="20200905 18:30:02.988"></status>
</kw>
<kw name="Input Text" library="SeleniumLibrary">
<doc>Types the given ``text`` into the text field identified by ``locator``.</doc>
<arguments>
<arg>id:address</arg>
<arg>${address}</arg>
</arguments>
<msg timestamp="20200905 18:30:02.988" level="INFO">Typing text 'Rua dos Bugs, 1000' into text field 'id:address'.</msg>
<status status="PASS" starttime="20200905 18:30:02.988" endtime="20200905 18:30:03.063"></status>
</kw>
<kw name="Input Text" library="SeleniumLibrary">
<doc>Types the given ``text`` into the text field identified by ``locator``.</doc>
<arguments>
<arg>id:phone_number</arg>
<arg>${phone_number}</arg>
</arguments>
<msg timestamp="20200905 18:30:03.064" level="INFO">Typing text '11999999999' into text field 'id:phone_number'.</msg>
<status status="PASS" starttime="20200905 18:30:03.064" endtime="20200905 18:30:03.135"></status>
</kw>
<kw name="Wait Until Element Is Not Visible" library="SeleniumLibrary">
<doc>Waits until the element ``locator`` is not visible.</doc>
<arguments>
<arg>${TOASTER_SUCCESS}</arg>
<arg>10</arg>
</arguments>
<status status="PASS" starttime="20200905 18:30:03.135" endtime="20200905 18:30:03.141"></status>
</kw>
<kw name="Click Element" library="SeleniumLibrary">
<doc>Click the element identified by ``locator``.</doc>
<arguments>
<arg>xpath://button[text()='CADASTRAR']</arg>
</arguments>
<msg timestamp="20200905 18:30:03.142" level="INFO">Clicking element 'xpath://button[text()='CADASTRAR']'.</msg>
<status status="PASS" starttime="20200905 18:30:03.141" endtime="20200905 18:30:03.179"></status>
</kw>
<status status="PASS" starttime="20200905 18:30:02.857" endtime="20200905 18:30:03.179"></status>
</kw>
<status status="PASS" starttime="20200905 18:30:02.856" endtime="20200905 18:30:03.179"></status>
</kw>
<kw name="Então devo ver o texto" library="kws">
<arguments>
<arg>${saida}</arg>
</arguments>
<kw name="Wait Until Page Contains" library="SeleniumLibrary">
<doc>Waits until ``text`` appears on the current page.</doc>
<arguments>
<arg>${expect_text}</arg>
<arg>5</arg>
</arguments>
<status status="PASS" starttime="20200905 18:30:03.180" endtime="20200905 18:30:03.190"></status>
</kw>
<status status="PASS" starttime="20200905 18:30:03.179" endtime="20200905 18:30:03.190"></status>
</kw>
<status status="PASS" starttime="20200905 18:30:02.737" endtime="20200905 18:30:03.190"></status>
</kw>
<tags>
<tag>required</tag>
</tags>
<status status="PASS" starttime="20200905 18:30:02.736" endtime="20200905 18:30:03.191" critical="yes"></status>
</test>
<test id="s1-s1-t5" name="Cpf é Obrigatório">
<kw name="Validação de Campos">
<arguments>
<arg>Fernanda</arg>
<arg>${EMPTY}</arg>
<arg>Rua dos Bugs, 1000</arg>
<arg>11999999999</arg>
<arg>CPF é obrigatório</arg>
</arguments>
<kw name="Dado que acesso o formulário de Cadastro de Clientes" library="kws">
<kw name="Wait Until Element Is Visible" library="SeleniumLibrary">
<doc>Waits until the element ``locator`` is visible.</doc>
<arguments>
<arg>${NAV_CUSTOMERS}</arg>
<arg>5</arg>
</arguments>
<status status="PASS" starttime="20200905 18:30:03.194" endtime="20200905 18:30:03.209"></status>
</kw>
<kw name="Click Element" library="SeleniumLibrary">
<doc>Click the element identified by ``locator``.</doc>
<arguments>
<arg>${NAV_CUSTOMERS}</arg>
</arguments>
<msg timestamp="20200905 18:30:03.209" level="INFO">Clicking element 'css:a[href$=customers]'.</msg>
<status status="PASS" starttime="20200905 18:30:03.209" endtime="20200905 18:30:03.243"></status>
</kw>
<kw name="Wait Until Element Is Visible" library="SeleniumLibrary">
<doc>Waits until the element ``locator`` is visible.</doc>
<arguments>
<arg>${CUSTOMERS_FORM}</arg>
<arg>5</arg>
</arguments>
<status status="PASS" starttime="20200905 18:30:03.243" endtime="20200905 18:30:03.268"></status>
</kw>
<kw name="Click Element" library="SeleniumLibrary">
<doc>Click the element identified by ``locator``.</doc>
<arguments>
<arg>${CUSTOMERS_FORM}</arg>
</arguments>
<msg timestamp="20200905 18:30:03.268" level="INFO">Clicking element 'css:a[href$=register]'.</msg>
<status status="PASS" starttime="20200905 18:30:03.268" endtime="20200905 18:30:03.306"></status>
</kw>
<status status="PASS" starttime="20200905 18:30:03.194" endtime="20200905 18:30:03.306"></status>
</kw>
<kw name="E que eu tenho o seguinte cliente:" library="kws">
<arguments>
<arg>${nome}</arg>
<arg>${cpf}</arg>
<arg>${endereco}</arg>
<arg>${telefone}</arg>
</arguments>
<kw name="Remove Customer By Cpf" library="db">
<arguments>
<arg>${cpf}</arg>
</arguments>
<msg timestamp="20200905 18:30:03.314" level="INFO">delete from public.customers where cpf = '';</msg>
<status status="PASS" starttime="20200905 18:30:03.307" endtime="20200905 18:30:03.314"></status>
</kw>
<kw name="Set Test Variable" library="BuiltIn">
<doc>Makes a variable available everywhere within the scope of the current test.</doc>
<arguments>
<arg>${name}</arg>
</arguments>
<msg timestamp="20200905 18:30:03.316" level="INFO">${name} = Fernanda</msg>
<status status="PASS" starttime="20200905 18:30:03.315" endtime="20200905 18:30:03.316"></status>
</kw>
<kw name="Set Test Variable" library="BuiltIn">
<doc>Makes a variable available everywhere within the scope of the current test.</doc>
<arguments>
<arg>${cpf}</arg>
</arguments>
<msg timestamp="20200905 18:30:03.317" level="INFO">${cpf} = </msg>
<status status="PASS" starttime="20200905 18:30:03.316" endtime="20200905 18:30:03.317"></status>
</kw>
<kw name="Set Test Variable" library="BuiltIn">
<doc>Makes a variable available everywhere within the scope of the current test.</doc>
<arguments>
<arg>${address}</arg>
</arguments>
<msg timestamp="20200905 18:30:03.318" level="INFO">${address} = Rua dos Bugs, 1000</msg>
<status status="PASS" starttime="20200905 18:30:03.317" endtime="20200905 18:30:03.318"></status>
</kw>
<kw name="Set Test Variable" library="BuiltIn">
<doc>Makes a variable available everywhere within the scope of the current test.</doc>
<arguments>
<arg>${phone_number}</arg>
</arguments>
<msg timestamp="20200905 18:30:03.319" level="INFO">${phone_number} = 11999999999</msg>
<status status="PASS" starttime="20200905 18:30:03.318" endtime="20200905 18:30:03.319"></status>
</kw>
<status status="PASS" starttime="20200905 18:30:03.307" endtime="20200905 18:30:03.319"></status>
</kw>
<kw name="Quando faço a inclusão desse cliente" library="kws">
<kw name="Register New Customer" library="CustomersPage">
<arguments>
<arg>${name}</arg>
<arg>${cpf}</arg>
<arg>${address}</arg>
<arg>${phone_number}</arg>
</arguments>
<kw name="Input Text" library="SeleniumLibrary">
<doc>Types the given ``text`` into the text field identified by ``locator``.</doc>
<arguments>
<arg>id:name</arg>
<arg>${name}</arg>
</arguments>
<msg timestamp="20200905 18:30:03.321" level="INFO">Typing text 'Fernanda' into text field 'id:name'.</msg>
<status status="PASS" starttime="20200905 18:30:03.320" endtime="20200905 18:30:03.379"></status>
</kw>
<kw name="Input Text" library="SeleniumLibrary">
<doc>Types the given ``text`` into the text field identified by ``locator``.</doc>
<arguments>
<arg>id:cpf</arg>
<arg>${cpf}</arg>
</arguments>
<msg timestamp="20200905 18:30:03.379" level="INFO">Typing text '' into text field 'id:cpf'.</msg>
<status status="PASS" starttime="20200905 18:30:03.379" endtime="20200905 18:30:03.441"></status>
</kw>
<kw name="Input Text" library="SeleniumLibrary">
<doc>Types the given ``text`` into the text field identified by ``locator``.</doc>
<arguments>
<arg>id:address</arg>
<arg>${address}</arg>
</arguments>
<msg timestamp="20200905 18:30:03.442" level="INFO">Typing text 'Rua dos Bugs, 1000' into text field 'id:address'.</msg>
<status status="PASS" starttime="20200905 18:30:03.442" endtime="20200905 18:30:03.517"></status>
</kw>
<kw name="Input Text" library="SeleniumLibrary">
<doc>Types the given ``text`` into the text field identified by ``locator``.</doc>
<arguments>
<arg>id:phone_number</arg>
<arg>${phone_number}</arg>
</arguments>
<msg timestamp="20200905 18:30:03.518" level="INFO">Typing text '11999999999' into text field 'id:phone_number'.</msg>
<status status="PASS" starttime="20200905 18:30:03.518" endtime="20200905 18:30:03.589"></status>
</kw>
<kw name="Wait Until Element Is Not Visible" library="SeleniumLibrary">
<doc>Waits until the element ``locator`` is not visible.</doc>
<arguments>
<arg>${TOASTER_SUCCESS}</arg>
<arg>10</arg>
</arguments>
<status status="PASS" starttime="20200905 18:30:03.589" endtime="20200905 18:30:03.595"></status>
</kw>
<kw name="Click Element" library="SeleniumLibrary">
<doc>Click the element identified by ``locator``.</doc>
<arguments>
<arg>xpath://button[text()='CADASTRAR']</arg>
</arguments>
<msg timestamp="20200905 18:30:03.596" level="INFO">Clicking element 'xpath://button[text()='CADASTRAR']'.</msg>
<status status="PASS" starttime="20200905 18:30:03.595" endtime="20200905 18:30:03.635"></status>
</kw>
<status status="PASS" starttime="20200905 18:30:03.320" endtime="20200905 18:30:03.635"></status>
</kw>
<status status="PASS" starttime="20200905 18:30:03.319" endtime="20200905 18:30:03.635"></status>
</kw>
<kw name="Então devo ver o texto" library="kws">
<arguments>
<arg>${saida}</arg>
</arguments>
<kw name="Wait Until Page Contains" library="SeleniumLibrary">
<doc>Waits until ``text`` appears on the current page.</doc>
<arguments>
<arg>${expect_text}</arg>
<arg>5</arg>
</arguments>
<status status="PASS" starttime="20200905 18:30:03.636" endtime="20200905 18:30:03.647"></status>
</kw>
<status status="PASS" starttime="20200905 18:30:03.635" endtime="20200905 18:30:03.648"></status>
</kw>
<status status="PASS" starttime="20200905 18:30:03.193" endtime="20200905 18:30:03.648"></status>
</kw>
<tags>
<tag>required</tag>
</tags>
<status status="PASS" starttime="20200905 18:30:03.193" endtime="20200905 18:30:03.649" critical="yes"></status>
</test>
<test id="s1-s1-t6" name="Endereço é Obrigatório">
<kw name="Validação de Campos">
<arguments>
<arg>Fernanda</arg>
<arg>34508390222</arg>
<arg>${EMPTY}</arg>
<arg>11999999999</arg>
<arg>Endereço é obrigatório</arg>
</arguments>
<kw name="Dado que acesso o formulário de Cadastro de Clientes" library="kws">
<kw name="Wait Until Element Is Visible" library="SeleniumLibrary">
<doc>Waits until the element ``locator`` is visible.</doc>
<arguments>
<arg>${NAV_CUSTOMERS}</arg>
<arg>5</arg>
</arguments>
<status status="PASS" starttime="20200905 18:30:03.653" endtime="20200905 18:30:03.667"></status>
</kw>
<kw name="Click Element" library="SeleniumLibrary">
<doc>Click the element identified by ``locator``.</doc>
<arguments>
<arg>${NAV_CUSTOMERS}</arg>
</arguments>
<msg timestamp="20200905 18:30:03.667" level="INFO">Clicking element 'css:a[href$=customers]'.</msg>
<status status="PASS" starttime="20200905 18:30:03.667" endtime="20200905 18:30:03.695"></status>
</kw>
<kw name="Wait Until Element Is Visible" library="SeleniumLibrary">
<doc>Waits until the element ``locator`` is visible.</doc>
<arguments>
<arg>${CUSTOMERS_FORM}</arg>
<arg>5</arg>
</arguments>
<status status="PASS" starttime="20200905 18:30:03.696" endtime="20200905 18:30:03.719"></status>
</kw>
<kw name="Click Element" library="SeleniumLibrary">
<doc>Click the element identified by ``locator``.</doc>
<arguments>
<arg>${CUSTOMERS_FORM}</arg>
</arguments>
<msg timestamp="20200905 18:30:03.720" level="INFO">Clicking element 'css:a[href$=register]'.</msg>
<status status="PASS" starttime="20200905 18:30:03.719" endtime="20200905 18:30:03.759"></status>
</kw>
<status status="PASS" starttime="20200905 18:30:03.653" endtime="20200905 18:30:03.759"></status>
</kw>
<kw name="E que eu tenho o seguinte cliente:" library="kws">
<arguments>
<arg>${nome}</arg>
<arg>${cpf}</arg>
<arg>${endereco}</arg>
<arg>${telefone}</arg>
</arguments>
<kw name="Remove Customer By Cpf" library="db">
<arguments>
<arg>${cpf}</arg>
</arguments>
<msg timestamp="20200905 18:30:03.776" level="INFO">delete from public.customers where cpf = '34508390222';</msg>
<status status="PASS" starttime="20200905 18:30:03.760" endtime="20200905 18:30:03.776"></status>
</kw>
<kw name="Set Test Variable" library="BuiltIn">
<doc>Makes a variable available everywhere within the scope of the current test.</doc>
<arguments>
<arg>${name}</arg>
</arguments>
<msg timestamp="20200905 18:30:03.777" level="INFO">${name} = Fernanda</msg>
<status status="PASS" starttime="20200905 18:30:03.776" endtime="20200905 18:30:03.777"></status>
</kw>
<kw name="Set Test Variable" library="BuiltIn">
<doc>Makes a variable available everywhere within the scope of the current test.</doc>
<arguments>
<arg>${cpf}</arg>
</arguments>
<msg timestamp="20200905 18:30:03.777" level="INFO">${cpf} = 34508390222</msg>
<status status="PASS" starttime="20200905 18:30:03.777" endtime="20200905 18:30:03.777"></status>
</kw>
<kw name="Set Test Variable" library="BuiltIn">
<doc>Makes a variable available everywhere within the scope of the current test.</doc>
<arguments>
<arg>${address}</arg>
</arguments>
<msg timestamp="20200905 18:30:03.777" level="INFO">${address} = </msg>
<status status="PASS" starttime="20200905 18:30:03.777" endtime="20200905 18:30:03.778"></status>
</kw>
<kw name="Set Test Variable" library="BuiltIn">
<doc>Makes a variable available everywhere within the scope of the current test.</doc>
<arguments>
<arg>${phone_number}</arg>
</arguments>
<msg timestamp="20200905 18:30:03.778" level="INFO">${phone_number} = 11999999999</msg>
<status status="PASS" starttime="20200905 18:30:03.778" endtime="20200905 18:30:03.778"></status>
</kw>
<status status="PASS" starttime="20200905 18:30:03.759" endtime="20200905 18:30:03.778"></status>
</kw>
<kw name="Quando faço a inclusão desse cliente" library="kws">
<kw name="Register New Customer" library="CustomersPage">
<arguments>
<arg>${name}</arg>
<arg>${cpf}</arg>
<arg>${address}</arg>
<arg>${phone_number}</arg>
</arguments>
<kw name="Input Text" library="SeleniumLibrary">
<doc>Types the given ``text`` into the text field identified by ``locator``.</doc>
<arguments>
<arg>id:name</arg>
<arg>${name}</arg>
</arguments>
<msg timestamp="20200905 18:30:03.779" level="INFO">Typing text 'Fernanda' into text field 'id:name'.</msg>
<status status="PASS" starttime="20200905 18:30:03.779" endtime="20200905 18:30:03.838"></status>
</kw>
<kw name="Input Text" library="SeleniumLibrary">
<doc>Types the given ``text`` into the text field identified by ``locator``.</doc>
<arguments>
<arg>id:cpf</arg>
<arg>${cpf}</arg>
</arguments>
<msg timestamp="20200905 18:30:03.838" level="INFO">Typing text '34508390222' into text field 'id:cpf'.</msg>
<status status="PASS" starttime="20200905 18:30:03.838" endtime="20200905 18:30:03.918"></status>
</kw>
<kw name="Input Text" library="SeleniumLibrary">
<doc>Types the given ``text`` into the text field identified by ``locator``.</doc>
<arguments>
<arg>id:address</arg>
<arg>${address}</arg>
</arguments>
<msg timestamp="20200905 18:30:03.919" level="INFO">Typing text '' into text field 'id:address'.</msg>
<status status="PASS" starttime="20200905 18:30:03.918" endtime="20200905 18:30:03.986"></status>
</kw>
<kw name="Input Text" library="SeleniumLibrary">
<doc>Types the given ``text`` into the text field identified by ``locator``.</doc>
<arguments>
<arg>id:phone_number</arg>
<arg>${phone_number}</arg>
</arguments>
<msg timestamp="20200905 18:30:03.986" level="INFO">Typing text '11999999999' into text field 'id:phone_number'.</msg>
<status status="PASS" starttime="20200905 18:30:03.986" endtime="20200905 18:30:04.060"></status>
</kw>
<kw name="Wait Until Element Is Not Visible" library="SeleniumLibrary">
<doc>Waits until the element ``locator`` is not visible.</doc>
<arguments>
<arg>${TOASTER_SUCCESS}</arg>
<arg>10</arg>
</arguments>
<status status="PASS" starttime="20200905 18:30:04.060" endtime="20200905 18:30:04.067"></status>
</kw>
<kw name="Click Element" library="SeleniumLibrary">
<doc>Click the element identified by ``locator``.</doc>
<arguments>
<arg>xpath://button[text()='CADASTRAR']</arg>
</arguments>
<msg timestamp="20200905 18:30:04.067" level="INFO">Clicking element 'xpath://button[text()='CADASTRAR']'.</msg>
<status status="PASS" starttime="20200905 18:30:04.067" endtime="20200905 18:30:04.103"></status>
</kw>
<status status="PASS" starttime="20200905 18:30:03.779" endtime="20200905 18:30:04.103"></status>
</kw>
<status status="PASS" starttime="20200905 18:30:03.778" endtime="20200905 18:30:04.103"></status>
</kw>
<kw name="Então devo ver o texto" library="kws">
<arguments>
<arg>${saida}</arg>
</arguments>
<kw name="Wait Until Page Contains" library="SeleniumLibrary">
<doc>Waits until ``text`` appears on the current page.</doc>
<arguments>
<arg>${expect_text}</arg>
<arg>5</arg>
</arguments>
<status status="PASS" starttime="20200905 18:30:04.104" endtime="20200905 18:30:04.113"></status>
</kw>
<status status="PASS" starttime="20200905 18:30:04.103" endtime="20200905 18:30:04.113"></status>
</kw>
<status status="PASS" starttime="20200905 18:30:03.652" endtime="20200905 18:30:04.114"></status>
</kw>
<tags>
<tag>required</tag>
</tags>
<status status="PASS" starttime="20200905 18:30:03.651" endtime="20200905 18:30:04.115" critical="yes"></status>
</test>
<test id="s1-s1-t7" name="Telefone é Obrigatório">
<kw name="Validação de Campos">
<arguments>
<arg>Fernanda</arg>
<arg>34508390222</arg>
<arg>Rua dos Bugs, 1000</arg>
<arg>${EMPTY}</arg>
<arg>Telefone é obrigatório</arg>
</arguments>
<kw name="Dado que acesso o formulário de Cadastro de Clientes" library="kws">
<kw name="Wait Until Element Is Visible" library="SeleniumLibrary">
<doc>Waits until the element ``locator`` is visible.</doc>
<arguments>
<arg>${NAV_CUSTOMERS}</arg>
<arg>5</arg>
</arguments>
<status status="PASS" starttime="20200905 18:30:04.119" endtime="20200905 18:30:04.137"></status>
</kw>
<kw name="Click Element" library="SeleniumLibrary">
<doc>Click the element identified by ``locator``.</doc>
<arguments>
<arg>${NAV_CUSTOMERS}</arg>
</arguments>
<msg timestamp="20200905 18:30:04.138" level="INFO">Clicking element 'css:a[href$=customers]'.</msg>
<status status="PASS" starttime="20200905 18:30:04.137" endtime="20200905 18:30:04.167"></status>
</kw>
<kw name="Wait Until Element Is Visible" library="SeleniumLibrary">
<doc>Waits until the element ``locator`` is visible.</doc>
<arguments>
<arg>${CUSTOMERS_FORM}</arg>
<arg>5</arg>
</arguments>
<status status="PASS" starttime="20200905 18:30:04.168" endtime="20200905 18:30:04.187"></status>
</kw>
<kw name="Click Element" library="SeleniumLibrary">
<doc>Click the element identified by ``locator``.</doc>
<arguments>
<arg>${CUSTOMERS_FORM}</arg>
</arguments>
<msg timestamp="20200905 18:30:04.187" level="INFO">Clicking element 'css:a[href$=register]'.</msg>
<status status="PASS" starttime="20200905 18:30:04.187" endtime="20200905 18:30:04.231"></status>
</kw>
<status status="PASS" starttime="20200905 18:30:04.119" endtime="20200905 18:30:04.231"></status>
</kw>
<kw name="E que eu tenho o seguinte cliente:" library="kws">
<arguments>
<arg>${nome}</arg>
<arg>${cpf}</arg>
<arg>${endereco}</arg>
<arg>${telefone}</arg>
</arguments>
<kw name="Remove Customer By Cpf" library="db">
<arguments>
<arg>${cpf}</arg>
</arguments>
<msg timestamp="20200905 18:30:04.240" level="INFO">delete from public.customers where cpf = '34508390222';</msg>
<status status="PASS" starttime="20200905 18:30:04.233" endtime="20200905 18:30:04.240"></status>
</kw>
<kw name="Set Test Variable" library="BuiltIn">
<doc>Makes a variable available everywhere within the scope of the current test.</doc>
<arguments>
<arg>${name}</arg>
</arguments>
<msg timestamp="20200905 18:30:04.241" level="INFO">${name} = Fernanda</msg>
<status status="PASS" starttime="20200905 18:30:04.241" endtime="20200905 18:30:04.241"></status>
</kw>
<kw name="Set Test Variable" library="BuiltIn">
<doc>Makes a variable available everywhere within the scope of the current test.</doc>
<arguments>
<arg>${cpf}</arg>
</arguments>
<msg timestamp="20200905 18:30:04.241" level="INFO">${cpf} = 34508390222</msg>
<status status="PASS" starttime="20200905 18:30:04.241" endtime="20200905 18:30:04.242"></status>
</kw>
<kw name="Set Test Variable" library="BuiltIn">
<doc>Makes a variable available everywhere within the scope of the current test.</doc>
<arguments>
<arg>${address}</arg>
</arguments>
<msg timestamp="20200905 18:30:04.242" level="INFO">${address} = Rua dos Bugs, 1000</msg>
<status status="PASS" starttime="20200905 18:30:04.242" endtime="20200905 18:30:04.242"></status>
</kw>
<kw name="Set Test Variable" library="BuiltIn">
<doc>Makes a variable available everywhere within the scope of the current test.</doc>
<arguments>
<arg>${phone_number}</arg>
</arguments>
<msg timestamp="20200905 18:30:04.242" level="INFO">${phone_number} = </msg>
<status status="PASS" starttime="20200905 18:30:04.242" endtime="20200905 18:30:04.242"></status>
</kw>
<status status="PASS" starttime="20200905 18:30:04.231" endtime="20200905 18:30:04.243"></status>
</kw>
<kw name="Quando faço a inclusão desse cliente" library="kws">
<kw name="Register New Customer" library="CustomersPage">
<arguments>
<arg>${name}</arg>
<arg>${cpf}</arg>
<arg>${address}</arg>
<arg>${phone_number}</arg>
</arguments>
<kw name="Input Text" library="SeleniumLibrary">
<doc>Types the given ``text`` into the text field identified by ``locator``.</doc>
<arguments>
<arg>id:name</arg>
<arg>${name}</arg>
</arguments>
<msg timestamp="20200905 18:30:04.244" level="INFO">Typing text 'Fernanda' into text field 'id:name'.</msg>
<status status="PASS" starttime="20200905 18:30:04.244" endtime="20200905 18:30:04.302"></status>
</kw>
<kw name="Input Text" library="SeleniumLibrary">
<doc>Types the given ``text`` into the text field identified by ``locator``.</doc>
<arguments>
<arg>id:cpf</arg>
<arg>${cpf}</arg>
</arguments>
<msg timestamp="20200905 18:30:04.303" level="INFO">Typing text '34508390222' into text field 'id:cpf'.</msg>
<status status="PASS" starttime="20200905 18:30:04.302" endtime="20200905 18:30:04.374"></status>
</kw>
<kw name="Input Text" library="SeleniumLibrary">
<doc>Types the given ``text`` into the text field identified by ``locator``.</doc>
<arguments>
<arg>id:address</arg>
<arg>${address}</arg>
</arguments>
<msg timestamp="20200905 18:30:04.374" level="INFO">Typing text 'Rua dos Bugs, 1000' into text field 'id:address'.</msg>
<status status="PASS" starttime="20200905 18:30:04.374" endtime="20200905 18:30:04.448"></status>
</kw>
<kw name="Input Text" library="SeleniumLibrary">
<doc>Types the given ``text`` into the text field identified by ``locator``.</doc>
<arguments>
<arg>id:phone_number</arg>
<arg>${phone_number}</arg>
</arguments>
<msg timestamp="20200905 18:30:04.448" level="INFO">Typing text '' into text field 'id:phone_number'.</msg>
<status status="PASS" starttime="20200905 18:30:04.448" endtime="20200905 18:30:04.510"></status>
</kw>
<kw name="Wait Until Element Is Not Visible" library="SeleniumLibrary">
<doc>Waits until the element ``locator`` is not visible.</doc>
<arguments>
<arg>${TOASTER_SUCCESS}</arg>
<arg>10</arg>
</arguments>
<status status="PASS" starttime="20200905 18:30:04.511" endtime="20200905 18:30:04.516"></status>
</kw>
<kw name="Click Element" library="SeleniumLibrary">
<doc>Click the element identified by ``locator``.</doc>
<arguments>
<arg>xpath://button[text()='CADASTRAR']</arg>
</arguments>
<msg timestamp="20200905 18:30:04.517" level="INFO">Clicking element 'xpath://button[text()='CADASTRAR']'.</msg>
<status status="PASS" starttime="20200905 18:30:04.516" endtime="20200905 18:30:04.555"></status>
</kw>
<status status="PASS" starttime="20200905 18:30:04.243" endtime="20200905 18:30:04.556"></status>
</kw>
<status status="PASS" starttime="20200905 18:30:04.243" endtime="20200905 18:30:04.556"></status>
</kw>
<kw name="Então devo ver o texto" library="kws">
<arguments>
<arg>${saida}</arg>
</arguments>
<kw name="Wait Until Page Contains" library="SeleniumLibrary">
<doc>Waits until ``text`` appears on the current page.</doc>
<arguments>
<arg>${expect_text}</arg>
<arg>5</arg>
</arguments>
<status status="PASS" starttime="20200905 18:30:04.556" endtime="20200905 18:30:04.565"></status>
</kw>
<status status="PASS" starttime="20200905 18:30:04.556" endtime="20200905 18:30:04.565"></status>
</kw>
<status status="PASS" starttime="20200905 18:30:04.118" endtime="20200905 18:30:04.565"></status>
</kw>
<tags>
<tag>required</tag>
</tags>
<status status="PASS" starttime="20200905 18:30:04.117" endtime="20200905 18:30:04.566" critical="yes"></status>
</test>
<test id="s1-s1-t8" name="Telefone incorreto">
<kw name="Validação de Campos">
<arguments>
<arg>João da Silva</arg>
<arg>00000001406</arg>
<arg>Rua dos Bugs, 1000</arg>
<arg>1199999999</arg>
<arg>Telefone inválido</arg>
</arguments>
<kw name="Dado que acesso o formulário de Cadastro de Clientes" library="kws">
<kw name="Wait Until Element Is Visible" library="SeleniumLibrary">
<doc>Waits until the element ``locator`` is visible.</doc>
<arguments>
<arg>${NAV_CUSTOMERS}</arg>
<arg>5</arg>
</arguments>
<status status="PASS" starttime="20200905 18:30:04.570" endtime="20200905 18:30:04.584"></status>
</kw>
<kw name="Click Element" library="SeleniumLibrary">
<doc>Click the element identified by ``locator``.</doc>
<arguments>
<arg>${NAV_CUSTOMERS}</arg>
</arguments>
<msg timestamp="20200905 18:30:04.585" level="INFO">Clicking element 'css:a[href$=customers]'.</msg>
<status status="PASS" starttime="20200905 18:30:04.584" endtime="20200905 18:30:04.612"></status>
</kw>
<kw name="Wait Until Element Is Visible" library="SeleniumLibrary">
<doc>Waits until the element ``locator`` is visible.</doc>
<arguments>
<arg>${CUSTOMERS_FORM}</arg>
<arg>5</arg>
</arguments>
<status status="PASS" starttime="20200905 18:30:04.612" endtime="20200905 18:30:04.634"></status>
</kw>
<kw name="Click Element" library="SeleniumLibrary">
<doc>Click the element identified by ``locator``.</doc>
<arguments>
<arg>${CUSTOMERS_FORM}</arg>
</arguments>
<msg timestamp="20200905 18:30:04.635" level="INFO">Clicking element 'css:a[href$=register]'.</msg>
<status status="PASS" starttime="20200905 18:30:04.634" endtime="20200905 18:30:04.672"></status>
</kw>
<status status="PASS" starttime="20200905 18:30:04.570" endtime="20200905 18:30:04.672"></status>
</kw>
<kw name="E que eu tenho o seguinte cliente:" library="kws">
<arguments>
<arg>${nome}</arg>
<arg>${cpf}</arg>
<arg>${endereco}</arg>
<arg>${telefone}</arg>
</arguments>
<kw name="Remove Customer By Cpf" library="db">
<arguments>
<arg>${cpf}</arg>
</arguments>
<msg timestamp="20200905 18:30:04.689" level="INFO">delete from public.customers where cpf = '00000001406';</msg>
<status status="PASS" starttime="20200905 18:30:04.673" endtime="20200905 18:30:04.689"></status>
</kw>
<kw name="Set Test Variable" library="BuiltIn">
<doc>Makes a variable available everywhere within the scope of the current test.</doc>
<arguments>
<arg>${name}</arg>
</arguments>
<msg timestamp="20200905 18:30:04.689" level="INFO">${name} = João da Silva</msg>
<status status="PASS" starttime="20200905 18:30:04.689" endtime="20200905 18:30:04.689"></status>
</kw>
<kw name="Set Test Variable" library="BuiltIn">
<doc>Makes a variable available everywhere within the scope of the current test.</doc>
<arguments>
<arg>${cpf}</arg>
</arguments>
<msg timestamp="20200905 18:30:04.690" level="INFO">${cpf} = 00000001406</msg>
<status status="PASS" starttime="20200905 18:30:04.690" endtime="20200905 18:30:04.690"></status>
</kw>
<kw name="Set Test Variable" library="BuiltIn">
<doc>Makes a variable available everywhere within the scope of the current test.</doc>
<arguments>
<arg>${address}</arg>
</arguments>
<msg timestamp="20200905 18:30:04.690" level="INFO">${address} = Rua dos Bugs, 1000</msg>
<status status="PASS" starttime="20200905 18:30:04.690" endtime="20200905 18:30:04.690"></status>
</kw>
<kw name="Set Test Variable" library="BuiltIn">
<doc>Makes a variable available everywhere within the scope of the current test.</doc>
<arguments>
<arg>${phone_number}</arg>
</arguments>
<msg timestamp="20200905 18:30:04.691" level="INFO">${phone_number} = 1199999999</msg>
<status status="PASS" starttime="20200905 18:30:04.690" endtime="20200905 18:30:04.691"></status>
</kw>
<status status="PASS" starttime="20200905 18:30:04.672" endtime="20200905 18:30:04.691"></status>
</kw>
<kw name="Quando faço a inclusão desse cliente" library="kws">
<kw name="Register New Customer" library="CustomersPage">
<arguments>
<arg>${name}</arg>
<arg>${cpf}</arg>
<arg>${address}</arg>
<arg>${phone_number}</arg>
</arguments>
<kw name="Input Text" library="SeleniumLibrary">
<doc>Types the given ``text`` into the text field identified by ``locator``.</doc>
<arguments>
<arg>id:name</arg>
<arg>${name}</arg>
</arguments>
<msg timestamp="20200905 18:30:04.693" level="INFO">Typing text 'João da Silva' into text field 'id:name'.</msg>
<status status="PASS" starttime="20200905 18:30:04.692" endtime="20200905 18:30:04.758"></status>
</kw>
<kw name="Input Text" library="SeleniumLibrary">
<doc>Types the given ``text`` into the text field identified by ``locator``.</doc>
<arguments>
<arg>id:cpf</arg>
<arg>${cpf}</arg>
</arguments>
<msg timestamp="20200905 18:30:04.758" level="INFO">Typing text '00000001406' into text field 'id:cpf'.</msg>
<status status="PASS" starttime="20200905 18:30:04.758" endtime="20200905 18:30:04.828"></status>
</kw>
<kw name="Input Text" library="SeleniumLibrary">
<doc>Types the given ``text`` into the text field identified by ``locator``.</doc>
<arguments>
<arg>id:address</arg>
<arg>${address}</arg>
</arguments>
<msg timestamp="20200905 18:30:04.829" level="INFO">Typing text 'Rua dos Bugs, 1000' into text field 'id:address'.</msg>
<status status="PASS" starttime="20200905 18:30:04.829" endtime="20200905 18:30:04.904"></status>
</kw>
<kw name="Input Text" library="SeleniumLibrary">
<doc>Types the given ``text`` into the text field identified by ``locator``.</doc>
<arguments>
<arg>id:phone_number</arg>
<arg>${phone_number}</arg>
</arguments>
<msg timestamp="20200905 18:30:04.904" level="INFO">Typing text '1199999999' into text field 'id:phone_number'.</msg>
<status status="PASS" starttime="20200905 18:30:04.904" endtime="20200905 18:30:04.981"></status>
</kw>
<kw name="Wait Until Element Is Not Visible" library="SeleniumLibrary">
<doc>Waits until the element ``locator`` is not visible.</doc>
<arguments>
<arg>${TOASTER_SUCCESS}</arg>
<arg>10</arg>
</arguments>
<status status="PASS" starttime="20200905 18:30:04.981" endtime="20200905 18:30:04.987"></status>
</kw>
<kw name="Click Element" library="SeleniumLibrary">
<doc>Click the element identified by ``locator``.</doc>
<arguments>
<arg>xpath://button[text()='CADASTRAR']</arg>
</arguments>
<msg timestamp="20200905 18:30:04.988" level="INFO">Clicking element 'xpath://button[text()='CADASTRAR']'.</msg>
<status status="PASS" starttime="20200905 18:30:04.987" endtime="20200905 18:30:05.024"></status>
</kw>
<status status="PASS" starttime="20200905 18:30:04.691" endtime="20200905 18:30:05.024"></status>
</kw>
<status status="PASS" starttime="20200905 18:30:04.691" endtime="20200905 18:30:05.025"></status>
</kw>
<kw name="Então devo ver o texto" library="kws">
<arguments>
<arg>${saida}</arg>
</arguments>
<kw name="Wait Until Page Contains" library="SeleniumLibrary">
<doc>Waits until ``text`` appears on the current page.</doc>
<arguments>
<arg>${expect_text}</arg>
<arg>5</arg>
</arguments>
<status status="PASS" starttime="20200905 18:30:05.025" endtime="20200905 18:30:05.037"></status>
</kw>
<status status="PASS" starttime="20200905 18:30:05.025" endtime="20200905 18:30:05.038"></status>
</kw>
<status status="PASS" starttime="20200905 18:30:04.569" endtime="20200905 18:30:05.038"></status>
</kw>
<status status="PASS" starttime="20200905 18:30:04.568" endtime="20200905 18:30:05.039" critical="yes"></status>
</test>
<kw name="Finish Session" library="hooks" type="teardown">
<kw name="Close Browser" library="SeleniumLibrary">
<doc>Closes the current browser.</doc>
<status status="PASS" starttime="20200905 18:30:05.042" endtime="20200905 18:30:07.145"></status>
</kw>
<status status="PASS" starttime="20200905 18:30:05.041" endtime="20200905 18:30:07.145"></status>
</kw>
<doc>Cadastro de Clientes</doc>
<status status="PASS" starttime="20200905 18:29:43.245" endtime="20200905 18:30:07.145"></status>
</suite>
<suite id="s1-s2" name="Equipamentos" source="C:\qaninja\ze-palheta\tests\equipamentos.robot">
<kw name="Login Session" library="hooks" type="setup">
<kw name="Start Session" library="hooks">
<kw name="Open Browser" library="SeleniumLibrary">
<doc>Opens a new browser instance to the optional ``url``.</doc>
<arguments>
<arg>about:blank</arg>
<arg>chrome</arg>
</arguments>
<msg timestamp="20200905 18:30:07.162" level="INFO">Opening browser 'chrome' to base url 'about:blank'.</msg>
<status status="PASS" starttime="20200905 18:30:07.162" endtime="20200905 18:30:10.602"></status>
</kw>
<kw name="Maximize Browser Window" library="SeleniumLibrary">
<doc>Maximizes current browser window.</doc>
<status status="PASS" starttime="20200905 18:30:10.602" endtime="20200905 18:30:12.729"></status>
</kw>
<status status="PASS" starttime="20200905 18:30:07.161" endtime="20200905 18:30:12.729"></status>
</kw>
<kw name="Go To" library="SeleniumLibrary">
<doc>Navigates the current browser window to the provided ``url``.</doc>
<arguments>
<arg>${base_url}</arg>
</arguments>
<msg timestamp="20200905 18:30:12.730" level="INFO">Opening url 'http://zepalheta-web:3000'</msg>
<status status="PASS" starttime="20200905 18:30:12.730" endtime="20200905 18:30:13.912"></status>
</kw>
<kw name="Login With" library="LoginPage">
<arguments>
<arg>${admin_user}</arg>
<arg>${admin_pass}</arg>
</arguments>
<kw name="Input Text" library="SeleniumLibrary">
<doc>Types the given ``text`` into the text field identified by ``locator``.</doc>
<arguments>
<arg>id:txtEmail</arg>
<arg>${email}</arg>
</arguments>
<msg timestamp="20200905 18:30:13.913" level="INFO">Typing text 'admin@zepalheta.com.br' into text field 'id:txtEmail'.</msg>
<status status="PASS" starttime="20200905 18:30:13.913" endtime="20200905 18:30:14.592"></status>
</kw>
<kw name="Input Text" library="SeleniumLibrary">
<doc>Types the given ``text`` into the text field identified by ``locator``.</doc>
<arguments>
<arg>css:input[placeholder=Senha]</arg>
<arg>${password}</arg>
</arguments>
<msg timestamp="20200905 18:30:14.594" level="INFO">Typing text 'pwd123' into text field 'css:input[placeholder=Senha]'.</msg>
<status status="PASS" starttime="20200905 18:30:14.592" endtime="20200905 18:30:14.679"></status>
</kw>
<kw name="Click Element" library="SeleniumLibrary">
<doc>Click the element identified by ``locator``.</doc>
<arguments>
<arg>xpath://button[text()='Entrar']</arg>
</arguments>
<msg timestamp="20200905 18:30:14.679" level="INFO">Clicking element 'xpath://button[text()='Entrar']'.</msg>
<status status="PASS" starttime="20200905 18:30:14.679" endtime="20200905 18:30:14.729"></status>
</kw>
<status status="PASS" starttime="20200905 18:30:13.912" endtime="20200905 18:30:14.729"></status>
</kw>
<status status="PASS" starttime="20200905 18:30:07.161" endtime="20200905 18:30:14.729"></status>
</kw>
<test id="s1-s2-t1" name="Novo Equipamento">
<kw name="Dado que acesso o formulário de Cadastro de Equipamentos" library="kws">
<kw name="Wait Until Element Is Visible" library="SeleniumLibrary">
<doc>Waits until the element ``locator`` is visible.</doc>
<arguments>
<arg>${NAV_EQUIPOS}</arg>
<arg>5</arg>
</arguments>
<status status="PASS" starttime="20200905 18:30:14.731" endtime="20200905 18:30:14.961"></status>
</kw>
<kw name="Click Element" library="SeleniumLibrary">
<doc>Click the element identified by ``locator``.</doc>
<arguments>
<arg>${NAV_EQUIPOS}</arg>
</arguments>
<msg timestamp="20200905 18:30:14.962" level="INFO">Clicking element 'css:a[href$=equipos]'.</msg>
<status status="PASS" starttime="20200905 18:30:14.961" endtime="20200905 18:30:15.004"></status>
</kw>
<kw name="Wait Until Element Is Visible" library="SeleniumLibrary">
<doc>Waits until the element ``locator`` is visible.</doc>
<arguments>
<arg>${EQUIPOS_FORM}</arg>
<arg>5</arg>
</arguments>
<status status="PASS" starttime="20200905 18:30:15.005" endtime="20200905 18:30:15.036"></status>
</kw>
<kw name="Click Element" library="SeleniumLibrary">
<doc>Click the element identified by ``locator``.</doc>
<arguments>
<arg>${EQUIPOS_FORM}</arg>
</arguments>
<msg timestamp="20200905 18:30:15.037" level="INFO">Clicking element 'css:a[href$=register]'.</msg>
<status status="PASS" starttime="20200905 18:30:15.037" endtime="20200905 18:30:15.089"></status>
</kw>
<status status="PASS" starttime="20200905 18:30:14.730" endtime="20200905 18:30:15.089"></status>
</kw>
<kw name="E que eu tenho o seguinte equipamento:" library="kws">
<arguments>
<arg>Guitarra</arg>
<arg>60</arg>
</arguments>
<kw name="Set Test Variable" library="BuiltIn">
<doc>Makes a variable available everywhere within the scope of the current test.</doc>
<arguments>
<arg>${equipo_name}</arg>
</arguments>
<msg timestamp="20200905 18:30:15.091" level="INFO">${equipo_name} = Guitarra</msg>
<status status="PASS" starttime="20200905 18:30:15.091" endtime="20200905 18:30:15.091"></status>
</kw>
<kw name="Set Test Variable" library="BuiltIn">
<doc>Makes a variable available everywhere within the scope of the current test.</doc>
<arguments>
<arg>${equipo_price}</arg>
</arguments>
<msg timestamp="20200905 18:30:15.091" level="INFO">${equipo_price} = 60</msg>
<status status="PASS" starttime="20200905 18:30:15.091" endtime="20200905 18:30:15.091"></status>
</kw>
<status status="PASS" starttime="20200905 18:30:15.090" endtime="20200905 18:30:15.092"></status>
</kw>
<kw name="Quando faço o cadastro desse equipamento" library="kws">
<kw name="Register New Equipo" library="EquiposPage">
<arguments>
<arg>${equipo_name}</arg>
<arg>${equipo_price}</arg>
</arguments>
<kw name="Input Text" library="SeleniumLibrary">
<doc>Types the given ``text`` into the text field identified by ``locator``.</doc>
<arguments>
<arg>id:equipo-name</arg>
<arg>${equipo_name}</arg>
</arguments>
<msg timestamp="20200905 18:30:15.095" level="INFO">Typing text 'Guitarra' into text field 'id:equipo-name'.</msg>
<status status="PASS" starttime="20200905 18:30:15.094" endtime="20200905 18:30:15.174"></status>
</kw>
<kw name="Input Text" library="SeleniumLibrary">
<doc>Types the given ``text`` into the text field identified by ``locator``.</doc>
<arguments>
<arg>id:daily_price</arg>
<arg>${equipo_price}</arg>
</arguments>
<msg timestamp="20200905 18:30:15.174" level="INFO">Typing text '60' into text field 'id:daily_price'.</msg>
<status status="PASS" starttime="20200905 18:30:15.174" endtime="20200905 18:30:15.250"></status>
</kw>
<kw name="Wait Until Element Is Not Visible" library="SeleniumLibrary">
<doc>Waits until the element ``locator`` is not visible.</doc>
<arguments>
<arg>${TOASTER_SUCCESS}</arg>
<arg>10</arg>
</arguments>
<status status="PASS" starttime="20200905 18:30:15.250" endtime="20200905 18:30:15.260"></status>
</kw>
<kw name="Click Element" library="SeleniumLibrary">
<doc>Click the element identified by ``locator``.</doc>
<arguments>
<arg>xpath://button[text()='CADASTRAR']</arg>
</arguments>
<msg timestamp="20200905 18:30:15.260" level="INFO">Clicking element 'xpath://button[text()='CADASTRAR']'.</msg>
<status status="PASS" starttime="20200905 18:30:15.260" endtime="20200905 18:30:15.307"></status>
</kw>
<status status="PASS" starttime="20200905 18:30:15.093" endtime="20200905 18:30:15.307"></status>
</kw>
<status status="PASS" starttime="20200905 18:30:15.092" endtime="20200905 18:30:15.307"></status>
</kw>
<kw name="Então devo ver a notificação:" library="kws">
<arguments>
<arg>Equipo cadastrado com sucesso!</arg>
</arguments>
<kw name="Wait Until Element Contains" library="SeleniumLibrary">
<doc>Waits until the element ``locator`` contains ``text``.</doc>
<arguments>
<arg>${TOASTER_SUCCESS}</arg>
<arg>${expect_notice}</arg>
<arg>5</arg>
</arguments>
<status status="PASS" starttime="20200905 18:30:15.309" endtime="20200905 18:30:15.762"></status>
</kw>
<status status="PASS" starttime="20200905 18:30:15.308" endtime="20200905 18:30:15.762"></status>
</kw>
<status status="PASS" starttime="20200905 18:30:14.729" endtime="20200905 18:30:15.763" critical="yes"></status>
</test>
<test id="s1-s2-t2" name="Campos Obrigatórios">
<kw name="Dado que acesso o formulário de Cadastro de Equipamentos" library="kws">
<kw name="Wait Until Element Is Visible" library="SeleniumLibrary">
<doc>Waits until the element ``locator`` is visible.</doc>
<arguments>
<arg>${NAV_EQUIPOS}</arg>
<arg>5</arg>
</arguments>
<status status="PASS" starttime="20200905 18:30:15.766" endtime="20200905 18:30:15.782"></status>
</kw>
<kw name="Click Element" library="SeleniumLibrary">
<doc>Click the element identified by ``locator``.</doc>
<arguments>
<arg>${NAV_EQUIPOS}</arg>
</arguments>
<msg timestamp="20200905 18:30:15.783" level="INFO">Clicking element 'css:a[href$=equipos]'.</msg>
<status status="PASS" starttime="20200905 18:30:15.783" endtime="20200905 18:30:15.814"></status>
</kw>
<kw name="Wait Until Element Is Visible" library="SeleniumLibrary">
<doc>Waits until the element ``locator`` is visible.</doc>
<arguments>
<arg>${EQUIPOS_FORM}</arg>
<arg>5</arg>
</arguments>
<status status="PASS" starttime="20200905 18:30:15.814" endtime="20200905 18:30:15.833"></status>
</kw>
<kw name="Click Element" library="SeleniumLibrary">
<doc>Click the element identified by ``locator``.</doc>
<arguments>
<arg>${EQUIPOS_FORM}</arg>
</arguments>
<msg timestamp="20200905 18:30:15.833" level="INFO">Clicking element 'css:a[href$=register]'.</msg>
<status status="PASS" starttime="20200905 18:30:15.833" endtime="20200905 18:30:15.874"></status>
</kw>
<status status="PASS" starttime="20200905 18:30:15.766" endtime="20200905 18:30:15.874"></status>
</kw>
<kw name="E que eu tenho o seguinte equipamento:" library="kws">
<arguments>
<arg>${EMPTY}</arg>
<arg>${EMPTY}</arg>
</arguments>
<kw name="Set Test Variable" library="BuiltIn">
<doc>Makes a variable available everywhere within the scope of the current test.</doc>
<arguments>
<arg>${equipo_name}</arg>
</arguments>
<msg timestamp="20200905 18:30:15.876" level="INFO">${equipo_name} = </msg>
<status status="PASS" starttime="20200905 18:30:15.876" endtime="20200905 18:30:15.877"></status>
</kw>
<kw name="Set Test Variable" library="BuiltIn">
<doc>Makes a variable available everywhere within the scope of the current test.</doc>
<arguments>
<arg>${equipo_price}</arg>
</arguments>
<msg timestamp="20200905 18:30:15.878" level="INFO">${equipo_price} = </msg>
<status status="PASS" starttime="20200905 18:30:15.877" endtime="20200905 18:30:15.878"></status>
</kw>
<status status="PASS" starttime="20200905 18:30:15.875" endtime="20200905 18:30:15.878"></status>
</kw>
<kw name="Quando faço o cadastro desse equipamento" library="kws">
<kw name="Register New Equipo" library="EquiposPage">
<arguments>
<arg>${equipo_name}</arg>
<arg>${equipo_price}</arg>
</arguments>
<kw name="Input Text" library="SeleniumLibrary">
<doc>Types the given ``text`` into the text field identified by ``locator``.</doc>
<arguments>
<arg>id:equipo-name</arg>
<arg>${equipo_name}</arg>
</arguments>
<msg timestamp="20200905 18:30:15.882" level="INFO">Typing text '' into text field 'id:equipo-name'.</msg>
<status status="PASS" starttime="20200905 18:30:15.882" endtime="20200905 18:30:15.952"></status>
</kw>
<kw name="Input Text" library="SeleniumLibrary">
<doc>Types the given ``text`` into the text field identified by ``locator``.</doc>
<arguments>
<arg>id:daily_price</arg>
<arg>${equipo_price}</arg>
</arguments>
<msg timestamp="20200905 18:30:15.953" level="INFO">Typing text '' into text field 'id:daily_price'.</msg>
<status status="PASS" starttime="20200905 18:30:15.952" endtime="20200905 18:30:16.024"></status>
</kw>
<kw name="Wait Until Element Is Not Visible" library="SeleniumLibrary">
<doc>Waits until the element ``locator`` is not visible.</doc>
<arguments>
<arg>${TOASTER_SUCCESS}</arg>
<arg>10</arg>
</arguments>
<status status="PASS" starttime="20200905 18:30:16.024" endtime="20200905 18:30:25.706"></status>
</kw>
<kw name="Click Element" library="SeleniumLibrary">
<doc>Click the element identified by ``locator``.</doc>
<arguments>
<arg>xpath://button[text()='CADASTRAR']</arg>
</arguments>
<msg timestamp="20200905 18:30:25.707" level="INFO">Clicking element 'xpath://button[text()='CADASTRAR']'.</msg>
<status status="PASS" starttime="20200905 18:30:25.706" endtime="20200905 18:30:25.749"></status>
</kw>
<status status="PASS" starttime="20200905 18:30:15.881" endtime="20200905 18:30:25.749"></status>
</kw>
<status status="PASS" starttime="20200905 18:30:15.880" endtime="20200905 18:30:25.750"></status>
</kw>
<kw name="Então devo ver mensagens de erro informando que os campos de cadastro de equipamentos são Obrigatórios" library="kws">
<kw name="Wait Until Element Contains" library="SeleniumLibrary">
<doc>Waits until the element ``locator`` contains ``text``.</doc>
<arguments>
<arg>${LABEL_EQUIPO_NAME}</arg>
<arg>Nome do equipo é obrigatório</arg>
<arg>5</arg>
</arguments>
<status status="PASS" starttime="20200905 18:30:25.751" endtime="20200905 18:30:25.813"></status>
</kw>
<kw name="Wait Until Element Contains" library="SeleniumLibrary">
<doc>Waits until the element ``locator`` contains ``text``.</doc>
<arguments>
<arg>${LABEL_EQUIPO_PRICE}</arg>
<arg>Diária do equipo é obrigatória</arg>
<arg>5</arg>
</arguments>
<status status="PASS" starttime="20200905 18:30:25.814" endtime="20200905 18:30:25.834"></status>
</kw>
<status status="PASS" starttime="20200905 18:30:25.750" endtime="20200905 18:30:25.834"></status>
</kw>
<status status="PASS" starttime="20200905 18:30:15.765" endtime="20200905 18:30:25.835" critical="yes"></status>
</test>
<test id="s1-s2-t3" name="Nome é obrigatorio">
<kw name="Validação dos Campos">
<arguments>
<arg>${EMPTY}</arg>
<arg>60</arg>
<arg>Nome do equipo é obrigatório</arg>
</arguments>
<kw name="Dado que acesso o formulário de Cadastro de Equipamentos" library="kws">
<kw name="Wait Until Element Is Visible" library="SeleniumLibrary">
<doc>Waits until the element ``locator`` is visible.</doc>
<arguments>
<arg>${NAV_EQUIPOS}</arg>
<arg>5</arg>
</arguments>
<status status="PASS" starttime="20200905 18:30:25.839" endtime="20200905 18:30:25.853"></status>
</kw>
<kw name="Click Element" library="SeleniumLibrary">
<doc>Click the element identified by ``locator``.</doc>
<arguments>
<arg>${NAV_EQUIPOS}</arg>
</arguments>
<msg timestamp="20200905 18:30:25.854" level="INFO">Clicking element 'css:a[href$=equipos]'.</msg>
<status status="PASS" starttime="20200905 18:30:25.853" endtime="20200905 18:30:25.883"></status>
</kw>
<kw name="Wait Until Element Is Visible" library="SeleniumLibrary">
<doc>Waits until the element ``locator`` is visible.</doc>
<arguments>
<arg>${EQUIPOS_FORM}</arg>
<arg>5</arg>
</arguments>
<status status="PASS" starttime="20200905 18:30:25.884" endtime="20200905 18:30:25.902"></status>
</kw>
<kw name="Click Element" library="SeleniumLibrary">
<doc>Click the element identified by ``locator``.</doc>
<arguments>
<arg>${EQUIPOS_FORM}</arg>
</arguments>
<msg timestamp="20200905 18:30:25.903" level="INFO">Clicking element 'css:a[href$=register]'.</msg>
<status status="PASS" starttime="20200905 18:30:25.902" endtime="20200905 18:30:25.942"></status>
</kw>
<status status="PASS" starttime="20200905 18:30:25.839" endtime="20200905 18:30:25.943"></status>
</kw>
<kw name="E que eu tenho o seguinte equipamento:" library="kws">
<arguments>
<arg>${equipo_name}</arg>
<arg>${equipo_price}</arg>
</arguments>
<kw name="Set Test Variable" library="BuiltIn">
<doc>Makes a variable available everywhere within the scope of the current test.</doc>
<arguments>
<arg>${equipo_name}</arg>
</arguments>
<msg timestamp="20200905 18:30:25.944" level="INFO">${equipo_name} = </msg>
<status status="PASS" starttime="20200905 18:30:25.943" endtime="20200905 18:30:25.944"></status>
</kw>
<kw name="Set Test Variable" library="BuiltIn">
<doc>Makes a variable available everywhere within the scope of the current test.</doc>
<arguments>
<arg>${equipo_price}</arg>
</arguments>
<msg timestamp="20200905 18:30:25.944" level="INFO">${equipo_price} = 60</msg>
<status status="PASS" starttime="20200905 18:30:25.944" endtime="20200905 18:30:25.944"></status>
</kw>
<status status="PASS" starttime="20200905 18:30:25.943" endtime="20200905 18:30:25.944"></status>
</kw>
<kw name="Quando faço o cadastro desse equipamento" library="kws">
<kw name="Register New Equipo" library="EquiposPage">
<arguments>
<arg>${equipo_name}</arg>
<arg>${equipo_price}</arg>
</arguments>
<kw name="Input Text" library="SeleniumLibrary">
<doc>Types the given ``text`` into the text field identified by ``locator``.</doc>
<arguments>
<arg>id:equipo-name</arg>
<arg>${equipo_name}</arg>
</arguments>
<msg timestamp="20200905 18:30:25.945" level="INFO">Typing text '' into text field 'id:equipo-name'.</msg>
[...]
<kw name="Wait Until Page Contains" library="SeleniumLibrary">
<doc>Waits until ``text`` appears on the current page.</doc>
<arguments>
<arg>Aluguéis</arg>
<arg>5</arg>
</arguments>
<status status="PASS" starttime="20200905 18:30:36.996" endtime="20200905 18:30:37.218"></status>
</kw>
<status status="PASS" starttime="20200905 18:30:36.995" endtime="20200905 18:30:37.219"></status>
</kw>
<kw name="Finish Session" library="hooks" type="teardown">
<kw name="Close Browser" library="SeleniumLibrary">
<doc>Closes the current browser.</doc>
<status status="PASS" starttime="20200905 18:30:37.221" endtime="20200905 18:30:39.352"></status>
</kw>
<status status="PASS" starttime="20200905 18:30:37.220" endtime="20200905 18:30:39.352"></status>
</kw>
<tags>
<tag>smoke</tag>
</tags>
<status status="PASS" starttime="20200905 18:30:29.803" endtime="20200905 18:30:39.352" critical="yes"></status>
</test>
<doc>Login</doc>
<status status="PASS" starttime="20200905 18:30:29.791" endtime="20200905 18:30:39.355"></status>
</suite>
<suite id="s1-s4" name="Login Tentativa" source="C:\qaninja\ze-palheta\tests\login_tentativa.robot">
<kw name="Start Session" library="hooks" type="setup">
<kw name="Open Browser" library="SeleniumLibrary">
<doc>Opens a new browser instance to the optional ``url``.</doc>
<arguments>
<arg>about:blank</arg>
<arg>chrome</arg>
</arguments>
<msg timestamp="20200905 18:30:39.369" level="INFO">Opening browser 'chrome' to base url 'about:blank'.</msg>
<status status="PASS" starttime="20200905 18:30:39.369" endtime="20200905 18:30:43.113"></status>
</kw>
<kw name="Maximize Browser Window" library="SeleniumLibrary">
<doc>Maximizes current browser window.</doc>
<status status="PASS" starttime="20200905 18:30:43.113" endtime="20200905 18:30:45.388"></status>
</kw>
<status status="PASS" starttime="20200905 18:30:39.369" endtime="20200905 18:30:45.389"></status>
</kw>
<test id="s1-s4-t1" name="Senha Incorreta">
<kw name="Tentativa de Login">
<arguments>
<arg>admin@zepalheta.com.br</arg>
<arg>abc123</arg>
<arg>Ocorreu um erro ao fazer login, cheque as credenciais.</arg>
</arguments>
<kw name="Acesso a página Login" library="kws">
<kw name="Go To" library="SeleniumLibrary">
<doc>Navigates the current browser window to the provided ``url``.</doc>
<arguments>
<arg>${base_url}</arg>
</arguments>
<msg timestamp="20200905 18:30:45.391" level="INFO">Opening url 'http://zepalheta-web:3000'</msg>
<status status="PASS" starttime="20200905 18:30:45.390" endtime="20200905 18:30:46.686"></status>
</kw>
<status status="PASS" starttime="20200905 18:30:45.390" endtime="20200905 18:30:46.687"></status>
</kw>
<kw name="Submeto minhas credenciais" library="kws">
<arguments>
<arg>${input_email}</arg>
<arg>${input_senha}</arg>
</arguments>
<kw name="Login With" library="LoginPage">
<arguments>
<arg>${email}</arg>
<arg>${password}</arg>
</arguments>
<kw name="Input Text" library="SeleniumLibrary">
<doc>Types the given ``text`` into the text field identified by ``locator``.</doc>
<arguments>
<arg>id:txtEmail</arg>
<arg>${email}</arg>
</arguments>
<msg timestamp="20200905 18:30:46.692" level="INFO">Typing text 'admin@zepalheta.com.br' into text field 'id:txtEmail'.</msg>
<status status="PASS" starttime="20200905 18:30:46.691" endtime="20200905 18:30:46.792"></status>
</kw>
<kw name="Input Text" library="SeleniumLibrary">
<doc>Types the given ``text`` into the text field identified by ``locator``.</doc>
<arguments>
<arg>css:input[placeholder=Senha]</arg>
<arg>${password}</arg>
</arguments>
<msg timestamp="20200905 18:30:46.792" level="INFO">Typing text 'abc123' into text field 'css:input[placeholder=Senha]'.</msg>
<status status="PASS" starttime="20200905 18:30:46.792" endtime="20200905 18:30:46.858"></status>
</kw>
<kw name="Click Element" library="SeleniumLibrary">
<doc>Click the element identified by ``locator``.</doc>
<arguments>
<arg>xpath://button[text()='Entrar']</arg>
</arguments>
<msg timestamp="20200905 18:30:46.859" level="INFO">Clicking element 'xpath://button[text()='Entrar']'.</msg>
<status status="PASS" starttime="20200905 18:30:46.859" endtime="20200905 18:30:46.905"></status>
</kw>
<status status="PASS" starttime="20200905 18:30:46.689" endtime="20200905 18:30:46.905"></status>
</kw>
<status status="PASS" starttime="20200905 18:30:46.687" endtime="20200905 18:30:46.905"></status>
</kw>
<kw name="Devo ver um toaster com a mensagem" library="kws">
<arguments>
<arg>${output_mensagem}</arg>
</arguments>
<kw name="Wait Until Element Contains" library="SeleniumLibrary">
<doc>Waits until the element ``locator`` contains ``text``.</doc>
<arguments>
<arg>${TOASTER_ERROR_P}</arg>
<arg>${expect_message}</arg>
<arg>5</arg>
</arguments>
<kw name="Capture Page Screenshot" library="SeleniumLibrary">
<doc>Takes a screenshot of the current page and embeds it into a log file.</doc>
<msg timestamp="20200905 18:30:53.527" level="INFO" html="yes">&lt;/td&gt;&lt;/tr&gt;&lt;tr&gt;&lt;td colspan="3"&gt;&lt;a href="selenium-screenshot-92.png"&gt;&lt;img src="selenium-screenshot-92.png" width="800px"&gt;&lt;/a&gt;</msg>
<status status="PASS" starttime="20200905 18:30:52.029" endtime="20200905 18:30:53.527"></status>
</kw>
<msg timestamp="20200905 18:30:53.529" level="FAIL">Element 'css:div[type=error] p' did not get text 'Ocorreu um erro ao fazer login, cheque as credenciais.' in 5 seconds.</msg>
<status status="FAIL" starttime="20200905 18:30:46.906" endtime="20200905 18:30:53.529"></status>
</kw>
<status status="FAIL" starttime="20200905 18:30:46.905" endtime="20200905 18:30:53.530"></status>
</kw>
<status status="FAIL" starttime="20200905 18:30:45.390" endtime="20200905 18:30:53.530"></status>
</kw>
<status status="FAIL" starttime="20200905 18:30:45.389" endtime="20200905 18:30:53.546" critical="yes">Element 'css:div[type=error] p' did not get text 'Ocorreu um erro ao fazer login, cheque as credenciais.' in 5 seconds.</status>
</test>
<test id="s1-s4-t2" name="Senha em branco">
<kw name="Tentativa de Login">
<arguments>
<arg>fernanda@gmail.com</arg>
<arg>${EMPTY}</arg>
<arg>O campo senha é obrigatório!</arg>
</arguments>
<kw name="Acesso a página Login" library="kws">
<kw name="Go To" library="SeleniumLibrary">
<doc>Navigates the current browser window to the provided ``url``.</doc>
<arguments>
<arg>${base_url}</arg>
</arguments>
<msg timestamp="20200905 18:30:53.568" level="INFO">Opening url 'http://zepalheta-web:3000'</msg>
<status status="PASS" starttime="20200905 18:30:53.567" endtime="20200905 18:30:54.270"></status>
</kw>
<status status="PASS" starttime="20200905 18:30:53.567" endtime="20200905 18:30:54.270"></status>
</kw>
<kw name="Submeto minhas credenciais" library="kws">
<arguments>
<arg>${input_email}</arg>
<arg>${input_senha}</arg>
</arguments>
<kw name="Login With" library="LoginPage">
<arguments>
<arg>${email}</arg>
<arg>${password}</arg>
</arguments>
<kw name="Input Text" library="SeleniumLibrary">
<doc>Types the given ``text`` into the text field identified by ``locator``.</doc>
<arguments>
<arg>id:txtEmail</arg>
<arg>${email}</arg>
</arguments>
<msg timestamp="20200905 18:30:54.277" level="INFO">Typing text 'fernanda@gmail.com' into text field 'id:txtEmail'.</msg>
<status status="PASS" starttime="20200905 18:30:54.275" endtime="20200905 18:30:54.365"></status>
</kw>
<kw name="Input Text" library="SeleniumLibrary">
<doc>Types the given ``text`` into the text field identified by ``locator``.</doc>
<arguments>
<arg>css:input[placeholder=Senha]</arg>
<arg>${password}</arg>
</arguments>
<msg timestamp="20200905 18:30:54.365" level="INFO">Typing text '' into text field 'css:input[placeholder=Senha]'.</msg>
<status status="PASS" starttime="20200905 18:30:54.365" endtime="20200905 18:30:54.432"></status>
</kw>
<kw name="Click Element" library="SeleniumLibrary">
<doc>Click the element identified by ``locator``.</doc>
<arguments>
<arg>xpath://button[text()='Entrar']</arg>
</arguments>
<msg timestamp="20200905 18:30:54.432" level="INFO">Clicking element 'xpath://button[text()='Entrar']'.</msg>
<status status="PASS" starttime="20200905 18:30:54.432" endtime="20200905 18:30:54.476"></status>
</kw>
<status status="PASS" starttime="20200905 18:30:54.273" endtime="20200905 18:30:54.476"></status>
</kw>
<status status="PASS" starttime="20200905 18:30:54.271" endtime="20200905 18:30:54.476"></status>
</kw>
<kw name="Devo ver um toaster com a mensagem" library="kws">
<arguments>
<arg>${output_mensagem}</arg>
</arguments>
<kw name="Wait Until Element Contains" library="SeleniumLibrary">
<doc>Waits until the element ``locator`` contains ``text``.</doc>
<arguments>
<arg>${TOASTER_ERROR_P}</arg>
<arg>${expect_message}</arg>
<arg>5</arg>
</arguments>
<status status="PASS" starttime="20200905 18:30:54.476" endtime="20200905 18:30:54.708"></status>
</kw>
<status status="PASS" starttime="20200905 18:30:54.476" endtime="20200905 18:30:54.708"></status>
</kw>
<status status="PASS" starttime="20200905 18:30:53.566" endtime="20200905 18:30:54.708"></status>
</kw>
<status status="PASS" starttime="20200905 18:30:53.565" endtime="20200905 18:30:54.709" critical="yes"></status>
</test>
<test id="s1-s4-t3" name="Email em branco">
<kw name="Tentativa de Login">
<arguments>
<arg>${EMPTY}</arg>
<arg>pwd123</arg>
<arg>O campo email é obrigatório!</arg>
</arguments>
<kw name="Acesso a página Login" library="kws">
<kw name="Go To" library="SeleniumLibrary">
<doc>Navigates the current browser window to the provided ``url``.</doc>
<arguments>
<arg>${base_url}</arg>
</arguments>
<msg timestamp="20200905 18:30:54.713" level="INFO">Opening url 'http://zepalheta-web:3000'</msg>
<status status="PASS" starttime="20200905 18:30:54.713" endtime="20200905 18:30:55.309"></status>
</kw>
<status status="PASS" starttime="20200905 18:30:54.712" endtime="20200905 18:30:55.310"></status>
</kw>
<kw name="Submeto minhas credenciais" library="kws">
<arguments>
<arg>${input_email}</arg>
<arg>${input_senha}</arg>
</arguments>
<kw name="Login With" library="LoginPage">
<arguments>
<arg>${email}</arg>
<arg>${password}</arg>
</arguments>
<kw name="Input Text" library="SeleniumLibrary">
<doc>Types the given ``text`` into the text field identified by ``locator``.</doc>
<arguments>
<arg>id:txtEmail</arg>
<arg>${email}</arg>
</arguments>
<msg timestamp="20200905 18:30:55.314" level="INFO">Typing text '' into text field 'id:txtEmail'.</msg>
<status status="PASS" starttime="20200905 18:30:55.313" endtime="20200905 18:30:55.373"></status>
</kw>
<kw name="Input Text" library="SeleniumLibrary">
<doc>Types the given ``text`` into the text field identified by ``locator``.</doc>
<arguments>
<arg>css:input[placeholder=Senha]</arg>
<arg>${password}</arg>
</arguments>
<msg timestamp="20200905 18:30:55.374" level="INFO">Typing text 'pwd123' into text field 'css:input[placeholder=Senha]'.</msg>
<status status="PASS" starttime="20200905 18:30:55.374" endtime="20200905 18:30:55.442"></status>
</kw>
<kw name="Click Element" library="SeleniumLibrary">
<doc>Click the element identified by ``locator``.</doc>
<arguments>
<arg>xpath://button[text()='Entrar']</arg>
</arguments>
<msg timestamp="20200905 18:30:55.442" level="INFO">Clicking element 'xpath://button[text()='Entrar']'.</msg>
<status status="PASS" starttime="20200905 18:30:55.442" endtime="20200905 18:30:55.489"></status>
</kw>
<status status="PASS" starttime="20200905 18:30:55.311" endtime="20200905 18:30:55.489"></status>
</kw>
<status status="PASS" starttime="20200905 18:30:55.310" endtime="20200905 18:30:55.489"></status>
</kw>
<kw name="Devo ver um toaster com a mensagem" library="kws">
<arguments>
<arg>${output_mensagem}</arg>
</arguments>
<kw name="Wait Until Element Contains" library="SeleniumLibrary">
<doc>Waits until the element ``locator`` contains ``text``.</doc>
<arguments>
<arg>${TOASTER_ERROR_P}</arg>
<arg>${expect_message}</arg>
<arg>5</arg>
</arguments>
<status status="PASS" starttime="20200905 18:30:55.490" endtime="20200905 18:30:55.721"></status>
</kw>
<status status="PASS" starttime="20200905 18:30:55.489" endtime="20200905 18:30:55.721"></status>
</kw>
<status status="PASS" starttime="20200905 18:30:54.711" endtime="20200905 18:30:55.722"></status>
</kw>
<status status="PASS" starttime="20200905 18:30:54.710" endtime="20200905 18:30:55.722" critical="yes"></status>
</test>
<test id="s1-s4-t4" name="Email e senha em branco">
<kw name="Tentativa de Login">
<arguments>
<arg>${EMPTY}</arg>
<arg>${EMPTY}</arg>
<arg>Os campos email e senha não foram preenchidos!</arg>
</arguments>
<kw name="Acesso a página Login" library="kws">
<kw name="Go To" library="SeleniumLibrary">
<doc>Navigates the current browser window to the provided ``url``.</doc>
<arguments>
<arg>${base_url}</arg>
</arguments>
<msg timestamp="20200905 18:30:55.725" level="INFO">Opening url 'http://zepalheta-web:3000'</msg>
<status status="PASS" starttime="20200905 18:30:55.725" endtime="20200905 18:30:56.247"></status>
</kw>
<status status="PASS" starttime="20200905 18:30:55.725" endtime="20200905 18:30:56.247"></status>
</kw>
<kw name="Submeto minhas credenciais" library="kws">
<arguments>
<arg>${input_email}</arg>
<arg>${input_senha}</arg>
</arguments>
<kw name="Login With" library="LoginPage">
<arguments>
<arg>${email}</arg>
<arg>${password}</arg>
</arguments>
<kw name="Input Text" library="SeleniumLibrary">
<doc>Types the given ``text`` into the text field identified by ``locator``.</doc>
<arguments>
<arg>id:txtEmail</arg>
<arg>${email}</arg>
</arguments>
<msg timestamp="20200905 18:30:56.251" level="INFO">Typing text '' into text field 'id:txtEmail'.</msg>
<status status="PASS" starttime="20200905 18:30:56.251" endtime="20200905 18:30:56.308"></status>
</kw>
<kw name="Input Text" library="SeleniumLibrary">
<doc>Types the given ``text`` into the text field identified by ``locator``.</doc>
<arguments>
<arg>css:input[placeholder=Senha]</arg>
<arg>${password}</arg>
</arguments>
<msg timestamp="20200905 18:30:56.308" level="INFO">Typing text '' into text field 'css:input[placeholder=Senha]'.</msg>
<status status="PASS" starttime="20200905 18:30:56.308" endtime="20200905 18:30:56.371"></status>
</kw>
<kw name="Click Element" library="SeleniumLibrary">
<doc>Click the element identified by ``locator``.</doc>
<arguments>
<arg>xpath://button[text()='Entrar']</arg>
</arguments>
<msg timestamp="20200905 18:30:56.371" level="INFO">Clicking element 'xpath://button[text()='Entrar']'.</msg>
<status status="PASS" starttime="20200905 18:30:56.371" endtime="20200905 18:30:56.414"></status>
</kw>
<status status="PASS" starttime="20200905 18:30:56.250" endtime="20200905 18:30:56.414"></status>
</kw>
<status status="PASS" starttime="20200905 18:30:56.248" endtime="20200905 18:30:56.414"></status>
</kw>
<kw name="Devo ver um toaster com a mensagem" library="kws">
<arguments>
<arg>${output_mensagem}</arg>
</arguments>
<kw name="Wait Until Element Contains" library="SeleniumLibrary">
<doc>Waits until the element ``locator`` contains ``text``.</doc>
<arguments>
<arg>${TOASTER_ERROR_P}</arg>
<arg>${expect_message}</arg>
<arg>5</arg>
</arguments>
<status status="PASS" starttime="20200905 18:30:56.415" endtime="20200905 18:30:56.643"></status>
</kw>
<status status="PASS" starttime="20200905 18:30:56.415" endtime="20200905 18:30:56.643"></status>
</kw>
<status status="PASS" starttime="20200905 18:30:55.724" endtime="20200905 18:30:56.643"></status>
</kw>
<status status="PASS" starttime="20200905 18:30:55.723" endtime="20200905 18:30:56.644" critical="yes"></status>
</test>
<test id="s1-s4-t5" name="Login Incorreto">
<kw name="Tentativa de Login">
<arguments>
<arg>admin&amp;zepalheta.com.br</arg>
<arg>abc123</arg>
<arg>Ocorreu um erro ao fazer login, cheque as credenciais.</arg>
</arguments>
<kw name="Acesso a página Login" library="kws">
<kw name="Go To" library="SeleniumLibrary">
<doc>Navigates the current browser window to the provided ``url``.</doc>
<arguments>
<arg>${base_url}</arg>
</arguments>
<msg timestamp="20200905 18:30:56.647" level="INFO">Opening url 'http://zepalheta-web:3000'</msg>
<status status="PASS" starttime="20200905 18:30:56.647" endtime="20200905 18:30:57.188"></status>
</kw>
<status status="PASS" starttime="20200905 18:30:56.647" endtime="20200905 18:30:57.189"></status>
</kw>
<kw name="Submeto minhas credenciais" library="kws">
<arguments>
<arg>${input_email}</arg>
<arg>${input_senha}</arg>
</arguments>
<kw name="Login With" library="LoginPage">
<arguments>
<arg>${email}</arg>
<arg>${password}</arg>
</arguments>
<kw name="Input Text" library="SeleniumLibrary">
<doc>Types the given ``text`` into the text field identified by ``locator``.</doc>
<arguments>
<arg>id:txtEmail</arg>
<arg>${email}</arg>
</arguments>
<msg timestamp="20200905 18:30:57.191" level="INFO">Typing text 'admin&amp;zepalheta.com.br' into text field 'id:txtEmail'.</msg>
<status status="PASS" starttime="20200905 18:30:57.191" endtime="20200905 18:30:57.279"></status>
</kw>
<kw name="Input Text" library="SeleniumLibrary">
<doc>Types the given ``text`` into the text field identified by ``locator``.</doc>
<arguments>
<arg>css:input[placeholder=Senha]</arg>
<arg>${password}</arg>
</arguments>
<msg timestamp="20200905 18:30:57.280" level="INFO">Typing text 'abc123' into text field 'css:input[placeholder=Senha]'.</msg>
<status status="PASS" starttime="20200905 18:30:57.280" endtime="20200905 18:30:57.352"></status>
</kw>
<kw name="Click Element" library="SeleniumLibrary">
<doc>Click the element identified by ``locator``.</doc>
<arguments>
<arg>xpath://button[text()='Entrar']</arg>
</arguments>
<msg timestamp="20200905 18:30:57.352" level="INFO">Clicking element 'xpath://button[text()='Entrar']'.</msg>
<status status="PASS" starttime="20200905 18:30:57.352" endtime="20200905 18:30:57.395"></status>
</kw>
<status status="PASS" starttime="20200905 18:30:57.190" endtime="20200905 18:30:57.396"></status>
</kw>
<status status="PASS" starttime="20200905 18:30:57.189" endtime="20200905 18:30:57.396"></status>
</kw>
<kw name="Devo ver um toaster com a mensagem" library="kws">
<arguments>
<arg>${output_mensagem}</arg>
</arguments>
<kw name="Wait Until Element Contains" library="SeleniumLibrary">
<doc>Waits until the element ``locator`` contains ``text``.</doc>
<arguments>
<arg>${TOASTER_ERROR_P}</arg>
<arg>${expect_message}</arg>
<arg>5</arg>
</arguments>
<status status="PASS" starttime="20200905 18:30:57.396" endtime="20200905 18:30:57.641"></status>
</kw>
<status status="PASS" starttime="20200905 18:30:57.396" endtime="20200905 18:30:57.641"></status>
</kw>
<status status="PASS" starttime="20200905 18:30:56.646" endtime="20200905 18:30:57.641"></status>
</kw>
<status status="PASS" starttime="20200905 18:30:56.645" endtime="20200905 18:30:57.642" critical="yes"></status>
</test>
<kw name="Finish Session" library="hooks" type="teardown">
<kw name="Close Browser" library="SeleniumLibrary">
<doc>Closes the current browser.</doc>
<status status="PASS" starttime="20200905 18:30:57.646" endtime="20200905 18:30:59.834"></status>
</kw>
<status status="PASS" starttime="20200905 18:30:57.645" endtime="20200905 18:30:59.834"></status>
</kw>
<doc>Login</doc>
<status status="FAIL" starttime="20200905 18:30:39.357" endtime="20200905 18:30:59.834"></status>
</suite>
<status status="FAIL" starttime="20200905 18:29:43.215" endtime="20200905 18:30:59.840"></status>
</suite>
<statistics>
<total>
<stat pass="17" fail="1">Critical Tests</stat>
<stat pass="17" fail="1">All Tests</stat>
</total>
<tag>
<stat pass="1" fail="0">duplicado</stat>
<stat pass="4" fail="0">required</stat>
<stat pass="2" fail="0">smoke</stat>
</tag>
<suite>
<stat pass="17" fail="1" id="s1" name="Tests">Tests</stat>
<stat pass="8" fail="0" id="s1-s1" name="Cadastro Clientes">Tests.Cadastro Clientes</stat>
<stat pass="4" fail="0" id="s1-s2" name="Equipamentos">Tests.Equipamentos</stat>
<stat pass="1" fail="0" id="s1-s3" name="Login">Tests.Login</stat>
<stat pass="4" fail="1" id="s1-s4" name="Login Tentativa">Tests.Login Tentativa</stat>
</suite>
</statistics>
<errors>
</errors>
</robot>
