<?xml version="1.0" encoding="UTF-8"?>
<robot generator="Robot 3.2.1 (Python 3.8.3 on win32)" generated="20200905 13:14:02.436" rpa="false">
<suite id="s1" name="Tests" source="C:\qaninja\ze-palheta\tests">
<suite id="s1-s1" name="Cadastro Clientes" source="C:\qaninja\ze-palheta\tests\cadastro_clientes.robot">
<test id="s1-s1-t1" name="Nome é Obrigatório">
<kw name="Login Session" library="hooks" type="setup">
<kw name="Start Session" library="hooks">
<kw name="Open Browser" library="SeleniumLibrary">
<doc>Opens a new browser instance to the optional ``url``.</doc>
<arguments>
<arg>about:blank</arg>
<arg>chrome</arg>
</arguments>
<msg timestamp="20200905 13:14:02.718" level="INFO">Opening browser 'chrome' to base url 'about:blank'.</msg>
<status status="PASS" starttime="20200905 13:14:02.718" endtime="20200905 13:14:06.090"></status>
</kw>
<kw name="Maximize Browser Window" library="SeleniumLibrary">
<doc>Maximizes current browser window.</doc>
<status status="PASS" starttime="20200905 13:14:06.090" endtime="20200905 13:14:08.231"></status>
</kw>
<status status="PASS" starttime="20200905 13:14:02.718" endtime="20200905 13:14:08.231"></status>
</kw>
<kw name="Go To" library="SeleniumLibrary">
<doc>Navigates the current browser window to the provided ``url``.</doc>
<arguments>
<arg>${base_url}</arg>
</arguments>
<msg timestamp="20200905 13:14:08.231" level="INFO">Opening url 'http://zepalheta-web:3000'</msg>
<status status="PASS" starttime="20200905 13:14:08.231" endtime="20200905 13:14:09.481"></status>
</kw>
<kw name="Login With" library="LoginPage">
<arguments>
<arg>${admin_user}</arg>
<arg>${admin_pass}</arg>
</arguments>
<kw name="Input Text" library="SeleniumLibrary">
<doc>Types the given ``text`` into the text field identified by ``locator``.</doc>
<arguments>
<arg>id:txtEmail</arg>
<arg>${email}</arg>
</arguments>
<msg timestamp="20200905 13:14:09.482" level="INFO">Typing text 'admin@zepalheta.com.br' into text field 'id:txtEmail'.</msg>
<status status="PASS" starttime="20200905 13:14:09.482" endtime="20200905 13:14:10.244"></status>
</kw>
<kw name="Input Text" library="SeleniumLibrary">
<doc>Types the given ``text`` into the text field identified by ``locator``.</doc>
<arguments>
<arg>css:input[placeholder=Senha]</arg>
<arg>${password}</arg>
</arguments>
<msg timestamp="20200905 13:14:10.246" level="INFO">Typing text 'pwd123' into text field 'css:input[placeholder=Senha]'.</msg>
<status status="PASS" starttime="20200905 13:14:10.245" endtime="20200905 13:14:10.342"></status>
</kw>
<kw name="Click Element" library="SeleniumLibrary">
<doc>Click the element identified by ``locator``.</doc>
<arguments>
<arg>xpath://button[text()='Entrar']</arg>
</arguments>
<msg timestamp="20200905 13:14:10.343" level="INFO">Clicking element 'xpath://button[text()='Entrar']'.</msg>
<status status="PASS" starttime="20200905 13:14:10.342" endtime="20200905 13:14:10.394"></status>
</kw>
<status status="PASS" starttime="20200905 13:14:09.481" endtime="20200905 13:14:10.394"></status>
</kw>
<status status="PASS" starttime="20200905 13:14:02.717" endtime="20200905 13:14:10.395"></status>
</kw>
<kw name="Validação de Campos">
<arguments>
<arg>${EMPTY}</arg>
<arg>34508390222</arg>
<arg>Rua dos Bugs, 1000</arg>
<arg>11999999999</arg>
<arg>Nome é obrigatório</arg>
</arguments>
<kw name="Dado que acesso o formulário de Cadastro de Clientes" library="kws">
<kw name="Wait Until Element Is Visible" library="SeleniumLibrary">
<doc>Waits until the element ``locator`` is visible.</doc>
<arguments>
<arg>${NAV_CUSTOMERS}</arg>
<arg>5</arg>
</arguments>
<status status="PASS" starttime="20200905 13:14:10.397" endtime="20200905 13:14:10.631"></status>
</kw>
<kw name="Click Element" library="SeleniumLibrary">
<doc>Click the element identified by ``locator``.</doc>
<arguments>
<arg>${NAV_CUSTOMERS}</arg>
</arguments>
<msg timestamp="20200905 13:14:10.631" level="INFO">Clicking element 'css:a[href$=customers]'.</msg>
<status status="PASS" starttime="20200905 13:14:10.631" endtime="20200905 13:14:10.678"></status>
</kw>
<kw name="Wait Until Element Is Visible" library="SeleniumLibrary">
<doc>Waits until the element ``locator`` is visible.</doc>
<arguments>
<arg>${CUSTOMERS_FORM}</arg>
<arg>5</arg>
</arguments>
<status status="PASS" starttime="20200905 13:14:10.679" endtime="20200905 13:14:10.719"></status>
</kw>
<kw name="Click Element" library="SeleniumLibrary">
<doc>Click the element identified by ``locator``.</doc>
<arguments>
<arg>${CUSTOMERS_FORM}</arg>
</arguments>
<msg timestamp="20200905 13:14:10.720" level="INFO">Clicking element 'css:a[href$=register]'.</msg>
<status status="PASS" starttime="20200905 13:14:10.719" endtime="20200905 13:14:10.787"></status>
</kw>
<status status="PASS" starttime="20200905 13:14:10.396" endtime="20200905 13:14:10.787"></status>
</kw>
<kw name="Quando faço a inclusão desse Cliente:" library="kws">
<arguments>
<arg>${nome}</arg>
<arg>${cpf}</arg>
<arg>${endereco}</arg>
<arg>${telefone}</arg>
</arguments>
<kw name="Remove Customer By Cpf" library="db">
<arguments>
<arg>${cpf}</arg>
</arguments>
<status status="PASS" starttime="20200905 13:14:10.788" endtime="20200905 13:14:10.802"></status>
</kw>
<kw name="Register New Customer" library="CustomersPage">
<arguments>
<arg>${name}</arg>
<arg>${cpf}</arg>
<arg>${address}</arg>
<arg>${phone_number}</arg>
</arguments>
<kw name="Input Text" library="SeleniumLibrary">
<doc>Types the given ``text`` into the text field identified by ``locator``.</doc>
<arguments>
<arg>id:name</arg>
<arg>${name}</arg>
</arguments>
<msg timestamp="20200905 13:14:10.804" level="INFO">Typing text '' into text field 'id:name'.</msg>
<status status="PASS" starttime="20200905 13:14:10.803" endtime="20200905 13:14:10.869"></status>
</kw>
<kw name="Input Text" library="SeleniumLibrary">
<doc>Types the given ``text`` into the text field identified by ``locator``.</doc>
<arguments>
<arg>id:cpf</arg>
<arg>${cpf}</arg>
</arguments>
<msg timestamp="20200905 13:14:10.870" level="INFO">Typing text '34508390222' into text field 'id:cpf'.</msg>
<status status="PASS" starttime="20200905 13:14:10.870" endtime="20200905 13:14:10.985"></status>
</kw>
<kw name="Input Text" library="SeleniumLibrary">
<doc>Types the given ``text`` into the text field identified by ``locator``.</doc>
<arguments>
<arg>id:address</arg>
<arg>${address}</arg>
</arguments>
<msg timestamp="20200905 13:14:10.986" level="INFO">Typing text 'Rua dos Bugs, 1000' into text field 'id:address'.</msg>
<status status="PASS" starttime="20200905 13:14:10.986" endtime="20200905 13:14:11.078"></status>
</kw>
<kw name="Input Text" library="SeleniumLibrary">
<doc>Types the given ``text`` into the text field identified by ``locator``.</doc>
<arguments>
<arg>id:phone_number</arg>
<arg>${phone_number}</arg>
</arguments>
<msg timestamp="20200905 13:14:11.078" level="INFO">Typing text '11999999999' into text field 'id:phone_number'.</msg>
<status status="PASS" starttime="20200905 13:14:11.078" endtime="20200905 13:14:11.169"></status>
</kw>
<kw name="Click Element" library="SeleniumLibrary">
<doc>Click the element identified by ``locator``.</doc>
<arguments>
<arg>xpath://button[text()='CADASTRAR']</arg>
</arguments>
<msg timestamp="20200905 13:14:11.170" level="INFO">Clicking element 'xpath://button[text()='CADASTRAR']'.</msg>
<status status="PASS" starttime="20200905 13:14:11.170" endtime="20200905 13:14:11.215"></status>
</kw>
<status status="PASS" starttime="20200905 13:14:10.802" endtime="20200905 13:14:11.215"></status>
</kw>
<status status="PASS" starttime="20200905 13:14:10.787" endtime="20200905 13:14:11.215"></status>
</kw>
<kw name="Então devo ver o texto" library="kws">
<arguments>
<arg>${saida}</arg>
</arguments>
<kw name="Wait Until Page Contains" library="SeleniumLibrary">
<doc>Waits until ``text`` appears on the current page.</doc>
<arguments>
<arg>${expect_text}</arg>
<arg>5</arg>
</arguments>
<status status="PASS" starttime="20200905 13:14:11.216" endtime="20200905 13:14:11.230"></status>
</kw>
<status status="PASS" starttime="20200905 13:14:11.215" endtime="20200905 13:14:11.230"></status>
</kw>
<status status="PASS" starttime="20200905 13:14:10.396" endtime="20200905 13:14:11.230"></status>
</kw>
<kw name="Finish Session" library="hooks" type="teardown">
<kw name="Close Browser" library="SeleniumLibrary">
<doc>Closes the current browser.</doc>
<status status="PASS" starttime="20200905 13:14:11.232" endtime="20200905 13:14:14.355"></status>
</kw>
<status status="PASS" starttime="20200905 13:14:11.231" endtime="20200905 13:14:14.355"></status>
</kw>
<tags>
<tag>required</tag>
</tags>
<status status="PASS" starttime="20200905 13:14:02.716" endtime="20200905 13:14:14.357" critical="yes"></status>
</test>
<test id="s1-s1-t2" name="Cpf é Obrigatório">
<kw name="Login Session" library="hooks" type="setup">
<kw name="Start Session" library="hooks">
<kw name="Open Browser" library="SeleniumLibrary">
<doc>Opens a new browser instance to the optional ``url``.</doc>
<arguments>
<arg>about:blank</arg>
<arg>chrome</arg>
</arguments>
<msg timestamp="20200905 13:14:14.371" level="INFO">Opening browser 'chrome' to base url 'about:blank'.</msg>
<status status="PASS" starttime="20200905 13:14:14.370" endtime="20200905 13:14:17.575"></status>
</kw>
<kw name="Maximize Browser Window" library="SeleniumLibrary">
<doc>Maximizes current browser window.</doc>
<status status="PASS" starttime="20200905 13:14:17.575" endtime="20200905 13:14:19.699"></status>
</kw>
<status status="PASS" starttime="20200905 13:14:14.369" endtime="20200905 13:14:19.700"></status>
</kw>
<kw name="Go To" library="SeleniumLibrary">
<doc>Navigates the current browser window to the provided ``url``.</doc>
<arguments>
<arg>${base_url}</arg>
</arguments>
<msg timestamp="20200905 13:14:19.702" level="INFO">Opening url 'http://zepalheta-web:3000'</msg>
<status status="PASS" starttime="20200905 13:14:19.701" endtime="20200905 13:14:20.839"></status>
</kw>
<kw name="Login With" library="LoginPage">
<arguments>
<arg>${admin_user}</arg>
<arg>${admin_pass}</arg>
</arguments>
<kw name="Input Text" library="SeleniumLibrary">
<doc>Types the given ``text`` into the text field identified by ``locator``.</doc>
<arguments>
<arg>id:txtEmail</arg>
<arg>${email}</arg>
</arguments>
<msg timestamp="20200905 13:14:20.840" level="INFO">Typing text 'admin@zepalheta.com.br' into text field 'id:txtEmail'.</msg>
<status status="PASS" starttime="20200905 13:14:20.839" endtime="20200905 13:14:21.478"></status>
</kw>
<kw name="Input Text" library="SeleniumLibrary">
<doc>Types the given ``text`` into the text field identified by ``locator``.</doc>
<arguments>
<arg>css:input[placeholder=Senha]</arg>
<arg>${password}</arg>
</arguments>
<msg timestamp="20200905 13:14:21.480" level="INFO">Typing text 'pwd123' into text field 'css:input[placeholder=Senha]'.</msg>
<status status="PASS" starttime="20200905 13:14:21.479" endtime="20200905 13:14:21.569"></status>
</kw>
<kw name="Click Element" library="SeleniumLibrary">
<doc>Click the element identified by ``locator``.</doc>
<arguments>
<arg>xpath://button[text()='Entrar']</arg>
</arguments>
<msg timestamp="20200905 13:14:21.570" level="INFO">Clicking element 'xpath://button[text()='Entrar']'.</msg>
<status status="PASS" starttime="20200905 13:14:21.569" endtime="20200905 13:14:21.622"></status>
</kw>
<status status="PASS" starttime="20200905 13:14:20.839" endtime="20200905 13:14:21.622"></status>
</kw>
<status status="PASS" starttime="20200905 13:14:14.368" endtime="20200905 13:14:21.623"></status>
</kw>
<kw name="Validação de Campos">
<arguments>
<arg>Fernanda</arg>
<arg>${EMPTY}</arg>
<arg>Rua dos Bugs, 1000</arg>
<arg>11999999999</arg>
<arg>CPF é obrigatório</arg>
</arguments>
<kw name="Dado que acesso o formulário de Cadastro de Clientes" library="kws">
<kw name="Wait Until Element Is Visible" library="SeleniumLibrary">
<doc>Waits until the element ``locator`` is visible.</doc>
<arguments>
<arg>${NAV_CUSTOMERS}</arg>
<arg>5</arg>
</arguments>
<status status="PASS" starttime="20200905 13:14:21.625" endtime="20200905 13:14:21.887"></status>
</kw>
<kw name="Click Element" library="SeleniumLibrary">
<doc>Click the element identified by ``locator``.</doc>
<arguments>
<arg>${NAV_CUSTOMERS}</arg>
</arguments>
<msg timestamp="20200905 13:14:21.888" level="INFO">Clicking element 'css:a[href$=customers]'.</msg>
<status status="PASS" starttime="20200905 13:14:21.887" endtime="20200905 13:14:21.935"></status>
</kw>
<kw name="Wait Until Element Is Visible" library="SeleniumLibrary">
<doc>Waits until the element ``locator`` is visible.</doc>
<arguments>
<arg>${CUSTOMERS_FORM}</arg>
<arg>5</arg>
</arguments>
<status status="PASS" starttime="20200905 13:14:21.936" endtime="20200905 13:14:21.967"></status>
</kw>
<kw name="Click Element" library="SeleniumLibrary">
<doc>Click the element identified by ``locator``.</doc>
<arguments>
<arg>${CUSTOMERS_FORM}</arg>
</arguments>
<msg timestamp="20200905 13:14:21.967" level="INFO">Clicking element 'css:a[href$=register]'.</msg>
<status status="PASS" starttime="20200905 13:14:21.967" endtime="20200905 13:14:22.041"></status>
</kw>
<status status="PASS" starttime="20200905 13:14:21.624" endtime="20200905 13:14:22.041"></status>
</kw>
<kw name="Quando faço a inclusão desse Cliente:" library="kws">
<arguments>
<arg>${nome}</arg>
<arg>${cpf}</arg>
<arg>${endereco}</arg>
<arg>${telefone}</arg>
</arguments>
<kw name="Remove Customer By Cpf" library="db">
<arguments>
<arg>${cpf}</arg>
</arguments>
<status status="PASS" starttime="20200905 13:14:22.042" endtime="20200905 13:14:22.054"></status>
</kw>
<kw name="Register New Customer" library="CustomersPage">
<arguments>
<arg>${name}</arg>
<arg>${cpf}</arg>
<arg>${address}</arg>
<arg>${phone_number}</arg>
</arguments>
<kw name="Input Text" library="SeleniumLibrary">
<doc>Types the given ``text`` into the text field identified by ``locator``.</doc>
<arguments>
<arg>id:name</arg>
<arg>${name}</arg>
</arguments>
<msg timestamp="20200905 13:14:22.055" level="INFO">Typing text 'Fernanda' into text field 'id:name'.</msg>
<status status="PASS" starttime="20200905 13:14:22.055" endtime="20200905 13:14:22.133"></status>
</kw>
<kw name="Input Text" library="SeleniumLibrary">
<doc>Types the given ``text`` into the text field identified by ``locator``.</doc>
<arguments>
<arg>id:cpf</arg>
<arg>${cpf}</arg>
</arguments>
<msg timestamp="20200905 13:14:22.134" level="INFO">Typing text '' into text field 'id:cpf'.</msg>
<status status="PASS" starttime="20200905 13:14:22.133" endtime="20200905 13:14:22.211"></status>
</kw>
<kw name="Input Text" library="SeleniumLibrary">
<doc>Types the given ``text`` into the text field identified by ``locator``.</doc>
<arguments>
<arg>id:address</arg>
<arg>${address}</arg>
</arguments>
<msg timestamp="20200905 13:14:22.211" level="INFO">Typing text 'Rua dos Bugs, 1000' into text field 'id:address'.</msg>
<status status="PASS" starttime="20200905 13:14:22.211" endtime="20200905 13:14:22.301"></status>
</kw>
<kw name="Input Text" library="SeleniumLibrary">
<doc>Types the given ``text`` into the text field identified by ``locator``.</doc>
<arguments>
<arg>id:phone_number</arg>
<arg>${phone_number}</arg>
</arguments>
<msg timestamp="20200905 13:14:22.301" level="INFO">Typing text '11999999999' into text field 'id:phone_number'.</msg>
<status status="PASS" starttime="20200905 13:14:22.301" endtime="20200905 13:14:22.401"></status>
</kw>
<kw name="Click Element" library="SeleniumLibrary">
<doc>Click the element identified by ``locator``.</doc>
<arguments>
<arg>xpath://button[text()='CADASTRAR']</arg>
</arguments>
<msg timestamp="20200905 13:14:22.402" level="INFO">Clicking element 'xpath://button[text()='CADASTRAR']'.</msg>
<status status="PASS" starttime="20200905 13:14:22.401" endtime="20200905 13:14:22.487"></status>
</kw>
<status status="PASS" starttime="20200905 13:14:22.054" endtime="20200905 13:14:22.487"></status>
</kw>
<status status="PASS" starttime="20200905 13:14:22.041" endtime="20200905 13:14:22.488"></status>
</kw>
<kw name="Então devo ver o texto" library="kws">
<arguments>
<arg>${saida}</arg>
</arguments>
<kw name="Wait Until Page Contains" library="SeleniumLibrary">
<doc>Waits until ``text`` appears on the current page.</doc>
<arguments>
<arg>${expect_text}</arg>
<arg>5</arg>
</arguments>
<status status="PASS" starttime="20200905 13:14:22.489" endtime="20200905 13:14:22.506"></status>
</kw>
<status status="PASS" starttime="20200905 13:14:22.488" endtime="20200905 13:14:22.506"></status>
</kw>
<status status="PASS" starttime="20200905 13:14:21.624" endtime="20200905 13:14:22.506"></status>
</kw>
<kw name="Finish Session" library="hooks" type="teardown">
<kw name="Close Browser" library="SeleniumLibrary">
<doc>Closes the current browser.</doc>
<status status="PASS" starttime="20200905 13:14:22.507" endtime="20200905 13:14:24.637"></status>
</kw>
<status status="PASS" starttime="20200905 13:14:22.507" endtime="20200905 13:14:24.637"></status>
</kw>
<tags>
<tag>required</tag>
</tags>
<status status="PASS" starttime="20200905 13:14:14.365" endtime="20200905 13:14:24.639" critical="yes"></status>
</test>
<test id="s1-s1-t3" name="Endereço é Obrigatório">
<kw name="Login Session" library="hooks" type="setup">
<kw name="Start Session" library="hooks">
<kw name="Open Browser" library="SeleniumLibrary">
<doc>Opens a new browser instance to the optional ``url``.</doc>
<arguments>
<arg>about:blank</arg>
<arg>chrome</arg>
</arguments>
<msg timestamp="20200905 13:14:24.647" level="INFO">Opening browser 'chrome' to base url 'about:blank'.</msg>
<status status="PASS" starttime="20200905 13:14:24.647" endtime="20200905 13:14:27.865"></status>
</kw>
<kw name="Maximize Browser Window" library="SeleniumLibrary">
<doc>Maximizes current browser window.</doc>
<status status="PASS" starttime="20200905 13:14:27.866" endtime="20200905 13:14:30.016"></status>
</kw>
<status status="PASS" starttime="20200905 13:14:24.647" endtime="20200905 13:14:30.017"></status>
</kw>
<kw name="Go To" library="SeleniumLibrary">
<doc>Navigates the current browser window to the provided ``url``.</doc>
<arguments>
<arg>${base_url}</arg>
</arguments>
<msg timestamp="20200905 13:14:30.017" level="INFO">Opening url 'http://zepalheta-web:3000'</msg>
<status status="PASS" starttime="20200905 13:14:30.017" endtime="20200905 13:14:31.075"></status>
</kw>
<kw name="Login With" library="LoginPage">
<arguments>
<arg>${admin_user}</arg>
<arg>${admin_pass}</arg>
</arguments>
<kw name="Input Text" library="SeleniumLibrary">
<doc>Types the given ``text`` into the text field identified by ``locator``.</doc>
<arguments>
<arg>id:txtEmail</arg>
<arg>${email}</arg>
</arguments>
<msg timestamp="20200905 13:14:31.077" level="INFO">Typing text 'admin@zepalheta.com.br' into text field 'id:txtEmail'.</msg>
<status status="PASS" starttime="20200905 13:14:31.076" endtime="20200905 13:14:31.763"></status>
</kw>
<kw name="Input Text" library="SeleniumLibrary">
<doc>Types the given ``text`` into the text field identified by ``locator``.</doc>
<arguments>
<arg>css:input[placeholder=Senha]</arg>
<arg>${password}</arg>
</arguments>
<msg timestamp="20200905 13:14:31.765" level="INFO">Typing text 'pwd123' into text field 'css:input[placeholder=Senha]'.</msg>
<status status="PASS" starttime="20200905 13:14:31.763" endtime="20200905 13:14:31.862"></status>
</kw>
<kw name="Click Element" library="SeleniumLibrary">
<doc>Click the element identified by ``locator``.</doc>
<arguments>
<arg>xpath://button[text()='Entrar']</arg>
</arguments>
<msg timestamp="20200905 13:14:31.862" level="INFO">Clicking element 'xpath://button[text()='Entrar']'.</msg>
<status status="PASS" starttime="20200905 13:14:31.862" endtime="20200905 13:14:31.919"></status>
</kw>
<status status="PASS" starttime="20200905 13:14:31.076" endtime="20200905 13:14:31.919"></status>
</kw>
<status status="PASS" starttime="20200905 13:14:24.647" endtime="20200905 13:14:31.920"></status>
</kw>
<kw name="Validação de Campos">
<arguments>
<arg>Fernanda</arg>
<arg>34508390222</arg>
<arg>${EMPTY}</arg>
<arg>11999999999</arg>
<arg>Endereço é obrigatório</arg>
</arguments>
<kw name="Dado que acesso o formulário de Cadastro de Clientes" library="kws">
<kw name="Wait Until Element Is Visible" library="SeleniumLibrary">
<doc>Waits until the element ``locator`` is visible.</doc>
<arguments>
<arg>${NAV_CUSTOMERS}</arg>
<arg>5</arg>
</arguments>
<status status="PASS" starttime="20200905 13:14:31.922" endtime="20200905 13:14:32.154"></status>
</kw>
<kw name="Click Element" library="SeleniumLibrary">
<doc>Click the element identified by ``locator``.</doc>
<arguments>
<arg>${NAV_CUSTOMERS}</arg>
</arguments>
<msg timestamp="20200905 13:14:32.154" level="INFO">Clicking element 'css:a[href$=customers]'.</msg>
<status status="PASS" starttime="20200905 13:14:32.154" endtime="20200905 13:14:32.206"></status>
</kw>
<kw name="Wait Until Element Is Visible" library="SeleniumLibrary">
<doc>Waits until the element ``locator`` is visible.</doc>
<arguments>
<arg>${CUSTOMERS_FORM}</arg>
<arg>5</arg>
</arguments>
<status status="PASS" starttime="20200905 13:14:32.207" endtime="20200905 13:14:32.241"></status>
</kw>
<kw name="Click Element" library="SeleniumLibrary">
<doc>Click the element identified by ``locator``.</doc>
<arguments>
<arg>${CUSTOMERS_FORM}</arg>
</arguments>
<msg timestamp="20200905 13:14:32.241" level="INFO">Clicking element 'css:a[href$=register]'.</msg>
<status status="PASS" starttime="20200905 13:14:32.241" endtime="20200905 13:14:32.306"></status>
</kw>
<status status="PASS" starttime="20200905 13:14:31.921" endtime="20200905 13:14:32.307"></status>
</kw>
<kw name="Quando faço a inclusão desse Cliente:" library="kws">
<arguments>
<arg>${nome}</arg>
<arg>${cpf}</arg>
<arg>${endereco}</arg>
<arg>${telefone}</arg>
</arguments>
<kw name="Remove Customer By Cpf" library="db">
<arguments>
<arg>${cpf}</arg>
</arguments>
<status status="PASS" starttime="20200905 13:14:32.309" endtime="20200905 13:14:32.320"></status>
</kw>
<kw name="Register New Customer" library="CustomersPage">
<arguments>
<arg>${name}</arg>
<arg>${cpf}</arg>
<arg>${address}</arg>
<arg>${phone_number}</arg>
</arguments>
<kw name="Input Text" library="SeleniumLibrary">
<doc>Types the given ``text`` into the text field identified by ``locator``.</doc>
<arguments>
<arg>id:name</arg>
<arg>${name}</arg>
</arguments>
<msg timestamp="20200905 13:14:32.322" level="INFO">Typing text 'Fernanda' into text field 'id:name'.</msg>
<status status="PASS" starttime="20200905 13:14:32.322" endtime="20200905 13:14:32.404"></status>
</kw>
<kw name="Input Text" library="SeleniumLibrary">
<doc>Types the given ``text`` into the text field identified by ``locator``.</doc>
<arguments>
<arg>id:cpf</arg>
<arg>${cpf}</arg>
</arguments>
<msg timestamp="20200905 13:14:32.404" level="INFO">Typing text '34508390222' into text field 'id:cpf'.</msg>
<status status="PASS" starttime="20200905 13:14:32.404" endtime="20200905 13:14:32.497"></status>
</kw>
<kw name="Input Text" library="SeleniumLibrary">
<doc>Types the given ``text`` into the text field identified by ``locator``.</doc>
<arguments>
<arg>id:address</arg>
<arg>${address}</arg>
</arguments>
<msg timestamp="20200905 13:14:32.498" level="INFO">Typing text '' into text field 'id:address'.</msg>
<status status="PASS" starttime="20200905 13:14:32.497" endtime="20200905 13:14:32.569"></status>
</kw>
<kw name="Input Text" library="SeleniumLibrary">
<doc>Types the given ``text`` into the text field identified by ``locator``.</doc>
<arguments>
<arg>id:phone_number</arg>
<arg>${phone_number}</arg>
</arguments>
<msg timestamp="20200905 13:14:32.569" level="INFO">Typing text '11999999999' into text field 'id:phone_number'.</msg>
<status status="PASS" starttime="20200905 13:14:32.569" endtime="20200905 13:14:32.658"></status>
</kw>
<kw name="Click Element" library="SeleniumLibrary">
<doc>Click the element identified by ``locator``.</doc>
<arguments>
<arg>xpath://button[text()='CADASTRAR']</arg>
</arguments>
<msg timestamp="20200905 13:14:32.659" level="INFO">Clicking element 'xpath://button[text()='CADASTRAR']'.</msg>
<status status="PASS" starttime="20200905 13:14:32.658" endtime="20200905 13:14:32.705"></status>
</kw>
<status status="PASS" starttime="20200905 13:14:32.320" endtime="20200905 13:14:32.706"></status>
</kw>
<status status="PASS" starttime="20200905 13:14:32.307" endtime="20200905 13:14:32.706"></status>
</kw>
<kw name="Então devo ver o texto" library="kws">
<arguments>
<arg>${saida}</arg>
</arguments>
<kw name="Wait Until Page Contains" library="SeleniumLibrary">
<doc>Waits until ``text`` appears on the current page.</doc>
<arguments>
<arg>${expect_text}</arg>
<arg>5</arg>
</arguments>
<status status="PASS" starttime="20200905 13:14:32.707" endtime="20200905 13:14:32.721"></status>
</kw>
<status status="PASS" starttime="20200905 13:14:32.706" endtime="20200905 13:14:32.721"></status>
</kw>
<status status="PASS" starttime="20200905 13:14:31.920" endtime="20200905 13:14:32.721"></status>
</kw>
<kw name="Finish Session" library="hooks" type="teardown">
<kw name="Close Browser" library="SeleniumLibrary">
<doc>Closes the current browser.</doc>
<status status="PASS" starttime="20200905 13:14:32.722" endtime="20200905 13:14:34.853"></status>
</kw>
<status status="PASS" starttime="20200905 13:14:32.722" endtime="20200905 13:14:34.853"></status>
</kw>
<tags>
<tag>required</tag>
</tags>
<status status="PASS" starttime="20200905 13:14:24.646" endtime="20200905 13:14:34.855" critical="yes"></status>
</test>
<test id="s1-s1-t4" name="Telefone é Obrigatório">
<kw name="Login Session" library="hooks" type="setup">
<kw name="Start Session" library="hooks">
<kw name="Open Browser" library="SeleniumLibrary">
<doc>Opens a new browser instance to the optional ``url``.</doc>
<arguments>
<arg>about:blank</arg>
<arg>chrome</arg>
</arguments>
<msg timestamp="20200905 13:14:34.862" level="INFO">Opening browser 'chrome' to base url 'about:blank'.</msg>
<status status="PASS" starttime="20200905 13:14:34.862" endtime="20200905 13:14:38.054"></status>
</kw>
<kw name="Maximize Browser Window" library="SeleniumLibrary">
<doc>Maximizes current browser window.</doc>
<status status="PASS" starttime="20200905 13:14:38.054" endtime="20200905 13:14:40.187"></status>
</kw>
<status status="PASS" starttime="20200905 13:14:34.862" endtime="20200905 13:14:40.187"></status>
</kw>
<kw name="Go To" library="SeleniumLibrary">
<doc>Navigates the current browser window to the provided ``url``.</doc>
<arguments>
<arg>${base_url}</arg>
</arguments>
<msg timestamp="20200905 13:14:40.187" level="INFO">Opening url 'http://zepalheta-web:3000'</msg>
<status status="PASS" starttime="20200905 13:14:40.187" endtime="20200905 13:14:41.323"></status>
</kw>
<kw name="Login With" library="LoginPage">
<arguments>
<arg>${admin_user}</arg>
<arg>${admin_pass}</arg>
</arguments>
<kw name="Input Text" library="SeleniumLibrary">
<doc>Types the given ``text`` into the text field identified by ``locator``.</doc>
<arguments>
<arg>id:txtEmail</arg>
<arg>${email}</arg>
</arguments>
<msg timestamp="20200905 13:14:41.325" level="INFO">Typing text 'admin@zepalheta.com.br' into text field 'id:txtEmail'.</msg>
<status status="PASS" starttime="20200905 13:14:41.324" endtime="20200905 13:14:42.141"></status>
</kw>
<kw name="Input Text" library="SeleniumLibrary">
<doc>Types the given ``text`` into the text field identified by ``locator``.</doc>
<arguments>
<arg>css:input[placeholder=Senha]</arg>
<arg>${password}</arg>
</arguments>
<msg timestamp="20200905 13:14:42.142" level="INFO">Typing text 'pwd123' into text field 'css:input[placeholder=Senha]'.</msg>
<status status="PASS" starttime="20200905 13:14:42.141" endtime="20200905 13:14:42.229"></status>
</kw>
<kw name="Click Element" library="SeleniumLibrary">
<doc>Click the element identified by ``locator``.</doc>
<arguments>
<arg>xpath://button[text()='Entrar']</arg>
</arguments>
<msg timestamp="20200905 13:14:42.229" level="INFO">Clicking element 'xpath://button[text()='Entrar']'.</msg>
<status status="PASS" starttime="20200905 13:14:42.229" endtime="20200905 13:14:42.285"></status>
</kw>
<status status="PASS" starttime="20200905 13:14:41.324" endtime="20200905 13:14:42.285"></status>
</kw>
<status status="PASS" starttime="20200905 13:14:34.861" endtime="20200905 13:14:42.285"></status>
</kw>
<kw name="Validação de Campos">
<arguments>
<arg>Fernanda</arg>
<arg>34508390222</arg>
<arg>Rua dos Bugs, 1000</arg>
<arg>${EMPTY}</arg>
<arg>Telefone é obrigatório</arg>
</arguments>
<kw name="Dado que acesso o formulário de Cadastro de Clientes" library="kws">
<kw name="Wait Until Element Is Visible" library="SeleniumLibrary">
<doc>Waits until the element ``locator`` is visible.</doc>
<arguments>
<arg>${NAV_CUSTOMERS}</arg>
<arg>5</arg>
</arguments>
<status status="PASS" starttime="20200905 13:14:42.288" endtime="20200905 13:14:42.524"></status>
</kw>
<kw name="Click Element" library="SeleniumLibrary">
<doc>Click the element identified by ``locator``.</doc>
<arguments>
<arg>${NAV_CUSTOMERS}</arg>
</arguments>
<msg timestamp="20200905 13:14:42.525" level="INFO">Clicking element 'css:a[href$=customers]'.</msg>
<status status="PASS" starttime="20200905 13:14:42.525" endtime="20200905 13:14:42.575"></status>
</kw>
<kw name="Wait Until Element Is Visible" library="SeleniumLibrary">
<doc>Waits until the element ``locator`` is visible.</doc>
<arguments>
<arg>${CUSTOMERS_FORM}</arg>
<arg>5</arg>
</arguments>
<status status="PASS" starttime="20200905 13:14:42.575" endtime="20200905 13:14:42.603"></status>
</kw>
<kw name="Click Element" library="SeleniumLibrary">
<doc>Click the element identified by ``locator``.</doc>
<arguments>
<arg>${CUSTOMERS_FORM}</arg>
</arguments>
<msg timestamp="20200905 13:14:42.603" level="INFO">Clicking element 'css:a[href$=register]'.</msg>
<status status="PASS" starttime="20200905 13:14:42.603" endtime="20200905 13:14:42.680"></status>
</kw>
<status status="PASS" starttime="20200905 13:14:42.287" endtime="20200905 13:14:42.681"></status>
</kw>
<kw name="Quando faço a inclusão desse Cliente:" library="kws">
<arguments>
<arg>${nome}</arg>
<arg>${cpf}</arg>
<arg>${endereco}</arg>
<arg>${telefone}</arg>
</arguments>
<kw name="Remove Customer By Cpf" library="db">
<arguments>
<arg>${cpf}</arg>
</arguments>
<status status="PASS" starttime="20200905 13:14:42.683" endtime="20200905 13:14:42.695"></status>
</kw>
<kw name="Register New Customer" library="CustomersPage">
<arguments>
<arg>${name}</arg>
<arg>${cpf}</arg>
<arg>${address}</arg>
<arg>${phone_number}</arg>
</arguments>
<kw name="Input Text" library="SeleniumLibrary">
<doc>Types the given ``text`` into the text field identified by ``locator``.</doc>
<arguments>
<arg>id:name</arg>
<arg>${name}</arg>
</arguments>
<msg timestamp="20200905 13:14:42.697" level="INFO">Typing text 'Fernanda' into text field 'id:name'.</msg>
<status status="PASS" starttime="20200905 13:14:42.697" endtime="20200905 13:14:42.772"></status>
</kw>
<kw name="Input Text" library="SeleniumLibrary">
<doc>Types the given ``text`` into the text field identified by ``locator``.</doc>
<arguments>
<arg>id:cpf</arg>
<arg>${cpf}</arg>
</arguments>
<msg timestamp="20200905 13:14:42.773" level="INFO">Typing text '34508390222' into text field 'id:cpf'.</msg>
<status status="PASS" starttime="20200905 13:14:42.773" endtime="20200905 13:14:42.869"></status>
</kw>
<kw name="Input Text" library="SeleniumLibrary">
<doc>Types the given ``text`` into the text field identified by ``locator``.</doc>
<arguments>
<arg>id:address</arg>
<arg>${address}</arg>
</arguments>
<msg timestamp="20200905 13:14:42.870" level="INFO">Typing text 'Rua dos Bugs, 1000' into text field 'id:address'.</msg>
<status status="PASS" starttime="20200905 13:14:42.869" endtime="20200905 13:14:42.969"></status>
</kw>
<kw name="Input Text" library="SeleniumLibrary">
<doc>Types the given ``text`` into the text field identified by ``locator``.</doc>
<arguments>
<arg>id:phone_number</arg>
<arg>${phone_number}</arg>
</arguments>
<msg timestamp="20200905 13:14:42.970" level="INFO">Typing text '' into text field 'id:phone_number'.</msg>
<status status="PASS" starttime="20200905 13:14:42.970" endtime="20200905 13:14:43.042"></status>
</kw>
<kw name="Click Element" library="SeleniumLibrary">
<doc>Click the element identified by ``locator``.</doc>
<arguments>
<arg>xpath://button[text()='CADASTRAR']</arg>
</arguments>
<msg timestamp="20200905 13:14:43.042" level="INFO">Clicking element 'xpath://button[text()='CADASTRAR']'.</msg>
<status status="PASS" starttime="20200905 13:14:43.042" endtime="20200905 13:14:43.093"></status>
</kw>
<status status="PASS" starttime="20200905 13:14:42.696" endtime="20200905 13:14:43.093"></status>
</kw>
<status status="PASS" starttime="20200905 13:14:42.681" endtime="20200905 13:14:43.093"></status>
</kw>
<kw name="Então devo ver o texto" library="kws">
<arguments>
<arg>${saida}</arg>
</arguments>
<kw name="Wait Until Page Contains" library="SeleniumLibrary">
<doc>Waits until ``text`` appears on the current page.</doc>
<arguments>
<arg>${expect_text}</arg>
<arg>5</arg>
</arguments>
<status status="PASS" starttime="20200905 13:14:43.094" endtime="20200905 13:14:43.109"></status>
</kw>
<status status="PASS" starttime="20200905 13:14:43.094" endtime="20200905 13:14:43.109"></status>
</kw>
<status status="PASS" starttime="20200905 13:14:42.286" endtime="20200905 13:14:43.109"></status>
</kw>
<kw name="Finish Session" library="hooks" type="teardown">
<kw name="Close Browser" library="SeleniumLibrary">
<doc>Closes the current browser.</doc>
<status status="PASS" starttime="20200905 13:14:43.111" endtime="20200905 13:14:46.259"></status>
</kw>
<status status="PASS" starttime="20200905 13:14:43.110" endtime="20200905 13:14:46.260"></status>
</kw>
<tags>
<tag>required</tag>
</tags>
<status status="PASS" starttime="20200905 13:14:34.861" endtime="20200905 13:14:46.261" critical="yes"></status>
</test>
<doc>Cadastro de Clientes</doc>
<status status="PASS" starttime="20200905 13:14:02.466" endtime="20200905 13:14:46.265"></status>
</suite>
<status status="PASS" starttime="20200905 13:14:02.438" endtime="20200905 13:14:46.273"></status>
</suite>
<statistics>
<total>
<stat pass="4" fail="0">Critical Tests</stat>
<stat pass="4" fail="0">All Tests</stat>
</total>
<tag>
<stat pass="4" fail="0">required</stat>
</tag>
<suite>
<stat pass="4" fail="0" id="s1" name="Tests">Tests</stat>
<stat pass="4" fail="0" id="s1-s1" name="Cadastro Clientes">Tests.Cadastro Clientes</stat>
</suite>
</statistics>
<errors>
</errors>
</robot>
