<?xml version="1.0" encoding="UTF-8"?>
<robot generator="Robot 3.2.1 (Python 3.8.3 on win32)" generated="20200905 17:27:19.179" rpa="false">
<suite id="s1" name="Tests" source="C:\qaninja\ze-palheta\tests">
<suite id="s1-s1" name="Cadastro Clientes" source="C:\qaninja\ze-palheta\tests\cadastro_clientes.robot">
<kw name="Login Session" library="hooks" type="setup">
<kw name="Start Session" library="hooks">
<kw name="Open Browser" library="SeleniumLibrary">
<doc>Opens a new browser instance to the optional ``url``.</doc>
<arguments>
<arg>about:blank</arg>
<arg>chrome</arg>
</arguments>
<msg timestamp="20200905 17:27:19.525" level="INFO">Opening browser 'chrome' to base url 'about:blank'.</msg>
<status status="PASS" starttime="20200905 17:27:19.524" endtime="20200905 17:27:23.275"></status>
</kw>
<kw name="Maximize Browser Window" library="SeleniumLibrary">
<doc>Maximizes current browser window.</doc>
<status status="PASS" starttime="20200905 17:27:23.275" endtime="20200905 17:27:25.392"></status>
</kw>
<status status="PASS" starttime="20200905 17:27:19.524" endtime="20200905 17:27:25.392"></status>
</kw>
<kw name="Go To" library="SeleniumLibrary">
<doc>Navigates the current browser window to the provided ``url``.</doc>
<arguments>
<arg>${base_url}</arg>
</arguments>
<msg timestamp="20200905 17:27:25.393" level="INFO">Opening url 'http://zepalheta-web:3000'</msg>
<status status="PASS" starttime="20200905 17:27:25.392" endtime="20200905 17:27:26.450"></status>
</kw>
<kw name="Login With" library="LoginPage">
<arguments>
<arg>${admin_user}</arg>
<arg>${admin_pass}</arg>
</arguments>
<kw name="Input Text" library="SeleniumLibrary">
<doc>Types the given ``text`` into the text field identified by ``locator``.</doc>
<arguments>
<arg>id:txtEmail</arg>
<arg>${email}</arg>
</arguments>
<msg timestamp="20200905 17:27:26.452" level="INFO">Typing text 'admin@zepalheta.com.br' into text field 'id:txtEmail'.</msg>
<status status="PASS" starttime="20200905 17:27:26.451" endtime="20200905 17:27:27.058"></status>
</kw>
<kw name="Input Text" library="SeleniumLibrary">
<doc>Types the given ``text`` into the text field identified by ``locator``.</doc>
<arguments>
<arg>css:input[placeholder=Senha]</arg>
<arg>${password}</arg>
</arguments>
<msg timestamp="20200905 17:27:27.060" level="INFO">Typing text 'pwd123' into text field 'css:input[placeholder=Senha]'.</msg>
<status status="PASS" starttime="20200905 17:27:27.059" endtime="20200905 17:27:27.142"></status>
</kw>
<kw name="Click Element" library="SeleniumLibrary">
<doc>Click the element identified by ``locator``.</doc>
<arguments>
<arg>xpath://button[text()='Entrar']</arg>
</arguments>
<msg timestamp="20200905 17:27:27.142" level="INFO">Clicking element 'xpath://button[text()='Entrar']'.</msg>
<status status="PASS" starttime="20200905 17:27:27.142" endtime="20200905 17:27:27.194"></status>
</kw>
<status status="PASS" starttime="20200905 17:27:26.451" endtime="20200905 17:27:27.194"></status>
</kw>
<status status="PASS" starttime="20200905 17:27:19.524" endtime="20200905 17:27:27.194"></status>
</kw>
<test id="s1-s1-t1" name="Novo Cliente">
<kw name="Dado que acesso o formulário de Cadastro de Clientes" library="kws">
<kw name="Wait Until Element Is Visible" library="SeleniumLibrary">
<doc>Waits until the element ``locator`` is visible.</doc>
<arguments>
<arg>${NAV_CUSTOMERS}</arg>
<arg>5</arg>
</arguments>
<status status="PASS" starttime="20200905 17:27:27.196" endtime="20200905 17:27:27.425"></status>
</kw>
<kw name="Click Element" library="SeleniumLibrary">
<doc>Click the element identified by ``locator``.</doc>
<arguments>
<arg>${NAV_CUSTOMERS}</arg>
</arguments>
<msg timestamp="20200905 17:27:27.425" level="INFO">Clicking element 'css:a[href$=customers]'.</msg>
<status status="PASS" starttime="20200905 17:27:27.425" endtime="20200905 17:27:27.468"></status>
</kw>
<kw name="Wait Until Element Is Visible" library="SeleniumLibrary">
<doc>Waits until the element ``locator`` is visible.</doc>
<arguments>
<arg>${CUSTOMERS_FORM}</arg>
<arg>5</arg>
</arguments>
<status status="PASS" starttime="20200905 17:27:27.468" endtime="20200905 17:27:27.492"></status>
</kw>
<kw name="Click Element" library="SeleniumLibrary">
<doc>Click the element identified by ``locator``.</doc>
<arguments>
<arg>${CUSTOMERS_FORM}</arg>
</arguments>
<msg timestamp="20200905 17:27:27.493" level="INFO">Clicking element 'css:a[href$=register]'.</msg>
<status status="PASS" starttime="20200905 17:27:27.492" endtime="20200905 17:27:27.545"></status>
</kw>
<status status="PASS" starttime="20200905 17:27:27.196" endtime="20200905 17:27:27.545"></status>
</kw>
<kw name="E que eu tenho o seguinte cliente:" library="kws">
<arguments>
<arg>Bon Jovi</arg>
<arg>000.000.014-06</arg>
<arg>Rua dos Bugs, 1000</arg>
<arg>11999999999</arg>
</arguments>
<kw name="Remove Customer By Cpf" library="db">
<arguments>
<arg>${cpf}</arg>
</arguments>
<msg timestamp="20200905 17:27:27.569" level="INFO">delete from public.customers where cpf = '000.000.014-06';</msg>
<status status="PASS" starttime="20200905 17:27:27.547" endtime="20200905 17:27:27.569"></status>
</kw>
<kw name="Set Test Variable" library="BuiltIn">
<doc>Makes a variable available everywhere within the scope of the current test.</doc>
<arguments>
<arg>${name}</arg>
</arguments>
<msg timestamp="20200905 17:27:27.570" level="INFO">${name} = Bon Jovi</msg>
<status status="PASS" starttime="20200905 17:27:27.569" endtime="20200905 17:27:27.570"></status>
</kw>
<kw name="Set Test Variable" library="BuiltIn">
<doc>Makes a variable available everywhere within the scope of the current test.</doc>
<arguments>
<arg>${cpf}</arg>
</arguments>
<msg timestamp="20200905 17:27:27.570" level="INFO">${cpf} = 000.000.014-06</msg>
<status status="PASS" starttime="20200905 17:27:27.570" endtime="20200905 17:27:27.571"></status>
</kw>
<kw name="Set Test Variable" library="BuiltIn">
<doc>Makes a variable available everywhere within the scope of the current test.</doc>
<arguments>
<arg>${address}</arg>
</arguments>
<msg timestamp="20200905 17:27:27.571" level="INFO">${address} = Rua dos Bugs, 1000</msg>
<status status="PASS" starttime="20200905 17:27:27.571" endtime="20200905 17:27:27.571"></status>
</kw>
<kw name="Set Test Variable" library="BuiltIn">
<doc>Makes a variable available everywhere within the scope of the current test.</doc>
<arguments>
<arg>${phone_number}</arg>
</arguments>
<msg timestamp="20200905 17:27:27.571" level="INFO">${phone_number} = 11999999999</msg>
<status status="PASS" starttime="20200905 17:27:27.571" endtime="20200905 17:27:27.572"></status>
</kw>
<status status="PASS" starttime="20200905 17:27:27.546" endtime="20200905 17:27:27.572"></status>
</kw>
<kw name="Quando faço a inclusão desse cliente" library="kws">
<kw name="Register New Customer" library="CustomersPage">
<arguments>
<arg>${name}</arg>
<arg>${cpf}</arg>
<arg>${address}</arg>
<arg>${phone_number}</arg>
</arguments>
<kw name="Input Text" library="SeleniumLibrary">
<doc>Types the given ``text`` into the text field identified by ``locator``.</doc>
<arguments>
<arg>id:name</arg>
<arg>${name}</arg>
</arguments>
<msg timestamp="20200905 17:27:27.574" level="INFO">Typing text 'Bon Jovi' into text field 'id:name'.</msg>
<status status="PASS" starttime="20200905 17:27:27.574" endtime="20200905 17:27:27.641"></status>
</kw>
<kw name="Input Text" library="SeleniumLibrary">
<doc>Types the given ``text`` into the text field identified by ``locator``.</doc>
<arguments>
<arg>id:cpf</arg>
<arg>${cpf}</arg>
</arguments>
<msg timestamp="20200905 17:27:27.641" level="INFO">Typing text '000.000.014-06' into text field 'id:cpf'.</msg>
<status status="PASS" starttime="20200905 17:27:27.641" endtime="20200905 17:27:27.729"></status>
</kw>
<kw name="Input Text" library="SeleniumLibrary">
<doc>Types the given ``text`` into the text field identified by ``locator``.</doc>
<arguments>
<arg>id:address</arg>
<arg>${address}</arg>
</arguments>
<msg timestamp="20200905 17:27:27.730" level="INFO">Typing text 'Rua dos Bugs, 1000' into text field 'id:address'.</msg>
<status status="PASS" starttime="20200905 17:27:27.729" endtime="20200905 17:27:27.815"></status>
</kw>
<kw name="Input Text" library="SeleniumLibrary">
<doc>Types the given ``text`` into the text field identified by ``locator``.</doc>
<arguments>
<arg>id:phone_number</arg>
<arg>${phone_number}</arg>
</arguments>
<msg timestamp="20200905 17:27:27.816" level="INFO">Typing text '11999999999' into text field 'id:phone_number'.</msg>
<status status="PASS" starttime="20200905 17:27:27.816" endtime="20200905 17:27:27.896"></status>
</kw>
<kw name="Wait Until Element Is Not Visible" library="SeleniumLibrary">
<doc>Waits until the element ``locator`` is not visible.</doc>
<arguments>
<arg>${TOASTER_SUCCESS}</arg>
<arg>10</arg>
</arguments>
<status status="PASS" starttime="20200905 17:27:27.897" endtime="20200905 17:27:27.907"></status>
</kw>
<kw name="Click Element" library="SeleniumLibrary">
<doc>Click the element identified by ``locator``.</doc>
<arguments>
<arg>xpath://button[text()='CADASTRAR']</arg>
</arguments>
<msg timestamp="20200905 17:27:27.907" level="INFO">Clicking element 'xpath://button[text()='CADASTRAR']'.</msg>
<status status="PASS" starttime="20200905 17:27:27.907" endtime="20200905 17:27:27.958"></status>
</kw>
<status status="PASS" starttime="20200905 17:27:27.573" endtime="20200905 17:27:27.958"></status>
</kw>
<status status="PASS" starttime="20200905 17:27:27.572" endtime="20200905 17:27:27.958"></status>
</kw>
<kw name="Então devo ver a notificação:" library="kws">
<arguments>
<arg>Cliente cadastrado com sucesso!</arg>
</arguments>
<kw name="Wait Until Element Contains" library="SeleniumLibrary">
<doc>Waits until the element ``locator`` contains ``text``.</doc>
<arguments>
<arg>${TOASTER_SUCCESS}</arg>
<arg>${expect_notice}</arg>
<arg>5</arg>
</arguments>
<status status="PASS" starttime="20200905 17:27:27.960" endtime="20200905 17:27:28.420"></status>
</kw>
<status status="PASS" starttime="20200905 17:27:27.959" endtime="20200905 17:27:28.420"></status>
</kw>
<tags>
<tag>smoke</tag>
</tags>
<status status="PASS" starttime="20200905 17:27:27.194" endtime="20200905 17:27:28.421" critical="yes"></status>
</test>
<kw name="Finish Session" library="hooks" type="teardown">
<kw name="Close Browser" library="SeleniumLibrary">
<doc>Closes the current browser.</doc>
<status status="PASS" starttime="20200905 17:27:28.424" endtime="20200905 17:27:30.529"></status>
</kw>
<status status="PASS" starttime="20200905 17:27:28.424" endtime="20200905 17:27:30.529"></status>
</kw>
<doc>Cadastro de Clientes</doc>
<status status="PASS" starttime="20200905 17:27:19.214" endtime="20200905 17:27:30.529"></status>
</suite>
<suite id="s1-s2" name="Login" source="C:\qaninja\ze-palheta\tests\login.robot">
<test id="s1-s2-t1" name="Login do Administrador">
<kw name="Start Session" library="hooks" type="setup">
<kw name="Open Browser" library="SeleniumLibrary">
<doc>Opens a new browser instance to the optional ``url``.</doc>
<arguments>
<arg>about:blank</arg>
<arg>chrome</arg>
</arguments>
<msg timestamp="20200905 17:27:30.543" level="INFO">Opening browser 'chrome' to base url 'about:blank'.</msg>
<status status="PASS" starttime="20200905 17:27:30.543" endtime="20200905 17:27:33.720"></status>
</kw>
<kw name="Maximize Browser Window" library="SeleniumLibrary">
<doc>Maximizes current browser window.</doc>
<status status="PASS" starttime="20200905 17:27:33.720" endtime="20200905 17:27:35.849"></status>
</kw>
<status status="PASS" starttime="20200905 17:27:30.543" endtime="20200905 17:27:35.850"></status>
</kw>
<kw name="Acesso a página Login" library="kws">
<kw name="Go To" library="SeleniumLibrary">
<doc>Navigates the current browser window to the provided ``url``.</doc>
<arguments>
<arg>${base_url}</arg>
</arguments>
<msg timestamp="20200905 17:27:35.851" level="INFO">Opening url 'http://zepalheta-web:3000'</msg>
<status status="PASS" starttime="20200905 17:27:35.851" endtime="20200905 17:27:36.865"></status>
</kw>
<status status="PASS" starttime="20200905 17:27:35.851" endtime="20200905 17:27:36.865"></status>
</kw>
<kw name="Submeto minhas credenciais" library="kws">
<arguments>
<arg>admin@zepalheta.com.br</arg>
<arg>pwd123</arg>
</arguments>
<kw name="Login With" library="LoginPage">
<arguments>
<arg>${email}</arg>
<arg>${password}</arg>
</arguments>
<kw name="Input Text" library="SeleniumLibrary">
<doc>Types the given ``text`` into the text field identified by ``locator``.</doc>
<arguments>
<arg>id:txtEmail</arg>
<arg>${email}</arg>
</arguments>
<msg timestamp="20200905 17:27:36.869" level="INFO">Typing text 'admin@zepalheta.com.br' into text field 'id:txtEmail'.</msg>
<status status="PASS" starttime="20200905 17:27:36.868" endtime="20200905 17:27:37.551"></status>
</kw>
<kw name="Input Text" library="SeleniumLibrary">
<doc>Types the given ``text`` into the text field identified by ``locator``.</doc>
<arguments>
<arg>css:input[placeholder=Senha]</arg>
<arg>${password}</arg>
</arguments>
<msg timestamp="20200905 17:27:37.553" level="INFO">Typing text 'pwd123' into text field 'css:input[placeholder=Senha]'.</msg>
<status status="PASS" starttime="20200905 17:27:37.551" endtime="20200905 17:27:37.636"></status>
</kw>
<kw name="Click Element" library="SeleniumLibrary">
<doc>Click the element identified by ``locator``.</doc>
<arguments>
<arg>xpath://button[text()='Entrar']</arg>
</arguments>
<msg timestamp="20200905 17:27:37.636" level="INFO">Clicking element 'xpath://button[text()='Entrar']'.</msg>
<status status="PASS" starttime="20200905 17:27:37.636" endtime="20200905 17:27:37.686"></status>
</kw>
<status status="PASS" starttime="20200905 17:27:36.867" endtime="20200905 17:27:37.686"></status>
</kw>
<status status="PASS" starttime="20200905 17:27:36.866" endtime="20200905 17:27:37.687"></status>
</kw>
<kw name="Devo ver a área logada" library="kws">
<kw name="Wait Until Page Contains" library="SeleniumLibrary">
<doc>Waits until ``text`` appears on the current page.</doc>
<arguments>
<arg>Aluguéis</arg>
<arg>5</arg>
</arguments>
<status status="PASS" starttime="20200905 17:27:37.688" endtime="20200905 17:27:37.908"></status>
</kw>
<status status="PASS" starttime="20200905 17:27:37.687" endtime="20200905 17:27:37.908"></status>
</kw>
<kw name="Finish Session" library="hooks" type="teardown">
<kw name="Close Browser" library="SeleniumLibrary">
<doc>Closes the current browser.</doc>
<status status="PASS" starttime="20200905 17:27:37.909" endtime="20200905 17:27:41.130"></status>
</kw>
<status status="PASS" starttime="20200905 17:27:37.909" endtime="20200905 17:27:41.130"></status>
</kw>
<tags>
<tag>smoke</tag>
</tags>
<status status="PASS" starttime="20200905 17:27:30.542" endtime="20200905 17:27:41.131" critical="yes"></status>
</test>
<doc>Login</doc>
<status status="PASS" starttime="20200905 17:27:30.532" endtime="20200905 17:27:41.133"></status>
</suite>
<status status="PASS" starttime="20200905 17:27:19.182" endtime="20200905 17:27:41.136"></status>
</suite>
<statistics>
<total>
<stat pass="2" fail="0">Critical Tests</stat>
<stat pass="2" fail="0">All Tests</stat>
</total>
<tag>
<stat pass="2" fail="0">smoke</stat>
</tag>
<suite>
<stat pass="2" fail="0" id="s1" name="Tests">Tests</stat>
<stat pass="1" fail="0" id="s1-s1" name="Cadastro Clientes">Tests.Cadastro Clientes</stat>
<stat pass="1" fail="0" id="s1-s2" name="Login">Tests.Login</stat>
</suite>
</statistics>
<errors>
</errors>
</robot>
